{"C:\\Users\\user\\Desktop\\aaaaa\\src\\app\\layout.tsx": {"path":"C:\\Users\\user\\Desktop\\aaaaa\\src\\app\\layout.tsx","statementMap":{"0":{"start":{"line":18,"column":24},"end":{"line":18,"column":35}},"1":{"start":{"line":13,"column":13},"end":{"line":13,"column":21}},"2":{"start":{"line":1,"column":25},"end":{"line":1,"column":null}},"3":{"start":{"line":2,"column":22},"end":{"line":2,"column":null}},"4":{"start":{"line":3,"column":30},"end":{"line":3,"column":null}},"5":{"start":{"line":4,"column":30},"end":{"line":4,"column":null}},"6":{"start":{"line":5,"column":20},"end":{"line":5,"column":null}},"7":{"start":{"line":6,"column":7},"end":{"line":6,"column":null}},"8":{"start":{"line":7,"column":22},"end":{"line":7,"column":null}},"9":{"start":{"line":8,"column":23},"end":{"line":8,"column":null}},"10":{"start":{"line":9,"column":19},"end":{"line":9,"column":null}},"11":{"start":{"line":11,"column":14},"end":{"line":11,"column":null}},"12":{"start":{"line":13,"column":24},"end":{"line":16,"column":null}}},"fnMap":{"0":{"name":"RootLayout","decl":{"start":{"line":18,"column":24},"end":{"line":18,"column":35}},"loc":{"start":{"line":22,"column":1},"end":{"line":44,"column":1}}}},"branchMap":{},"s":{"0":0,"1":0,"2":0,"3":0,"4":0,"5":0,"6":0,"7":0,"8":0,"9":0,"10":0,"11":0,"12":0},"f":{"0":0},"b":{}}
,"C:\\Users\\user\\Desktop\\aaaaa\\src\\app\\loading.tsx": {"path":"C:\\Users\\user\\Desktop\\aaaaa\\src\\app\\loading.tsx","statementMap":{"0":{"start":{"line":1,"column":24},"end":{"line":1,"column":null}}},"fnMap":{"0":{"name":"Loading","decl":{"start":{"line":1,"column":24},"end":{"line":1,"column":null}},"loc":{"start":{"line":1,"column":24},"end":{"line":7,"column":null}}}},"branchMap":{},"s":{"0":0},"f":{"0":0},"b":{}}
,"C:\\Users\\user\\Desktop\\aaaaa\\src\\app\\page.tsx": {"path":"C:\\Users\\user\\Desktop\\aaaaa\\src\\app\\page.tsx","statementMap":{"0":{"start":{"line":90,"column":30},"end":{"line":90,"column":null}},"1":{"start":{"line":2,"column":17},"end":{"line":2,"column":null}},"2":{"start":{"line":3,"column":25},"end":{"line":3,"column":null}},"3":{"start":{"line":4,"column":29},"end":{"line":4,"column":null}},"4":{"start":{"line":7,"column":25},"end":{"line":7,"column":null}},"5":{"start":{"line":8,"column":37},"end":{"line":8,"column":null}},"6":{"start":{"line":9,"column":23},"end":{"line":9,"column":null}},"7":{"start":{"line":11,"column":26},"end":{"line":28,"column":null}},"8":{"start":{"line":11,"column":73},"end":{"line":28,"column":null}},"9":{"start":{"line":31,"column":19},"end":{"line":31,"column":null}},"10":{"start":{"line":32,"column":2},"end":{"line":32,"column":null}},"11":{"start":{"line":35,"column":19},"end":{"line":44,"column":null}},"12":{"start":{"line":50,"column":8},"end":{"line":51,"column":null}},"13":{"start":{"line":74,"column":8},"end":{"line":74,"column":40}},"14":{"start":{"line":84,"column":8},"end":{"line":84,"column":null}},"15":{"start":{"line":91,"column":20},"end":{"line":91,"column":null}}},"fnMap":{"0":{"name":"(anonymous_2)","decl":{"start":{"line":11,"column":26},"end":{"line":11,"column":27}},"loc":{"start":{"line":11,"column":73},"end":{"line":28,"column":null}}},"1":{"name":"getLatestCampaigns","decl":{"start":{"line":30,"column":15},"end":{"line":30,"column":null}},"loc":{"start":{"line":30,"column":15},"end":{"line":33,"column":null}}},"2":{"name":"CategoryGrid","decl":{"start":{"line":46,"column":9},"end":{"line":46,"column":null}},"loc":{"start":{"line":46,"column":9},"end":{"line":68,"column":null}}},"3":{"name":"(anonymous_5)","decl":{"start":{"line":49,"column":22},"end":{"line":49,"column":23}},"loc":{"start":{"line":50,"column":8},"end":{"line":51,"column":null}}},"4":{"name":"CampaignGrid","decl":{"start":{"line":70,"column":9},"end":{"line":70,"column":22}},"loc":{"start":{"line":70,"column":71},"end":{"line":78,"column":null}}},"5":{"name":"(anonymous_7)","decl":{"start":{"line":73,"column":21},"end":{"line":73,"column":22}},"loc":{"start":{"line":74,"column":8},"end":{"line":74,"column":40}}},"6":{"name":"CampaignGridSkeleton","decl":{"start":{"line":80,"column":9},"end":{"line":80,"column":null}},"loc":{"start":{"line":80,"column":9},"end":{"line":88,"column":null}}},"7":{"name":"(anonymous_9)","decl":{"start":{"line":83,"column":37},"end":{"line":83,"column":38}},"loc":{"start":{"line":84,"column":8},"end":{"line":84,"column":null}}},"8":{"name":"Home","decl":{"start":{"line":90,"column":30},"end":{"line":90,"column":null}},"loc":{"start":{"line":90,"column":30},"end":{"line":121,"column":null}}}},"branchMap":{"0":{"loc":{"start":{"line":13,"column":12},"end":{"line":13,"column":null}},"type":"binary-expr","locations":[{"start":{"line":13,"column":12},"end":{"line":13,"column":44}},{"start":{"line":13,"column":44},"end":{"line":13,"column":null}}]},"1":{"loc":{"start":{"line":16,"column":11},"end":{"line":16,"column":null}},"type":"binary-expr","locations":[{"start":{"line":16,"column":11},"end":{"line":16,"column":41}},{"start":{"line":16,"column":41},"end":{"line":16,"column":null}}]},"2":{"loc":{"start":{"line":20,"column":10},"end":{"line":20,"column":null}},"type":"binary-expr","locations":[{"start":{"line":20,"column":10},"end":{"line":20,"column":25}},{"start":{"line":20,"column":29},"end":{"line":20,"column":null}}]},"3":{"loc":{"start":{"line":23,"column":12},"end":{"line":27,"column":null}},"type":"cond-expr","locations":[{"start":{"line":23,"column":32},"end":{"line":27,"column":6}},{"start":{"line":27,"column":6},"end":{"line":27,"column":null}}]}},"s":{"0":0,"1":0,"2":0,"3":0,"4":0,"5":0,"6":0,"7":0,"8":0,"9":0,"10":0,"11":0,"12":0,"13":0,"14":0,"15":0},"f":{"0":0,"1":0,"2":0,"3":0,"4":0,"5":0,"6":0,"7":0,"8":0},"b":{"0":[0,0],"1":[0,0],"2":[0,0],"3":[0,0]}}
,"C:\\Users\\user\\Desktop\\aaaaa\\src\\app\\robots.ts": {"path":"C:\\Users\\user\\Desktop\\aaaaa\\src\\app\\robots.ts","statementMap":{"0":{"start":{"line":3,"column":24},"end":{"line":3,"column":null}},"1":{"start":{"line":4,"column":18},"end":{"line":4,"column":null}},"2":{"start":{"line":6,"column":2},"end":{"line":18,"column":null}}},"fnMap":{"0":{"name":"robots","decl":{"start":{"line":3,"column":24},"end":{"line":3,"column":null}},"loc":{"start":{"line":3,"column":24},"end":{"line":19,"column":null}}}},"branchMap":{"0":{"loc":{"start":{"line":4,"column":18},"end":{"line":4,"column":null}},"type":"binary-expr","locations":[{"start":{"line":4,"column":18},"end":{"line":4,"column":50}},{"start":{"line":4,"column":54},"end":{"line":4,"column":null}}]}},"s":{"0":0,"1":0,"2":0},"f":{"0":0},"b":{"0":[0,0]}}
,"C:\\Users\\user\\Desktop\\aaaaa\\src\\app\\sitemap.ts": {"path":"C:\\Users\\user\\Desktop\\aaaaa\\src\\app\\sitemap.ts","statementMap":{"0":{"start":{"line":4,"column":30},"end":{"line":4,"column":null}},"1":{"start":{"line":2,"column":29},"end":{"line":2,"column":null}},"2":{"start":{"line":5,"column":18},"end":{"line":5,"column":null}},"3":{"start":{"line":8,"column":17},"end":{"line":20,"column":null}},"4":{"start":{"line":15,"column":20},"end":{"line":20,"column":null}},"5":{"start":{"line":23,"column":2},"end":{"line":36,"column":null}},"6":{"start":{"line":24,"column":26},"end":{"line":24,"column":null}},"7":{"start":{"line":25,"column":27},"end":{"line":30,"column":null}},"8":{"start":{"line":25,"column":56},"end":{"line":30,"column":null}},"9":{"start":{"line":32,"column":4},"end":{"line":32,"column":null}},"10":{"start":{"line":34,"column":4},"end":{"line":34,"column":null}},"11":{"start":{"line":35,"column":4},"end":{"line":35,"column":null}}},"fnMap":{"0":{"name":"sitemap","decl":{"start":{"line":4,"column":30},"end":{"line":4,"column":null}},"loc":{"start":{"line":4,"column":30},"end":{"line":37,"column":null}}},"1":{"name":"(anonymous_2)","decl":{"start":{"line":15,"column":8},"end":{"line":15,"column":9}},"loc":{"start":{"line":15,"column":20},"end":{"line":20,"column":null}}},"2":{"name":"(anonymous_3)","decl":{"start":{"line":25,"column":41},"end":{"line":25,"column":42}},"loc":{"start":{"line":25,"column":56},"end":{"line":30,"column":null}}}},"branchMap":{"0":{"loc":{"start":{"line":5,"column":18},"end":{"line":5,"column":null}},"type":"binary-expr","locations":[{"start":{"line":5,"column":18},"end":{"line":5,"column":50}},{"start":{"line":5,"column":54},"end":{"line":5,"column":null}}]},"1":{"loc":{"start":{"line":19,"column":14},"end":{"line":19,"column":null}},"type":"cond-expr","locations":[{"start":{"line":19,"column":29},"end":{"line":19,"column":33}},{"start":{"line":19,"column":33},"end":{"line":19,"column":null}}]}},"s":{"0":0,"1":0,"2":0,"3":0,"4":0,"5":0,"6":0,"7":0,"8":0,"9":0,"10":0,"11":0},"f":{"0":0,"1":0,"2":0},"b":{"0":[0,0],"1":[0,0]}}
,"C:\\Users\\user\\Desktop\\aaaaa\\src\\app\\(auth)\\login\\page.tsx": {"path":"C:\\Users\\user\\Desktop\\aaaaa\\src\\app\\(auth)\\login\\page.tsx","statementMap":{"0":{"start":{"line":8,"column":24},"end":{"line":8,"column":null}},"1":{"start":{"line":3,"column":25},"end":{"line":3,"column":null}},"2":{"start":{"line":4,"column":26},"end":{"line":4,"column":null}},"3":{"start":{"line":5,"column":23},"end":{"line":5,"column":null}},"4":{"start":{"line":6,"column":17},"end":{"line":6,"column":null}},"5":{"start":{"line":9,"column":19},"end":{"line":9,"column":null}},"6":{"start":{"line":10,"column":36},"end":{"line":13,"column":null}},"7":{"start":{"line":14,"column":30},"end":{"line":14,"column":null}},"8":{"start":{"line":15,"column":38},"end":{"line":15,"column":null}},"9":{"start":{"line":17,"column":25},"end":{"line":22,"column":null}},"10":{"start":{"line":18,"column":8},"end":{"line":21,"column":null}},"11":{"start":{"line":24,"column":25},"end":{"line":47,"column":null}},"12":{"start":{"line":25,"column":8},"end":{"line":25,"column":null}},"13":{"start":{"line":26,"column":8},"end":{"line":26,"column":null}},"14":{"start":{"line":27,"column":8},"end":{"line":27,"column":null}},"15":{"start":{"line":29,"column":8},"end":{"line":46,"column":null}},"16":{"start":{"line":30,"column":27},"end":{"line":34,"column":null}},"17":{"start":{"line":36,"column":12},"end":{"line":38,"column":null}},"18":{"start":{"line":37,"column":16},"end":{"line":37,"column":null}},"19":{"start":{"line":40,"column":12},"end":{"line":40,"column":null}},"20":{"start":{"line":41,"column":12},"end":{"line":41,"column":null}},"21":{"start":{"line":43,"column":12},"end":{"line":43,"column":null}},"22":{"start":{"line":45,"column":12},"end":{"line":45,"column":null}}},"fnMap":{"0":{"name":"LoginPage","decl":{"start":{"line":8,"column":24},"end":{"line":8,"column":null}},"loc":{"start":{"line":8,"column":24},"end":{"line":113,"column":null}}},"1":{"name":"(anonymous_3)","decl":{"start":{"line":17,"column":25},"end":{"line":17,"column":26}},"loc":{"start":{"line":17,"column":26},"end":{"line":22,"column":null}}},"2":{"name":"(anonymous_4)","decl":{"start":{"line":24,"column":25},"end":{"line":24,"column":32}},"loc":{"start":{"line":24,"column":32},"end":{"line":47,"column":null}}}},"branchMap":{"0":{"loc":{"start":{"line":36,"column":12},"end":{"line":38,"column":null}},"type":"if","locations":[{"start":{"line":36,"column":12},"end":{"line":38,"column":null}}]},"1":{"loc":{"start":{"line":43,"column":21},"end":{"line":43,"column":null}},"type":"cond-expr","locations":[{"start":{"line":43,"column":44},"end":{"line":43,"column":55}},{"start":{"line":43,"column":58},"end":{"line":43,"column":null}}]},"2":{"loc":{"start":{"line":58,"column":21},"end":{"line":58,"column":null}},"type":"binary-expr","locations":[{"start":{"line":58,"column":21},"end":{"line":58,"column":null}}]},"3":{"loc":{"start":{"line":100,"column":29},"end":{"line":100,"column":null}},"type":"cond-expr","locations":[{"start":{"line":100,"column":41},"end":{"line":100,"column":54}},{"start":{"line":100,"column":54},"end":{"line":100,"column":null}}]}},"s":{"0":0,"1":0,"2":0,"3":0,"4":0,"5":0,"6":0,"7":0,"8":0,"9":0,"10":0,"11":0,"12":0,"13":0,"14":0,"15":0,"16":0,"17":0,"18":0,"19":0,"20":0,"21":0,"22":0},"f":{"0":0,"1":0,"2":0},"b":{"0":[0],"1":[0,0],"2":[0],"3":[0,0]}}
,"C:\\Users\\user\\Desktop\\aaaaa\\src\\app\\(auth)\\register\\page.tsx": {"path":"C:\\Users\\user\\Desktop\\aaaaa\\src\\app\\(auth)\\register\\page.tsx","statementMap":{"0":{"start":{"line":7,"column":24},"end":{"line":7,"column":null}},"1":{"start":{"line":3,"column":25},"end":{"line":3,"column":null}},"2":{"start":{"line":4,"column":26},"end":{"line":4,"column":null}},"3":{"start":{"line":5,"column":17},"end":{"line":5,"column":null}},"4":{"start":{"line":8,"column":19},"end":{"line":8,"column":null}},"5":{"start":{"line":9,"column":36},"end":{"line":13,"column":null}},"6":{"start":{"line":14,"column":30},"end":{"line":14,"column":null}},"7":{"start":{"line":16,"column":25},"end":{"line":21,"column":null}},"8":{"start":{"line":17,"column":8},"end":{"line":20,"column":null}},"9":{"start":{"line":23,"column":25},"end":{"line":51,"column":null}},"10":{"start":{"line":24,"column":8},"end":{"line":24,"column":null}},"11":{"start":{"line":25,"column":8},"end":{"line":25,"column":null}},"12":{"start":{"line":27,"column":8},"end":{"line":50,"column":null}},"13":{"start":{"line":28,"column":29},"end":{"line":34,"column":null}},"14":{"start":{"line":36,"column":25},"end":{"line":36,"column":null}},"15":{"start":{"line":38,"column":12},"end":{"line":40,"column":null}},"16":{"start":{"line":39,"column":16},"end":{"line":39,"column":null}},"17":{"start":{"line":43,"column":12},"end":{"line":43,"column":null}},"18":{"start":{"line":44,"column":12},"end":{"line":44,"column":null}},"19":{"start":{"line":47,"column":12},"end":{"line":47,"column":null}},"20":{"start":{"line":49,"column":12},"end":{"line":49,"column":null}}},"fnMap":{"0":{"name":"RegisterPage","decl":{"start":{"line":7,"column":24},"end":{"line":7,"column":null}},"loc":{"start":{"line":7,"column":24},"end":{"line":127,"column":null}}},"1":{"name":"(anonymous_3)","decl":{"start":{"line":16,"column":25},"end":{"line":16,"column":26}},"loc":{"start":{"line":16,"column":26},"end":{"line":21,"column":null}}},"2":{"name":"(anonymous_4)","decl":{"start":{"line":23,"column":25},"end":{"line":23,"column":32}},"loc":{"start":{"line":23,"column":32},"end":{"line":51,"column":null}}}},"branchMap":{"0":{"loc":{"start":{"line":38,"column":12},"end":{"line":40,"column":null}},"type":"if","locations":[{"start":{"line":38,"column":12},"end":{"line":40,"column":null}}]},"1":{"loc":{"start":{"line":39,"column":32},"end":{"line":39,"column":null}},"type":"binary-expr","locations":[{"start":{"line":39,"column":32},"end":{"line":39,"column":44}},{"start":{"line":39,"column":48},"end":{"line":39,"column":null}}]},"2":{"loc":{"start":{"line":49,"column":21},"end":{"line":49,"column":null}},"type":"cond-expr","locations":[{"start":{"line":49,"column":44},"end":{"line":49,"column":55}},{"start":{"line":49,"column":58},"end":{"line":49,"column":null}}]},"3":{"loc":{"start":{"line":62,"column":21},"end":{"line":62,"column":null}},"type":"binary-expr","locations":[{"start":{"line":62,"column":21},"end":{"line":62,"column":null}}]}},"s":{"0":0,"1":0,"2":0,"3":0,"4":0,"5":0,"6":0,"7":0,"8":0,"9":0,"10":0,"11":0,"12":0,"13":0,"14":0,"15":0,"16":0,"17":0,"18":0,"19":0,"20":0},"f":{"0":0,"1":0,"2":0},"b":{"0":[0],"1":[0,0],"2":[0,0],"3":[0]}}
,"C:\\Users\\user\\Desktop\\aaaaa\\src\\app\\admin\\layout.tsx": {"path":"C:\\Users\\user\\Desktop\\aaaaa\\src\\app\\admin\\layout.tsx","statementMap":{"0":{"start":{"line":9,"column":24},"end":{"line":9,"column":36}},"1":{"start":{"line":3,"column":18},"end":{"line":3,"column":null}},"2":{"start":{"line":4,"column":24},"end":{"line":4,"column":null}},"3":{"start":{"line":5,"column":39},"end":{"line":5,"column":null}},"4":{"start":{"line":7,"column":21},"end":{"line":7,"column":null}},"5":{"start":{"line":14,"column":41},"end":{"line":14,"column":null}},"6":{"start":{"line":15,"column":19},"end":{"line":15,"column":null}},"7":{"start":{"line":16,"column":21},"end":{"line":16,"column":null}},"8":{"start":{"line":18,"column":4},"end":{"line":27,"column":null}},"9":{"start":{"line":20,"column":8},"end":{"line":26,"column":null}},"10":{"start":{"line":21,"column":12},"end":{"line":25,"column":null}},"11":{"start":{"line":22,"column":16},"end":{"line":22,"column":null}},"12":{"start":{"line":23,"column":19},"end":{"line":25,"column":null}},"13":{"start":{"line":24,"column":16},"end":{"line":24,"column":34}},"14":{"start":{"line":30,"column":4},"end":{"line":32,"column":null}}},"fnMap":{"0":{"name":"AdminLayout","decl":{"start":{"line":9,"column":24},"end":{"line":9,"column":36}},"loc":{"start":{"line":13,"column":1},"end":{"line":44,"column":null}}},"1":{"name":"(anonymous_6)","decl":{"start":{"line":18,"column":14},"end":{"line":18,"column":null}},"loc":{"start":{"line":18,"column":14},"end":{"line":27,"column":7}}}},"branchMap":{"0":{"loc":{"start":{"line":20,"column":8},"end":{"line":26,"column":null}},"type":"if","locations":[{"start":{"line":20,"column":8},"end":{"line":26,"column":null}}]},"1":{"loc":{"start":{"line":21,"column":12},"end":{"line":25,"column":null}},"type":"if","locations":[{"start":{"line":21,"column":12},"end":{"line":25,"column":null}},{"start":{"line":23,"column":19},"end":{"line":25,"column":null}}]},"2":{"loc":{"start":{"line":23,"column":19},"end":{"line":25,"column":null}},"type":"if","locations":[{"start":{"line":23,"column":19},"end":{"line":25,"column":null}}]},"3":{"loc":{"start":{"line":30,"column":4},"end":{"line":32,"column":null}},"type":"if","locations":[{"start":{"line":30,"column":4},"end":{"line":32,"column":null}}]}},"s":{"0":0,"1":0,"2":0,"3":0,"4":0,"5":0,"6":0,"7":0,"8":0,"9":0,"10":0,"11":0,"12":0,"13":0,"14":0},"f":{"0":0,"1":0},"b":{"0":[0],"1":[0,0],"2":[0],"3":[0]}}
,"C:\\Users\\user\\Desktop\\aaaaa\\src\\app\\admin\\campaigns\\page.tsx": {"path":"C:\\Users\\user\\Desktop\\aaaaa\\src\\app\\admin\\campaigns\\page.tsx","statementMap":{"0":{"start":{"line":15,"column":24},"end":{"line":15,"column":null}},"1":{"start":{"line":3,"column":43},"end":{"line":3,"column":null}},"2":{"start":{"line":4,"column":50},"end":{"line":4,"column":null}},"3":{"start":{"line":6,"column":17},"end":{"line":6,"column":null}},"4":{"start":{"line":16,"column":28},"end":{"line":21,"column":null}},"5":{"start":{"line":22,"column":38},"end":{"line":22,"column":null}},"6":{"start":{"line":23,"column":30},"end":{"line":23,"column":null}},"7":{"start":{"line":24,"column":42},"end":{"line":24,"column":null}},"8":{"start":{"line":25,"column":48},"end":{"line":25,"column":null}},"9":{"start":{"line":27,"column":27},"end":{"line":38,"column":null}},"10":{"start":{"line":28,"column":8},"end":{"line":37,"column":null}},"11":{"start":{"line":29,"column":12},"end":{"line":29,"column":null}},"12":{"start":{"line":30,"column":29},"end":{"line":30,"column":null}},"13":{"start":{"line":31,"column":12},"end":{"line":31,"column":null}},"14":{"start":{"line":33,"column":12},"end":{"line":33,"column":null}},"15":{"start":{"line":34,"column":12},"end":{"line":34,"column":null}},"16":{"start":{"line":36,"column":12},"end":{"line":36,"column":null}},"17":{"start":{"line":40,"column":4},"end":{"line":42,"column":null}},"18":{"start":{"line":41,"column":8},"end":{"line":41,"column":null}},"19":{"start":{"line":44,"column":25},"end":{"line":56,"column":null}},"20":{"start":{"line":45,"column":8},"end":{"line":47,"column":null}},"21":{"start":{"line":46,"column":12},"end":{"line":46,"column":null}},"22":{"start":{"line":49,"column":8},"end":{"line":55,"column":null}},"23":{"start":{"line":50,"column":12},"end":{"line":50,"column":null}},"24":{"start":{"line":51,"column":12},"end":{"line":51,"column":30}},"25":{"start":{"line":53,"column":12},"end":{"line":53,"column":null}},"26":{"start":{"line":54,"column":12},"end":{"line":54,"column":null}},"27":{"start":{"line":58,"column":31},"end":{"line":61,"column":null}},"28":{"start":{"line":59,"column":8},"end":{"line":59,"column":null}},"29":{"start":{"line":60,"column":8},"end":{"line":60,"column":27}},"30":{"start":{"line":63,"column":4},"end":{"line":69,"column":null}},"31":{"start":{"line":71,"column":4},"end":{"line":77,"column":null}},"32":{"start":{"line":131,"column":28},"end":{"line":131,"column":null}},"33":{"start":{"line":165,"column":55},"end":{"line":165,"column":null}},"34":{"start":{"line":181,"column":75},"end":{"line":181,"column":82}},"35":{"start":{"line":182,"column":28},"end":{"line":183,"column":null}},"36":{"start":{"line":184,"column":47},"end":{"line":184,"column":null}}},"fnMap":{"0":{"name":"AdminCampaigns","decl":{"start":{"line":15,"column":24},"end":{"line":15,"column":null}},"loc":{"start":{"line":15,"column":24},"end":{"line":199,"column":null}}},"1":{"name":"(anonymous_6)","decl":{"start":{"line":27,"column":27},"end":{"line":27,"column":null}},"loc":{"start":{"line":27,"column":27},"end":{"line":38,"column":null}}},"2":{"name":"(anonymous_7)","decl":{"start":{"line":40,"column":14},"end":{"line":40,"column":null}},"loc":{"start":{"line":40,"column":14},"end":{"line":42,"column":7}}},"3":{"name":"(anonymous_8)","decl":{"start":{"line":44,"column":25},"end":{"line":44,"column":32}},"loc":{"start":{"line":44,"column":32},"end":{"line":56,"column":null}}},"4":{"name":"(anonymous_9)","decl":{"start":{"line":58,"column":31},"end":{"line":58,"column":32}},"loc":{"start":{"line":58,"column":32},"end":{"line":61,"column":null}}},"5":{"name":"(anonymous_10)","decl":{"start":{"line":130,"column":44},"end":{"line":130,"column":45}},"loc":{"start":{"line":131,"column":28},"end":{"line":131,"column":null}}},"6":{"name":"(anonymous_11)","decl":{"start":{"line":165,"column":49},"end":{"line":165,"column":55}},"loc":{"start":{"line":165,"column":55},"end":{"line":165,"column":null}}},"7":{"name":"(anonymous_12)","decl":{"start":{"line":181,"column":65},"end":{"line":181,"column":66}},"loc":{"start":{"line":181,"column":75},"end":{"line":181,"column":82}}},"8":{"name":"(anonymous_13)","decl":{"start":{"line":181,"column":86},"end":{"line":181,"column":87}},"loc":{"start":{"line":182,"column":28},"end":{"line":183,"column":null}}},"9":{"name":"(anonymous_14)","decl":{"start":{"line":184,"column":41},"end":{"line":184,"column":47}},"loc":{"start":{"line":184,"column":47},"end":{"line":184,"column":null}}}},"branchMap":{"0":{"loc":{"start":{"line":33,"column":21},"end":{"line":33,"column":null}},"type":"binary-expr","locations":[{"start":{"line":33,"column":21},"end":{"line":33,"column":32}},{"start":{"line":33,"column":36},"end":{"line":33,"column":null}}]},"1":{"loc":{"start":{"line":45,"column":8},"end":{"line":47,"column":null}},"type":"if","locations":[{"start":{"line":45,"column":8},"end":{"line":47,"column":null}}]},"2":{"loc":{"start":{"line":53,"column":18},"end":{"line":53,"column":null}},"type":"binary-expr","locations":[{"start":{"line":53,"column":18},"end":{"line":53,"column":29}},{"start":{"line":53,"column":33},"end":{"line":53,"column":null}}]},"3":{"loc":{"start":{"line":63,"column":4},"end":{"line":69,"column":null}},"type":"if","locations":[{"start":{"line":63,"column":4},"end":{"line":69,"column":null}}]},"4":{"loc":{"start":{"line":71,"column":4},"end":{"line":77,"column":null}},"type":"if","locations":[{"start":{"line":71,"column":4},"end":{"line":77,"column":null}}]},"5":{"loc":{"start":{"line":140,"column":42},"end":{"line":140,"column":108}},"type":"cond-expr","locations":[{"start":{"line":140,"column":73},"end":{"line":140,"column":105}},{"start":{"line":140,"column":105},"end":{"line":140,"column":108}}]},"6":{"loc":{"start":{"line":141,"column":42},"end":{"line":141,"column":105}},"type":"cond-expr","locations":[{"start":{"line":141,"column":72},"end":{"line":141,"column":102}},{"start":{"line":141,"column":102},"end":{"line":141,"column":105}}]},"7":{"loc":{"start":{"line":142,"column":42},"end":{"line":142,"column":109}},"type":"cond-expr","locations":[{"start":{"line":142,"column":76},"end":{"line":142,"column":106}},{"start":{"line":142,"column":106},"end":{"line":142,"column":109}}]},"8":{"loc":{"start":{"line":143,"column":42},"end":{"line":143,"column":107}},"type":"cond-expr","locations":[{"start":{"line":143,"column":76},"end":{"line":143,"column":104}},{"start":{"line":143,"column":104},"end":{"line":143,"column":107}}]},"9":{"loc":{"start":{"line":145,"column":41},"end":{"line":145,"column":null}},"type":"binary-expr","locations":[{"start":{"line":145,"column":41},"end":{"line":145,"column":73}},{"start":{"line":145,"column":73},"end":{"line":145,"column":null}}]},"10":{"loc":{"start":{"line":146,"column":41},"end":{"line":146,"column":null}},"type":"binary-expr","locations":[{"start":{"line":146,"column":41},"end":{"line":146,"column":72}},{"start":{"line":146,"column":72},"end":{"line":146,"column":null}}]},"11":{"loc":{"start":{"line":147,"column":41},"end":{"line":147,"column":null}},"type":"binary-expr","locations":[{"start":{"line":147,"column":41},"end":{"line":147,"column":76}},{"start":{"line":147,"column":76},"end":{"line":147,"column":null}}]},"12":{"loc":{"start":{"line":148,"column":41},"end":{"line":148,"column":null}},"type":"binary-expr","locations":[{"start":{"line":148,"column":41},"end":{"line":148,"column":76}},{"start":{"line":148,"column":76},"end":{"line":148,"column":null}}]},"13":{"loc":{"start":{"line":178,"column":13},"end":{"line":178,"column":null}},"type":"binary-expr","locations":[{"start":{"line":178,"column":13},"end":{"line":178,"column":null}}]},"14":{"loc":{"start":{"line":186,"column":38},"end":{"line":188,"column":null}},"type":"cond-expr","locations":[{"start":{"line":187,"column":42},"end":{"line":187,"column":null}},{"start":{"line":188,"column":42},"end":{"line":188,"column":null}}]}},"s":{"0":0,"1":0,"2":0,"3":0,"4":0,"5":0,"6":0,"7":0,"8":0,"9":0,"10":0,"11":0,"12":0,"13":0,"14":0,"15":0,"16":0,"17":0,"18":0,"19":0,"20":0,"21":0,"22":0,"23":0,"24":0,"25":0,"26":0,"27":0,"28":0,"29":0,"30":0,"31":0,"32":0,"33":0,"34":0,"35":0,"36":0},"f":{"0":0,"1":0,"2":0,"3":0,"4":0,"5":0,"6":0,"7":0,"8":0,"9":0},"b":{"0":[0,0],"1":[0],"2":[0,0],"3":[0],"4":[0],"5":[0,0],"6":[0,0],"7":[0,0],"8":[0,0],"9":[0,0],"10":[0,0],"11":[0,0],"12":[0,0],"13":[0],"14":[0,0]}}
,"C:\\Users\\user\\Desktop\\aaaaa\\src\\app\\admin\\campaigns\\[id]\\edit\\page.tsx": {"path":"C:\\Users\\user\\Desktop\\aaaaa\\src\\app\\admin\\campaigns\\[id]\\edit\\page.tsx","statementMap":{"0":{"start":{"line":22,"column":24},"end":{"line":22,"column":37}},"1":{"start":{"line":3,"column":43},"end":{"line":3,"column":null}},"2":{"start":{"line":4,"column":26},"end":{"line":4,"column":null}},"3":{"start":{"line":5,"column":48},"end":{"line":5,"column":null}},"4":{"start":{"line":23,"column":19},"end":{"line":23,"column":null}},"5":{"start":{"line":24,"column":38},"end":{"line":24,"column":null}},"6":{"start":{"line":25,"column":30},"end":{"line":25,"column":null}},"7":{"start":{"line":26,"column":36},"end":{"line":38,"column":null}},"8":{"start":{"line":40,"column":4},"end":{"line":57,"column":null}},"9":{"start":{"line":41,"column":30},"end":{"line":54,"column":null}},"10":{"start":{"line":42,"column":12},"end":{"line":53,"column":null}},"11":{"start":{"line":43,"column":33},"end":{"line":43,"column":null}},"12":{"start":{"line":44,"column":16},"end":{"line":47,"column":null}},"13":{"start":{"line":49,"column":16},"end":{"line":49,"column":null}},"14":{"start":{"line":50,"column":16},"end":{"line":50,"column":null}},"15":{"start":{"line":52,"column":16},"end":{"line":52,"column":null}},"16":{"start":{"line":56,"column":8},"end":{"line":56,"column":null}},"17":{"start":{"line":59,"column":25},"end":{"line":65,"column":null}},"18":{"start":{"line":60,"column":32},"end":{"line":60,"column":40}},"19":{"start":{"line":61,"column":8},"end":{"line":64,"column":null}},"20":{"start":{"line":61,"column":29},"end":{"line":64,"column":null}},"21":{"start":{"line":67,"column":25},"end":{"line":81,"column":null}},"22":{"start":{"line":68,"column":8},"end":{"line":68,"column":null}},"23":{"start":{"line":69,"column":8},"end":{"line":69,"column":null}},"24":{"start":{"line":70,"column":8},"end":{"line":70,"column":null}},"25":{"start":{"line":72,"column":8},"end":{"line":80,"column":null}},"26":{"start":{"line":73,"column":12},"end":{"line":73,"column":null}},"27":{"start":{"line":74,"column":12},"end":{"line":74,"column":null}},"28":{"start":{"line":76,"column":12},"end":{"line":76,"column":null}},"29":{"start":{"line":77,"column":12},"end":{"line":77,"column":null}},"30":{"start":{"line":79,"column":12},"end":{"line":79,"column":null}},"31":{"start":{"line":83,"column":4},"end":{"line":89,"column":null}},"32":{"start":{"line":91,"column":4},"end":{"line":97,"column":null}},"33":{"start":{"line":293,"column":51},"end":{"line":293,"column":null}}},"fnMap":{"0":{"name":"EditCampaign","decl":{"start":{"line":22,"column":24},"end":{"line":22,"column":37}},"loc":{"start":{"line":22,"column":75},"end":{"line":312,"column":null}}},"1":{"name":"(anonymous_5)","decl":{"start":{"line":40,"column":14},"end":{"line":40,"column":null}},"loc":{"start":{"line":40,"column":14},"end":{"line":57,"column":7}}},"2":{"name":"(anonymous_6)","decl":{"start":{"line":41,"column":30},"end":{"line":41,"column":null}},"loc":{"start":{"line":41,"column":30},"end":{"line":54,"column":null}}},"3":{"name":"(anonymous_7)","decl":{"start":{"line":59,"column":25},"end":{"line":59,"column":26}},"loc":{"start":{"line":59,"column":26},"end":{"line":65,"column":null}}},"4":{"name":"(anonymous_8)","decl":{"start":{"line":61,"column":20},"end":{"line":61,"column":29}},"loc":{"start":{"line":61,"column":29},"end":{"line":64,"column":null}}},"5":{"name":"(anonymous_9)","decl":{"start":{"line":67,"column":25},"end":{"line":67,"column":32}},"loc":{"start":{"line":67,"column":32},"end":{"line":81,"column":null}}},"6":{"name":"(anonymous_10)","decl":{"start":{"line":293,"column":45},"end":{"line":293,"column":51}},"loc":{"start":{"line":293,"column":51},"end":{"line":293,"column":null}}}},"branchMap":{"0":{"loc":{"start":{"line":49,"column":25},"end":{"line":49,"column":null}},"type":"binary-expr","locations":[{"start":{"line":49,"column":25},"end":{"line":49,"column":36}},{"start":{"line":49,"column":40},"end":{"line":49,"column":null}}]},"1":{"loc":{"start":{"line":63,"column":20},"end":{"line":63,"column":null}},"type":"cond-expr","locations":[{"start":{"line":63,"column":73},"end":{"line":63,"column":89}},{"start":{"line":63,"column":89},"end":{"line":63,"column":null}}]},"2":{"loc":{"start":{"line":63,"column":20},"end":{"line":63,"column":73}},"type":"binary-expr","locations":[{"start":{"line":63,"column":20},"end":{"line":63,"column":48}},{"start":{"line":63,"column":48},"end":{"line":63,"column":73}}]},"3":{"loc":{"start":{"line":76,"column":21},"end":{"line":76,"column":null}},"type":"binary-expr","locations":[{"start":{"line":76,"column":21},"end":{"line":76,"column":32}},{"start":{"line":76,"column":36},"end":{"line":76,"column":null}}]},"4":{"loc":{"start":{"line":83,"column":4},"end":{"line":89,"column":null}},"type":"if","locations":[{"start":{"line":83,"column":4},"end":{"line":89,"column":null}}]},"5":{"loc":{"start":{"line":91,"column":4},"end":{"line":97,"column":null}},"type":"if","locations":[{"start":{"line":91,"column":4},"end":{"line":97,"column":null}}]},"6":{"loc":{"start":{"line":113,"column":33},"end":{"line":113,"column":null}},"type":"binary-expr","locations":[{"start":{"line":113,"column":33},"end":{"line":113,"column":null}}]},"7":{"loc":{"start":{"line":303,"column":37},"end":{"line":303,"column":null}},"type":"cond-expr","locations":[{"start":{"line":303,"column":49},"end":{"line":303,"column":61}},{"start":{"line":303,"column":61},"end":{"line":303,"column":null}}]}},"s":{"0":0,"1":0,"2":0,"3":0,"4":0,"5":0,"6":0,"7":0,"8":0,"9":0,"10":0,"11":0,"12":0,"13":0,"14":0,"15":0,"16":0,"17":0,"18":0,"19":0,"20":0,"21":0,"22":0,"23":0,"24":0,"25":0,"26":0,"27":0,"28":0,"29":0,"30":0,"31":0,"32":0,"33":0},"f":{"0":0,"1":0,"2":0,"3":0,"4":0,"5":0,"6":0},"b":{"0":[0,0],"1":[0,0],"2":[0,0],"3":[0,0],"4":[0],"5":[0],"6":[0],"7":[0,0]}}
,"C:\\Users\\user\\Desktop\\aaaaa\\src\\app\\admin\\campaigns\\create\\page.tsx": {"path":"C:\\Users\\user\\Desktop\\aaaaa\\src\\app\\admin\\campaigns\\create\\page.tsx","statementMap":{"0":{"start":{"line":20,"column":24},"end":{"line":20,"column":null}},"1":{"start":{"line":3,"column":32},"end":{"line":3,"column":null}},"2":{"start":{"line":4,"column":26},"end":{"line":4,"column":null}},"3":{"start":{"line":5,"column":31},"end":{"line":5,"column":null}},"4":{"start":{"line":21,"column":19},"end":{"line":21,"column":null}},"5":{"start":{"line":22,"column":38},"end":{"line":22,"column":null}},"6":{"start":{"line":23,"column":30},"end":{"line":23,"column":null}},"7":{"start":{"line":24,"column":36},"end":{"line":35,"column":null}},"8":{"start":{"line":37,"column":25},"end":{"line":43,"column":null}},"9":{"start":{"line":38,"column":32},"end":{"line":38,"column":40}},"10":{"start":{"line":39,"column":8},"end":{"line":42,"column":null}},"11":{"start":{"line":39,"column":29},"end":{"line":42,"column":null}},"12":{"start":{"line":45,"column":25},"end":{"line":59,"column":null}},"13":{"start":{"line":46,"column":8},"end":{"line":46,"column":null}},"14":{"start":{"line":47,"column":8},"end":{"line":47,"column":null}},"15":{"start":{"line":48,"column":8},"end":{"line":48,"column":null}},"16":{"start":{"line":50,"column":8},"end":{"line":58,"column":null}},"17":{"start":{"line":51,"column":12},"end":{"line":51,"column":null}},"18":{"start":{"line":52,"column":12},"end":{"line":52,"column":null}},"19":{"start":{"line":54,"column":12},"end":{"line":54,"column":null}},"20":{"start":{"line":55,"column":12},"end":{"line":55,"column":null}},"21":{"start":{"line":57,"column":12},"end":{"line":57,"column":null}},"22":{"start":{"line":253,"column":51},"end":{"line":253,"column":null}}},"fnMap":{"0":{"name":"CreateCampaign","decl":{"start":{"line":20,"column":24},"end":{"line":20,"column":null}},"loc":{"start":{"line":20,"column":24},"end":{"line":272,"column":null}}},"1":{"name":"(anonymous_5)","decl":{"start":{"line":37,"column":25},"end":{"line":37,"column":26}},"loc":{"start":{"line":37,"column":26},"end":{"line":43,"column":null}}},"2":{"name":"(anonymous_6)","decl":{"start":{"line":39,"column":20},"end":{"line":39,"column":29}},"loc":{"start":{"line":39,"column":29},"end":{"line":42,"column":null}}},"3":{"name":"(anonymous_7)","decl":{"start":{"line":45,"column":25},"end":{"line":45,"column":32}},"loc":{"start":{"line":45,"column":32},"end":{"line":59,"column":null}}},"4":{"name":"(anonymous_8)","decl":{"start":{"line":253,"column":45},"end":{"line":253,"column":51}},"loc":{"start":{"line":253,"column":51},"end":{"line":253,"column":null}}}},"branchMap":{"0":{"loc":{"start":{"line":41,"column":20},"end":{"line":41,"column":null}},"type":"cond-expr","locations":[{"start":{"line":41,"column":73},"end":{"line":41,"column":89}},{"start":{"line":41,"column":89},"end":{"line":41,"column":null}}]},"1":{"loc":{"start":{"line":41,"column":20},"end":{"line":41,"column":73}},"type":"binary-expr","locations":[{"start":{"line":41,"column":20},"end":{"line":41,"column":48}},{"start":{"line":41,"column":48},"end":{"line":41,"column":73}}]},"2":{"loc":{"start":{"line":54,"column":21},"end":{"line":54,"column":null}},"type":"binary-expr","locations":[{"start":{"line":54,"column":21},"end":{"line":54,"column":32}},{"start":{"line":54,"column":36},"end":{"line":54,"column":null}}]},"3":{"loc":{"start":{"line":75,"column":33},"end":{"line":75,"column":null}},"type":"binary-expr","locations":[{"start":{"line":75,"column":33},"end":{"line":75,"column":null}}]},"4":{"loc":{"start":{"line":263,"column":37},"end":{"line":263,"column":null}},"type":"cond-expr","locations":[{"start":{"line":263,"column":49},"end":{"line":263,"column":61}},{"start":{"line":263,"column":61},"end":{"line":263,"column":null}}]}},"s":{"0":0,"1":0,"2":0,"3":0,"4":0,"5":0,"6":0,"7":0,"8":0,"9":0,"10":0,"11":0,"12":0,"13":0,"14":0,"15":0,"16":0,"17":0,"18":0,"19":0,"20":0,"21":0,"22":0},"f":{"0":0,"1":0,"2":0,"3":0,"4":0},"b":{"0":[0,0],"1":[0,0],"2":[0,0],"3":[0],"4":[0,0]}}
,"C:\\Users\\user\\Desktop\\aaaaa\\src\\app\\admin\\dashboard\\page.tsx": {"path":"C:\\Users\\user\\Desktop\\aaaaa\\src\\app\\admin\\dashboard\\page.tsx","statementMap":{"0":{"start":{"line":14,"column":24},"end":{"line":14,"column":null}},"1":{"start":{"line":3,"column":43},"end":{"line":3,"column":null}},"2":{"start":{"line":4,"column":26},"end":{"line":4,"column":null}},"3":{"start":{"line":15,"column":32},"end":{"line":15,"column":null}},"4":{"start":{"line":16,"column":38},"end":{"line":16,"column":null}},"5":{"start":{"line":17,"column":30},"end":{"line":17,"column":null}},"6":{"start":{"line":18,"column":30},"end":{"line":23,"column":null}},"7":{"start":{"line":25,"column":4},"end":{"line":48,"column":null}},"8":{"start":{"line":26,"column":26},"end":{"line":45,"column":null}},"9":{"start":{"line":27,"column":12},"end":{"line":44,"column":null}},"10":{"start":{"line":28,"column":34},"end":{"line":28,"column":null}},"11":{"start":{"line":29,"column":16},"end":{"line":29,"column":null}},"12":{"start":{"line":33,"column":16},"end":{"line":38,"column":null}},"13":{"start":{"line":40,"column":16},"end":{"line":40,"column":null}},"14":{"start":{"line":41,"column":16},"end":{"line":41,"column":null}},"15":{"start":{"line":43,"column":16},"end":{"line":43,"column":null}},"16":{"start":{"line":47,"column":8},"end":{"line":47,"column":null}},"17":{"start":{"line":50,"column":4},"end":{"line":56,"column":null}},"18":{"start":{"line":58,"column":4},"end":{"line":64,"column":null}},"19":{"start":{"line":111,"column":36},"end":{"line":111,"column":null}}},"fnMap":{"0":{"name":"AdminDashboard","decl":{"start":{"line":14,"column":24},"end":{"line":14,"column":null}},"loc":{"start":{"line":14,"column":24},"end":{"line":130,"column":null}}},"1":{"name":"(anonymous_5)","decl":{"start":{"line":25,"column":14},"end":{"line":25,"column":null}},"loc":{"start":{"line":25,"column":14},"end":{"line":48,"column":7}}},"2":{"name":"(anonymous_6)","decl":{"start":{"line":26,"column":26},"end":{"line":26,"column":null}},"loc":{"start":{"line":26,"column":26},"end":{"line":45,"column":null}}},"3":{"name":"(anonymous_7)","decl":{"start":{"line":110,"column":44},"end":{"line":110,"column":45}},"loc":{"start":{"line":111,"column":36},"end":{"line":111,"column":null}}}},"branchMap":{"0":{"loc":{"start":{"line":40,"column":25},"end":{"line":40,"column":null}},"type":"binary-expr","locations":[{"start":{"line":40,"column":25},"end":{"line":40,"column":36}},{"start":{"line":40,"column":40},"end":{"line":40,"column":null}}]},"1":{"loc":{"start":{"line":50,"column":4},"end":{"line":56,"column":null}},"type":"if","locations":[{"start":{"line":50,"column":4},"end":{"line":56,"column":null}}]},"2":{"loc":{"start":{"line":58,"column":4},"end":{"line":64,"column":null}},"type":"if","locations":[{"start":{"line":58,"column":4},"end":{"line":64,"column":null}}]}},"s":{"0":0,"1":0,"2":0,"3":0,"4":0,"5":0,"6":0,"7":0,"8":0,"9":0,"10":0,"11":0,"12":0,"13":0,"14":0,"15":0,"16":0,"17":0,"18":0,"19":0},"f":{"0":0,"1":0,"2":0,"3":0},"b":{"0":[0,0],"1":[0],"2":[0]}}
,"C:\\Users\\user\\Desktop\\aaaaa\\src\\app\\admin\\login\\page.tsx": {"path":"C:\\Users\\user\\Desktop\\aaaaa\\src\\app\\admin\\login\\page.tsx","statementMap":{"0":{"start":{"line":8,"column":24},"end":{"line":8,"column":null}},"1":{"start":{"line":3,"column":32},"end":{"line":3,"column":null}},"2":{"start":{"line":4,"column":26},"end":{"line":4,"column":null}},"3":{"start":{"line":5,"column":24},"end":{"line":5,"column":null}},"4":{"start":{"line":6,"column":27},"end":{"line":6,"column":null}},"5":{"start":{"line":9,"column":19},"end":{"line":9,"column":null}},"6":{"start":{"line":10,"column":22},"end":{"line":10,"column":null}},"7":{"start":{"line":11,"column":36},"end":{"line":14,"column":null}},"8":{"start":{"line":15,"column":30},"end":{"line":15,"column":null}},"9":{"start":{"line":16,"column":38},"end":{"line":16,"column":null}},"10":{"start":{"line":18,"column":25},"end":{"line":33,"column":null}},"11":{"start":{"line":19,"column":8},"end":{"line":19,"column":null}},"12":{"start":{"line":20,"column":8},"end":{"line":20,"column":null}},"13":{"start":{"line":21,"column":8},"end":{"line":21,"column":null}},"14":{"start":{"line":23,"column":8},"end":{"line":32,"column":null}},"15":{"start":{"line":24,"column":29},"end":{"line":24,"column":null}},"16":{"start":{"line":25,"column":12},"end":{"line":25,"column":null}},"17":{"start":{"line":26,"column":12},"end":{"line":26,"column":null}},"18":{"start":{"line":28,"column":12},"end":{"line":28,"column":null}},"19":{"start":{"line":29,"column":12},"end":{"line":29,"column":null}},"20":{"start":{"line":31,"column":12},"end":{"line":31,"column":null}},"21":{"start":{"line":35,"column":25},"end":{"line":38,"column":null}},"22":{"start":{"line":36,"column":32},"end":{"line":36,"column":40}},"23":{"start":{"line":37,"column":8},"end":{"line":37,"column":null}},"24":{"start":{"line":37,"column":29},"end":{"line":37,"column":null}}},"fnMap":{"0":{"name":"AdminLoginPage","decl":{"start":{"line":8,"column":24},"end":{"line":8,"column":null}},"loc":{"start":{"line":8,"column":24},"end":{"line":99,"column":null}}},"1":{"name":"(anonymous_5)","decl":{"start":{"line":18,"column":25},"end":{"line":18,"column":32}},"loc":{"start":{"line":18,"column":32},"end":{"line":33,"column":null}}},"2":{"name":"(anonymous_6)","decl":{"start":{"line":35,"column":25},"end":{"line":35,"column":26}},"loc":{"start":{"line":35,"column":26},"end":{"line":38,"column":null}}},"3":{"name":"(anonymous_7)","decl":{"start":{"line":37,"column":20},"end":{"line":37,"column":29}},"loc":{"start":{"line":37,"column":29},"end":{"line":37,"column":null}}}},"branchMap":{"0":{"loc":{"start":{"line":28,"column":21},"end":{"line":28,"column":null}},"type":"binary-expr","locations":[{"start":{"line":28,"column":21},"end":{"line":28,"column":32}},{"start":{"line":28,"column":36},"end":{"line":28,"column":null}}]},"1":{"loc":{"start":{"line":80,"column":21},"end":{"line":80,"column":null}},"type":"binary-expr","locations":[{"start":{"line":80,"column":21},"end":{"line":80,"column":null}}]},"2":{"loc":{"start":{"line":92,"column":29},"end":{"line":92,"column":null}},"type":"cond-expr","locations":[{"start":{"line":92,"column":41},"end":{"line":92,"column":54}},{"start":{"line":92,"column":54},"end":{"line":92,"column":null}}]}},"s":{"0":0,"1":0,"2":0,"3":0,"4":0,"5":0,"6":0,"7":0,"8":0,"9":0,"10":0,"11":0,"12":0,"13":0,"14":0,"15":0,"16":0,"17":0,"18":0,"19":0,"20":0,"21":0,"22":0,"23":0,"24":0},"f":{"0":0,"1":0,"2":0,"3":0},"b":{"0":[0,0],"1":[0],"2":[0,0]}}
,"C:\\Users\\user\\Desktop\\aaaaa\\src\\app\\admin\\settings\\page.tsx": {"path":"C:\\Users\\user\\Desktop\\aaaaa\\src\\app\\admin\\settings\\page.tsx","statementMap":{"0":{"start":{"line":28,"column":24},"end":{"line":28,"column":null}},"1":{"start":{"line":3,"column":43},"end":{"line":3,"column":null}},"2":{"start":{"line":4,"column":54},"end":{"line":4,"column":null}},"3":{"start":{"line":29,"column":36},"end":{"line":49,"column":null}},"4":{"start":{"line":50,"column":38},"end":{"line":50,"column":null}},"5":{"start":{"line":51,"column":36},"end":{"line":51,"column":null}},"6":{"start":{"line":52,"column":30},"end":{"line":52,"column":null}},"7":{"start":{"line":53,"column":48},"end":{"line":53,"column":null}},"8":{"start":{"line":55,"column":4},"end":{"line":69,"column":null}},"9":{"start":{"line":56,"column":30},"end":{"line":66,"column":null}},"10":{"start":{"line":57,"column":12},"end":{"line":65,"column":null}},"11":{"start":{"line":58,"column":29},"end":{"line":58,"column":null}},"12":{"start":{"line":59,"column":16},"end":{"line":59,"column":null}},"13":{"start":{"line":61,"column":16},"end":{"line":61,"column":null}},"14":{"start":{"line":62,"column":16},"end":{"line":62,"column":null}},"15":{"start":{"line":64,"column":16},"end":{"line":64,"column":null}},"16":{"start":{"line":68,"column":8},"end":{"line":68,"column":null}},"17":{"start":{"line":71,"column":25},"end":{"line":86,"column":null}},"18":{"start":{"line":72,"column":8},"end":{"line":85,"column":null}},"19":{"start":{"line":73,"column":12},"end":{"line":79,"column":null}},"20":{"start":{"line":73,"column":33},"end":{"line":79,"column":null}},"21":{"start":{"line":81,"column":12},"end":{"line":84,"column":null}},"22":{"start":{"line":81,"column":33},"end":{"line":84,"column":null}},"23":{"start":{"line":88,"column":25},"end":{"line":104,"column":null}},"24":{"start":{"line":89,"column":8},"end":{"line":89,"column":null}},"25":{"start":{"line":90,"column":8},"end":{"line":90,"column":null}},"26":{"start":{"line":91,"column":8},"end":{"line":91,"column":null}},"27":{"start":{"line":92,"column":8},"end":{"line":92,"column":null}},"28":{"start":{"line":94,"column":8},"end":{"line":103,"column":null}},"29":{"start":{"line":95,"column":12},"end":{"line":95,"column":null}},"30":{"start":{"line":96,"column":12},"end":{"line":96,"column":null}},"31":{"start":{"line":97,"column":12},"end":{"line":97,"column":null}},"32":{"start":{"line":97,"column":29},"end":{"line":97,"column":52}},"33":{"start":{"line":99,"column":12},"end":{"line":99,"column":null}},"34":{"start":{"line":100,"column":12},"end":{"line":100,"column":null}},"35":{"start":{"line":102,"column":12},"end":{"line":102,"column":null}},"36":{"start":{"line":106,"column":4},"end":{"line":112,"column":null}},"37":{"start":{"line":143,"column":49},"end":{"line":143,"column":null}},"38":{"start":{"line":154,"column":49},"end":{"line":154,"column":null}},"39":{"start":{"line":167,"column":49},"end":{"line":167,"column":null}},"40":{"start":{"line":183,"column":49},"end":{"line":183,"column":null}},"41":{"start":{"line":195,"column":49},"end":{"line":195,"column":null}},"42":{"start":{"line":207,"column":49},"end":{"line":207,"column":null}},"43":{"start":{"line":226,"column":49},"end":{"line":226,"column":null}},"44":{"start":{"line":240,"column":49},"end":{"line":240,"column":null}},"45":{"start":{"line":255,"column":49},"end":{"line":255,"column":null}},"46":{"start":{"line":267,"column":49},"end":{"line":267,"column":null}},"47":{"start":{"line":283,"column":49},"end":{"line":283,"column":null}},"48":{"start":{"line":295,"column":49},"end":{"line":295,"column":null}},"49":{"start":{"line":310,"column":49},"end":{"line":310,"column":null}}},"fnMap":{"0":{"name":"AdminSettings","decl":{"start":{"line":28,"column":24},"end":{"line":28,"column":null}},"loc":{"start":{"line":28,"column":24},"end":{"line":329,"column":null}}},"1":{"name":"(anonymous_5)","decl":{"start":{"line":55,"column":14},"end":{"line":55,"column":null}},"loc":{"start":{"line":55,"column":14},"end":{"line":69,"column":7}}},"2":{"name":"(anonymous_6)","decl":{"start":{"line":56,"column":30},"end":{"line":56,"column":null}},"loc":{"start":{"line":56,"column":30},"end":{"line":66,"column":null}}},"3":{"name":"(anonymous_7)","decl":{"start":{"line":71,"column":25},"end":{"line":71,"column":26}},"loc":{"start":{"line":71,"column":71},"end":{"line":86,"column":null}}},"4":{"name":"(anonymous_8)","decl":{"start":{"line":73,"column":24},"end":{"line":73,"column":33}},"loc":{"start":{"line":73,"column":33},"end":{"line":79,"column":null}}},"5":{"name":"(anonymous_9)","decl":{"start":{"line":81,"column":24},"end":{"line":81,"column":33}},"loc":{"start":{"line":81,"column":33},"end":{"line":84,"column":null}}},"6":{"name":"(anonymous_10)","decl":{"start":{"line":88,"column":25},"end":{"line":88,"column":32}},"loc":{"start":{"line":88,"column":32},"end":{"line":104,"column":null}}},"7":{"name":"(anonymous_11)","decl":{"start":{"line":97,"column":23},"end":{"line":97,"column":29}},"loc":{"start":{"line":97,"column":29},"end":{"line":97,"column":52}}},"8":{"name":"(anonymous_12)","decl":{"start":{"line":143,"column":42},"end":{"line":143,"column":43}},"loc":{"start":{"line":143,"column":49},"end":{"line":143,"column":null}}},"9":{"name":"(anonymous_13)","decl":{"start":{"line":154,"column":42},"end":{"line":154,"column":43}},"loc":{"start":{"line":154,"column":49},"end":{"line":154,"column":null}}},"10":{"name":"(anonymous_14)","decl":{"start":{"line":167,"column":42},"end":{"line":167,"column":43}},"loc":{"start":{"line":167,"column":49},"end":{"line":167,"column":null}}},"11":{"name":"(anonymous_15)","decl":{"start":{"line":183,"column":42},"end":{"line":183,"column":43}},"loc":{"start":{"line":183,"column":49},"end":{"line":183,"column":null}}},"12":{"name":"(anonymous_16)","decl":{"start":{"line":195,"column":42},"end":{"line":195,"column":43}},"loc":{"start":{"line":195,"column":49},"end":{"line":195,"column":null}}},"13":{"name":"(anonymous_17)","decl":{"start":{"line":207,"column":42},"end":{"line":207,"column":43}},"loc":{"start":{"line":207,"column":49},"end":{"line":207,"column":null}}},"14":{"name":"(anonymous_18)","decl":{"start":{"line":226,"column":42},"end":{"line":226,"column":43}},"loc":{"start":{"line":226,"column":49},"end":{"line":226,"column":null}}},"15":{"name":"(anonymous_19)","decl":{"start":{"line":240,"column":42},"end":{"line":240,"column":43}},"loc":{"start":{"line":240,"column":49},"end":{"line":240,"column":null}}},"16":{"name":"(anonymous_20)","decl":{"start":{"line":255,"column":42},"end":{"line":255,"column":43}},"loc":{"start":{"line":255,"column":49},"end":{"line":255,"column":null}}},"17":{"name":"(anonymous_21)","decl":{"start":{"line":267,"column":42},"end":{"line":267,"column":43}},"loc":{"start":{"line":267,"column":49},"end":{"line":267,"column":null}}},"18":{"name":"(anonymous_22)","decl":{"start":{"line":283,"column":42},"end":{"line":283,"column":43}},"loc":{"start":{"line":283,"column":49},"end":{"line":283,"column":null}}},"19":{"name":"(anonymous_23)","decl":{"start":{"line":295,"column":42},"end":{"line":295,"column":43}},"loc":{"start":{"line":295,"column":49},"end":{"line":295,"column":null}}},"20":{"name":"(anonymous_24)","decl":{"start":{"line":310,"column":42},"end":{"line":310,"column":43}},"loc":{"start":{"line":310,"column":49},"end":{"line":310,"column":null}}}},"branchMap":{"0":{"loc":{"start":{"line":61,"column":25},"end":{"line":61,"column":null}},"type":"binary-expr","locations":[{"start":{"line":61,"column":25},"end":{"line":61,"column":36}},{"start":{"line":61,"column":40},"end":{"line":61,"column":null}}]},"1":{"loc":{"start":{"line":72,"column":8},"end":{"line":85,"column":null}},"type":"if","locations":[{"start":{"line":72,"column":8},"end":{"line":85,"column":null}},{"start":{"line":80,"column":15},"end":{"line":85,"column":null}}]},"2":{"loc":{"start":{"line":72,"column":12},"end":{"line":72,"column":119}},"type":"binary-expr","locations":[{"start":{"line":72,"column":12},"end":{"line":72,"column":51}},{"start":{"line":72,"column":51},"end":{"line":72,"column":86}},{"start":{"line":72,"column":86},"end":{"line":72,"column":119}}]},"3":{"loc":{"start":{"line":99,"column":21},"end":{"line":99,"column":null}},"type":"binary-expr","locations":[{"start":{"line":99,"column":21},"end":{"line":99,"column":32}},{"start":{"line":99,"column":36},"end":{"line":99,"column":null}}]},"4":{"loc":{"start":{"line":106,"column":4},"end":{"line":112,"column":null}},"type":"if","locations":[{"start":{"line":106,"column":4},"end":{"line":112,"column":null}}]},"5":{"loc":{"start":{"line":119,"column":17},"end":{"line":119,"column":null}},"type":"binary-expr","locations":[{"start":{"line":119,"column":17},"end":{"line":119,"column":null}}]},"6":{"loc":{"start":{"line":125,"column":17},"end":{"line":125,"column":null}},"type":"binary-expr","locations":[{"start":{"line":125,"column":17},"end":{"line":125,"column":null}}]},"7":{"loc":{"start":{"line":323,"column":25},"end":{"line":323,"column":null}},"type":"cond-expr","locations":[{"start":{"line":323,"column":36},"end":{"line":323,"column":48}},{"start":{"line":323,"column":48},"end":{"line":323,"column":null}}]}},"s":{"0":0,"1":0,"2":0,"3":0,"4":0,"5":0,"6":0,"7":0,"8":0,"9":0,"10":0,"11":0,"12":0,"13":0,"14":0,"15":0,"16":0,"17":0,"18":0,"19":0,"20":0,"21":0,"22":0,"23":0,"24":0,"25":0,"26":0,"27":0,"28":0,"29":0,"30":0,"31":0,"32":0,"33":0,"34":0,"35":0,"36":0,"37":0,"38":0,"39":0,"40":0,"41":0,"42":0,"43":0,"44":0,"45":0,"46":0,"47":0,"48":0,"49":0},"f":{"0":0,"1":0,"2":0,"3":0,"4":0,"5":0,"6":0,"7":0,"8":0,"9":0,"10":0,"11":0,"12":0,"13":0,"14":0,"15":0,"16":0,"17":0,"18":0,"19":0,"20":0},"b":{"0":[0,0],"1":[0,0],"2":[0,0,0],"3":[0,0],"4":[0],"5":[0],"6":[0],"7":[0,0]}}
,"C:\\Users\\user\\Desktop\\aaaaa\\src\\app\\admin\\users\\page.tsx": {"path":"C:\\Users\\user\\Desktop\\aaaaa\\src\\app\\admin\\users\\page.tsx","statementMap":{"0":{"start":{"line":21,"column":24},"end":{"line":21,"column":null}},"1":{"start":{"line":3,"column":43},"end":{"line":3,"column":null}},"2":{"start":{"line":4,"column":63},"end":{"line":4,"column":null}},"3":{"start":{"line":22,"column":28},"end":{"line":27,"column":null}},"4":{"start":{"line":28,"column":30},"end":{"line":33,"column":null}},"5":{"start":{"line":34,"column":38},"end":{"line":34,"column":null}},"6":{"start":{"line":35,"column":30},"end":{"line":35,"column":null}},"7":{"start":{"line":36,"column":42},"end":{"line":36,"column":null}},"8":{"start":{"line":37,"column":40},"end":{"line":37,"column":null}},"9":{"start":{"line":38,"column":44},"end":{"line":38,"column":null}},"10":{"start":{"line":39,"column":48},"end":{"line":39,"column":null}},"11":{"start":{"line":41,"column":22},"end":{"line":56,"column":null}},"12":{"start":{"line":42,"column":8},"end":{"line":55,"column":null}},"13":{"start":{"line":43,"column":12},"end":{"line":43,"column":null}},"14":{"start":{"line":44,"column":51},"end":{"line":47,"column":null}},"15":{"start":{"line":48,"column":12},"end":{"line":48,"column":null}},"16":{"start":{"line":49,"column":12},"end":{"line":49,"column":null}},"17":{"start":{"line":51,"column":12},"end":{"line":51,"column":null}},"18":{"start":{"line":52,"column":12},"end":{"line":52,"column":null}},"19":{"start":{"line":54,"column":12},"end":{"line":54,"column":null}},"20":{"start":{"line":58,"column":4},"end":{"line":60,"column":null}},"21":{"start":{"line":59,"column":8},"end":{"line":59,"column":null}},"22":{"start":{"line":62,"column":25},"end":{"line":66,"column":null}},"23":{"start":{"line":63,"column":8},"end":{"line":63,"column":null}},"24":{"start":{"line":64,"column":8},"end":{"line":64,"column":null}},"25":{"start":{"line":65,"column":8},"end":{"line":65,"column":null}},"26":{"start":{"line":68,"column":31},"end":{"line":80,"column":null}},"27":{"start":{"line":69,"column":8},"end":{"line":71,"column":null}},"28":{"start":{"line":70,"column":12},"end":{"line":70,"column":null}},"29":{"start":{"line":73,"column":8},"end":{"line":79,"column":null}},"30":{"start":{"line":74,"column":12},"end":{"line":74,"column":null}},"31":{"start":{"line":75,"column":12},"end":{"line":75,"column":null}},"32":{"start":{"line":77,"column":12},"end":{"line":77,"column":null}},"33":{"start":{"line":78,"column":12},"end":{"line":78,"column":null}},"34":{"start":{"line":82,"column":29},"end":{"line":94,"column":null}},"35":{"start":{"line":83,"column":8},"end":{"line":85,"column":null}},"36":{"start":{"line":84,"column":12},"end":{"line":84,"column":null}},"37":{"start":{"line":87,"column":8},"end":{"line":93,"column":null}},"38":{"start":{"line":88,"column":12},"end":{"line":88,"column":null}},"39":{"start":{"line":89,"column":12},"end":{"line":89,"column":null}},"40":{"start":{"line":91,"column":12},"end":{"line":91,"column":null}},"41":{"start":{"line":92,"column":12},"end":{"line":92,"column":null}},"42":{"start":{"line":96,"column":25},"end":{"line":108,"column":null}},"43":{"start":{"line":97,"column":8},"end":{"line":99,"column":null}},"44":{"start":{"line":98,"column":12},"end":{"line":98,"column":null}},"45":{"start":{"line":101,"column":8},"end":{"line":107,"column":null}},"46":{"start":{"line":102,"column":12},"end":{"line":102,"column":null}},"47":{"start":{"line":103,"column":12},"end":{"line":103,"column":null}},"48":{"start":{"line":105,"column":12},"end":{"line":105,"column":null}},"49":{"start":{"line":106,"column":12},"end":{"line":106,"column":null}},"50":{"start":{"line":110,"column":4},"end":{"line":116,"column":null}},"51":{"start":{"line":118,"column":4},"end":{"line":124,"column":null}},"52":{"start":{"line":157,"column":45},"end":{"line":157,"column":null}},"53":{"start":{"line":163,"column":45},"end":{"line":163,"column":null}},"54":{"start":{"line":172,"column":45},"end":{"line":172,"column":null}},"55":{"start":{"line":217,"column":28},"end":{"line":217,"column":null}},"56":{"start":{"line":227,"column":57},"end":{"line":227,"column":null}},"57":{"start":{"line":237,"column":57},"end":{"line":237,"column":null}},"58":{"start":{"line":250,"column":55},"end":{"line":250,"column":null}},"59":{"start":{"line":266,"column":75},"end":{"line":266,"column":82}},"60":{"start":{"line":267,"column":28},"end":{"line":268,"column":null}},"61":{"start":{"line":269,"column":47},"end":{"line":269,"column":null}}},"fnMap":{"0":{"name":"AdminUsers","decl":{"start":{"line":21,"column":24},"end":{"line":21,"column":null}},"loc":{"start":{"line":21,"column":24},"end":{"line":284,"column":null}}},"1":{"name":"(anonymous_5)","decl":{"start":{"line":41,"column":22},"end":{"line":41,"column":null}},"loc":{"start":{"line":41,"column":22},"end":{"line":56,"column":null}}},"2":{"name":"(anonymous_6)","decl":{"start":{"line":58,"column":14},"end":{"line":58,"column":null}},"loc":{"start":{"line":58,"column":14},"end":{"line":60,"column":7}}},"3":{"name":"(anonymous_7)","decl":{"start":{"line":62,"column":25},"end":{"line":62,"column":26}},"loc":{"start":{"line":62,"column":26},"end":{"line":66,"column":null}}},"4":{"name":"(anonymous_8)","decl":{"start":{"line":68,"column":31},"end":{"line":68,"column":38}},"loc":{"start":{"line":68,"column":54},"end":{"line":80,"column":null}}},"5":{"name":"(anonymous_9)","decl":{"start":{"line":82,"column":29},"end":{"line":82,"column":36}},"loc":{"start":{"line":82,"column":52},"end":{"line":94,"column":null}}},"6":{"name":"(anonymous_10)","decl":{"start":{"line":96,"column":25},"end":{"line":96,"column":32}},"loc":{"start":{"line":96,"column":32},"end":{"line":108,"column":null}}},"7":{"name":"(anonymous_11)","decl":{"start":{"line":157,"column":38},"end":{"line":157,"column":39}},"loc":{"start":{"line":157,"column":45},"end":{"line":157,"column":null}}},"8":{"name":"(anonymous_12)","decl":{"start":{"line":163,"column":38},"end":{"line":163,"column":39}},"loc":{"start":{"line":163,"column":45},"end":{"line":163,"column":null}}},"9":{"name":"(anonymous_13)","decl":{"start":{"line":172,"column":38},"end":{"line":172,"column":39}},"loc":{"start":{"line":172,"column":45},"end":{"line":172,"column":null}}},"10":{"name":"(anonymous_14)","decl":{"start":{"line":216,"column":40},"end":{"line":216,"column":41}},"loc":{"start":{"line":217,"column":28},"end":{"line":217,"column":null}}},"11":{"name":"(anonymous_15)","decl":{"start":{"line":227,"column":50},"end":{"line":227,"column":51}},"loc":{"start":{"line":227,"column":57},"end":{"line":227,"column":null}}},"12":{"name":"(anonymous_16)","decl":{"start":{"line":237,"column":50},"end":{"line":237,"column":51}},"loc":{"start":{"line":237,"column":57},"end":{"line":237,"column":null}}},"13":{"name":"(anonymous_17)","decl":{"start":{"line":250,"column":49},"end":{"line":250,"column":55}},"loc":{"start":{"line":250,"column":55},"end":{"line":250,"column":null}}},"14":{"name":"(anonymous_18)","decl":{"start":{"line":266,"column":65},"end":{"line":266,"column":66}},"loc":{"start":{"line":266,"column":75},"end":{"line":266,"column":82}}},"15":{"name":"(anonymous_19)","decl":{"start":{"line":266,"column":86},"end":{"line":266,"column":87}},"loc":{"start":{"line":267,"column":28},"end":{"line":268,"column":null}}},"16":{"name":"(anonymous_20)","decl":{"start":{"line":269,"column":41},"end":{"line":269,"column":47}},"loc":{"start":{"line":269,"column":47},"end":{"line":269,"column":null}}}},"branchMap":{"0":{"loc":{"start":{"line":51,"column":21},"end":{"line":51,"column":null}},"type":"binary-expr","locations":[{"start":{"line":51,"column":21},"end":{"line":51,"column":32}},{"start":{"line":51,"column":36},"end":{"line":51,"column":null}}]},"1":{"loc":{"start":{"line":69,"column":8},"end":{"line":71,"column":null}},"type":"if","locations":[{"start":{"line":69,"column":8},"end":{"line":71,"column":null}}]},"2":{"loc":{"start":{"line":77,"column":18},"end":{"line":77,"column":null}},"type":"binary-expr","locations":[{"start":{"line":77,"column":18},"end":{"line":77,"column":29}},{"start":{"line":77,"column":33},"end":{"line":77,"column":null}}]},"3":{"loc":{"start":{"line":83,"column":8},"end":{"line":85,"column":null}},"type":"if","locations":[{"start":{"line":83,"column":8},"end":{"line":85,"column":null}}]},"4":{"loc":{"start":{"line":91,"column":18},"end":{"line":91,"column":null}},"type":"binary-expr","locations":[{"start":{"line":91,"column":18},"end":{"line":91,"column":29}},{"start":{"line":91,"column":33},"end":{"line":91,"column":null}}]},"5":{"loc":{"start":{"line":97,"column":8},"end":{"line":99,"column":null}},"type":"if","locations":[{"start":{"line":97,"column":8},"end":{"line":99,"column":null}}]},"6":{"loc":{"start":{"line":105,"column":18},"end":{"line":105,"column":null}},"type":"binary-expr","locations":[{"start":{"line":105,"column":18},"end":{"line":105,"column":29}},{"start":{"line":105,"column":33},"end":{"line":105,"column":null}}]},"7":{"loc":{"start":{"line":110,"column":4},"end":{"line":116,"column":null}},"type":"if","locations":[{"start":{"line":110,"column":4},"end":{"line":116,"column":null}}]},"8":{"loc":{"start":{"line":118,"column":4},"end":{"line":124,"column":null}},"type":"if","locations":[{"start":{"line":118,"column":4},"end":{"line":124,"column":null}}]},"9":{"loc":{"start":{"line":263,"column":13},"end":{"line":263,"column":null}},"type":"binary-expr","locations":[{"start":{"line":263,"column":13},"end":{"line":263,"column":null}}]},"10":{"loc":{"start":{"line":271,"column":38},"end":{"line":273,"column":null}},"type":"cond-expr","locations":[{"start":{"line":272,"column":42},"end":{"line":272,"column":null}},{"start":{"line":273,"column":42},"end":{"line":273,"column":null}}]}},"s":{"0":0,"1":0,"2":0,"3":0,"4":0,"5":0,"6":0,"7":0,"8":0,"9":0,"10":0,"11":0,"12":0,"13":0,"14":0,"15":0,"16":0,"17":0,"18":0,"19":0,"20":0,"21":0,"22":0,"23":0,"24":0,"25":0,"26":0,"27":0,"28":0,"29":0,"30":0,"31":0,"32":0,"33":0,"34":0,"35":0,"36":0,"37":0,"38":0,"39":0,"40":0,"41":0,"42":0,"43":0,"44":0,"45":0,"46":0,"47":0,"48":0,"49":0,"50":0,"51":0,"52":0,"53":0,"54":0,"55":0,"56":0,"57":0,"58":0,"59":0,"60":0,"61":0},"f":{"0":0,"1":0,"2":0,"3":0,"4":0,"5":0,"6":0,"7":0,"8":0,"9":0,"10":0,"11":0,"12":0,"13":0,"14":0,"15":0,"16":0},"b":{"0":[0,0],"1":[0],"2":[0,0],"3":[0],"4":[0,0],"5":[0],"6":[0,0],"7":[0],"8":[0],"9":[0],"10":[0,0]}}
,"C:\\Users\\user\\Desktop\\aaaaa\\src\\app\\api\\admin\\client-verifications\\route.ts": {"path":"C:\\Users\\user\\Desktop\\aaaaa\\src\\app\\api\\admin\\client-verifications\\route.ts","statementMap":{"0":{"start":{"line":14,"column":22},"end":{"line":14,"column":25}},"1":{"start":{"line":52,"column":22},"end":{"line":52,"column":25}},"2":{"start":{"line":1,"column":29},"end":{"line":1,"column":null}},"3":{"start":{"line":3,"column":23},"end":{"line":3,"column":null}},"4":{"start":{"line":4,"column":18},"end":{"line":4,"column":null}},"5":{"start":{"line":5,"column":33},"end":{"line":5,"column":null}},"6":{"start":{"line":6,"column":28},"end":{"line":6,"column":null}},"7":{"start":{"line":8,"column":33},"end":{"line":11,"column":null}},"8":{"start":{"line":15,"column":4},"end":{"line":48,"column":null}},"9":{"start":{"line":16,"column":24},"end":{"line":16,"column":null}},"10":{"start":{"line":17,"column":8},"end":{"line":22,"column":null}},"11":{"start":{"line":18,"column":12},"end":{"line":20,"column":null}},"12":{"start":{"line":24,"column":30},"end":{"line":38,"column":null}},"13":{"start":{"line":40,"column":8},"end":{"line":40,"column":null}},"14":{"start":{"line":43,"column":8},"end":{"line":43,"column":null}},"15":{"start":{"line":44,"column":8},"end":{"line":46,"column":null}},"16":{"start":{"line":53,"column":4},"end":{"line":122,"column":null}},"17":{"start":{"line":54,"column":24},"end":{"line":54,"column":null}},"18":{"start":{"line":55,"column":8},"end":{"line":60,"column":null}},"19":{"start":{"line":56,"column":12},"end":{"line":58,"column":null}},"20":{"start":{"line":62,"column":33},"end":{"line":62,"column":null}},"21":{"start":{"line":63,"column":31},"end":{"line":63,"column":null}},"22":{"start":{"line":65,"column":8},"end":{"line":70,"column":null}},"23":{"start":{"line":66,"column":12},"end":{"line":68,"column":null}},"24":{"start":{"line":72,"column":21},"end":{"line":72,"column":null}},"25":{"start":{"line":73,"column":30},"end":{"line":73,"column":null}},"26":{"start":{"line":76,"column":23},"end":{"line":99,"column":null}},"27":{"start":{"line":78,"column":33},"end":{"line":86,"column":null}},"28":{"start":{"line":89,"column":12},"end":{"line":96,"column":null}},"29":{"start":{"line":98,"column":12},"end":{"line":98,"column":null}},"30":{"start":{"line":101,"column":8},"end":{"line":104,"column":null}},"31":{"start":{"line":107,"column":8},"end":{"line":115,"column":null}},"32":{"start":{"line":108,"column":12},"end":{"line":113,"column":null}},"33":{"start":{"line":117,"column":8},"end":{"line":117,"column":null}},"34":{"start":{"line":118,"column":8},"end":{"line":120,"column":null}}},"fnMap":{"0":{"name":"GET","decl":{"start":{"line":14,"column":22},"end":{"line":14,"column":25}},"loc":{"start":{"line":14,"column":22},"end":{"line":49,"column":null}}},"1":{"name":"PUT","decl":{"start":{"line":52,"column":22},"end":{"line":52,"column":25}},"loc":{"start":{"line":52,"column":46},"end":{"line":123,"column":null}}},"2":{"name":"(anonymous_5)","decl":{"start":{"line":76,"column":49},"end":{"line":76,"column":56}},"loc":{"start":{"line":76,"column":56},"end":{"line":99,"column":null}}}},"branchMap":{"0":{"loc":{"start":{"line":17,"column":8},"end":{"line":22,"column":null}},"type":"if","locations":[{"start":{"line":17,"column":8},"end":{"line":22,"column":null}}]},"1":{"loc":{"start":{"line":55,"column":8},"end":{"line":60,"column":null}},"type":"if","locations":[{"start":{"line":55,"column":8},"end":{"line":60,"column":null}}]},"2":{"loc":{"start":{"line":65,"column":8},"end":{"line":70,"column":null}},"type":"if","locations":[{"start":{"line":65,"column":8},"end":{"line":70,"column":null}}]},"3":{"loc":{"start":{"line":92,"column":26},"end":{"line":92,"column":null}},"type":"cond-expr","locations":[{"start":{"line":92,"column":64},"end":{"line":92,"column":75}},{"start":{"line":92,"column":75},"end":{"line":92,"column":null}}]},"4":{"loc":{"start":{"line":94,"column":38},"end":{"line":94,"column":null}},"type":"cond-expr","locations":[{"start":{"line":94,"column":76},"end":{"line":94,"column":89}},{"start":{"line":94,"column":89},"end":{"line":94,"column":null}}]},"5":{"loc":{"start":{"line":102,"column":31},"end":{"line":102,"column":81}},"type":"cond-expr","locations":[{"start":{"line":102,"column":69},"end":{"line":102,"column":76}},{"start":{"line":102,"column":76},"end":{"line":102,"column":81}}]},"6":{"loc":{"start":{"line":107,"column":8},"end":{"line":115,"column":null}},"type":"if","locations":[{"start":{"line":107,"column":8},"end":{"line":115,"column":null}}]}},"s":{"0":0,"1":0,"2":0,"3":0,"4":0,"5":0,"6":0,"7":0,"8":0,"9":0,"10":0,"11":0,"12":0,"13":0,"14":0,"15":0,"16":0,"17":0,"18":0,"19":0,"20":0,"21":0,"22":0,"23":0,"24":0,"25":0,"26":0,"27":0,"28":0,"29":0,"30":0,"31":0,"32":0,"33":0,"34":0},"f":{"0":0,"1":0,"2":0},"b":{"0":[0],"1":[0],"2":[0],"3":[0,0],"4":[0,0],"5":[0,0],"6":[0]}}
,"C:\\Users\\user\\Desktop\\aaaaa\\src\\app\\api\\admin\\plans\\route.ts": {"path":"C:\\Users\\user\\Desktop\\aaaaa\\src\\app\\api\\admin\\plans\\route.ts","statementMap":{"0":{"start":{"line":16,"column":22},"end":{"line":16,"column":25}},"1":{"start":{"line":33,"column":22},"end":{"line":33,"column":26}},"2":{"start":{"line":66,"column":22},"end":{"line":66,"column":25}},"3":{"start":{"line":1,"column":29},"end":{"line":1,"column":null}},"4":{"start":{"line":3,"column":23},"end":{"line":3,"column":null}},"5":{"start":{"line":4,"column":18},"end":{"line":4,"column":null}},"6":{"start":{"line":6,"column":19},"end":{"line":13,"column":null}},"7":{"start":{"line":17,"column":4},"end":{"line":29,"column":null}},"8":{"start":{"line":18,"column":22},"end":{"line":20,"column":null}},"9":{"start":{"line":22,"column":8},"end":{"line":22,"column":null}},"10":{"start":{"line":24,"column":8},"end":{"line":24,"column":null}},"11":{"start":{"line":25,"column":8},"end":{"line":27,"column":null}},"12":{"start":{"line":34,"column":4},"end":{"line":62,"column":null}},"13":{"start":{"line":35,"column":21},"end":{"line":35,"column":null}},"14":{"start":{"line":36,"column":30},"end":{"line":36,"column":null}},"15":{"start":{"line":38,"column":21},"end":{"line":43,"column":null}},"16":{"start":{"line":45,"column":8},"end":{"line":45,"column":null}},"17":{"start":{"line":47,"column":8},"end":{"line":55,"column":null}},"18":{"start":{"line":48,"column":12},"end":{"line":53,"column":null}},"19":{"start":{"line":57,"column":8},"end":{"line":57,"column":null}},"20":{"start":{"line":58,"column":8},"end":{"line":60,"column":null}},"21":{"start":{"line":67,"column":4},"end":{"line":97,"column":null}},"22":{"start":{"line":68,"column":21},"end":{"line":68,"column":null}},"23":{"start":{"line":69,"column":32},"end":{"line":69,"column":null}},"24":{"start":{"line":70,"column":30},"end":{"line":70,"column":null}},"25":{"start":{"line":72,"column":21},"end":{"line":78,"column":null}},"26":{"start":{"line":80,"column":8},"end":{"line":80,"column":null}},"27":{"start":{"line":82,"column":8},"end":{"line":90,"column":null}},"28":{"start":{"line":83,"column":12},"end":{"line":88,"column":null}},"29":{"start":{"line":92,"column":8},"end":{"line":92,"column":null}},"30":{"start":{"line":93,"column":8},"end":{"line":95,"column":null}}},"fnMap":{"0":{"name":"GET","decl":{"start":{"line":16,"column":22},"end":{"line":16,"column":25}},"loc":{"start":{"line":16,"column":22},"end":{"line":30,"column":null}}},"1":{"name":"POST","decl":{"start":{"line":33,"column":22},"end":{"line":33,"column":26}},"loc":{"start":{"line":33,"column":47},"end":{"line":63,"column":null}}},"2":{"name":"PUT","decl":{"start":{"line":66,"column":22},"end":{"line":66,"column":25}},"loc":{"start":{"line":66,"column":46},"end":{"line":98,"column":null}}}},"branchMap":{"0":{"loc":{"start":{"line":47,"column":8},"end":{"line":55,"column":null}},"type":"if","locations":[{"start":{"line":47,"column":8},"end":{"line":55,"column":null}}]},"1":{"loc":{"start":{"line":82,"column":8},"end":{"line":90,"column":null}},"type":"if","locations":[{"start":{"line":82,"column":8},"end":{"line":90,"column":null}}]}},"s":{"0":0,"1":0,"2":0,"3":0,"4":0,"5":0,"6":0,"7":0,"8":0,"9":0,"10":0,"11":0,"12":0,"13":0,"14":0,"15":0,"16":0,"17":0,"18":0,"19":0,"20":0,"21":0,"22":0,"23":0,"24":0,"25":0,"26":0,"27":0,"28":0,"29":0,"30":0},"f":{"0":0,"1":0,"2":0},"b":{"0":[0],"1":[0]}}
,"C:\\Users\\user\\Desktop\\aaaaa\\src\\app\\api\\admin\\settings\\route.ts": {"path":"C:\\Users\\user\\Desktop\\aaaaa\\src\\app\\api\\admin\\settings\\route.ts","statementMap":{"0":{"start":{"line":29,"column":22},"end":{"line":29,"column":25}},"1":{"start":{"line":50,"column":22},"end":{"line":50,"column":25}},"2":{"start":{"line":1,"column":29},"end":{"line":1,"column":null}},"3":{"start":{"line":3,"column":23},"end":{"line":3,"column":null}},"4":{"start":{"line":4,"column":18},"end":{"line":4,"column":null}},"5":{"start":{"line":7,"column":23},"end":{"line":27,"column":null}},"6":{"start":{"line":30,"column":4},"end":{"line":47,"column":null}},"7":{"start":{"line":31,"column":25},"end":{"line":31,"column":null}},"8":{"start":{"line":33,"column":8},"end":{"line":38,"column":null}},"9":{"start":{"line":34,"column":12},"end":{"line":36,"column":null}},"10":{"start":{"line":40,"column":8},"end":{"line":40,"column":null}},"11":{"start":{"line":42,"column":8},"end":{"line":42,"column":null}},"12":{"start":{"line":43,"column":8},"end":{"line":45,"column":null}},"13":{"start":{"line":51,"column":4},"end":{"line":90,"column":null}},"14":{"start":{"line":52,"column":21},"end":{"line":52,"column":null}},"15":{"start":{"line":55,"column":30},"end":{"line":55,"column":null}},"16":{"start":{"line":58,"column":25},"end":{"line":62,"column":null}},"17":{"start":{"line":65,"column":8},"end":{"line":71,"column":null}},"18":{"start":{"line":73,"column":8},"end":{"line":73,"column":null}},"19":{"start":{"line":75,"column":8},"end":{"line":83,"column":null}},"20":{"start":{"line":76,"column":12},"end":{"line":81,"column":null}},"21":{"start":{"line":85,"column":8},"end":{"line":85,"column":null}},"22":{"start":{"line":86,"column":8},"end":{"line":88,"column":null}}},"fnMap":{"0":{"name":"GET","decl":{"start":{"line":29,"column":22},"end":{"line":29,"column":25}},"loc":{"start":{"line":29,"column":22},"end":{"line":48,"column":null}}},"1":{"name":"PUT","decl":{"start":{"line":50,"column":22},"end":{"line":50,"column":25}},"loc":{"start":{"line":50,"column":46},"end":{"line":91,"column":null}}}},"branchMap":{"0":{"loc":{"start":{"line":33,"column":8},"end":{"line":38,"column":null}},"type":"if","locations":[{"start":{"line":33,"column":8},"end":{"line":38,"column":null}}]},"1":{"loc":{"start":{"line":75,"column":8},"end":{"line":83,"column":null}},"type":"if","locations":[{"start":{"line":75,"column":8},"end":{"line":83,"column":null}}]}},"s":{"0":0,"1":0,"2":0,"3":0,"4":0,"5":0,"6":0,"7":0,"8":0,"9":0,"10":0,"11":0,"12":0,"13":0,"14":0,"15":0,"16":0,"17":0,"18":0,"19":0,"20":0,"21":0,"22":0},"f":{"0":0,"1":0},"b":{"0":[0],"1":[0]}}
,"C:\\Users\\user\\Desktop\\aaaaa\\src\\app\\api\\applications\\route.ts": {"path":"C:\\Users\\user\\Desktop\\aaaaa\\src\\app\\api\\applications\\route.ts","statementMap":{"0":{"start":{"line":6,"column":22},"end":{"line":6,"column":26}},"1":{"start":{"line":1,"column":29},"end":{"line":1,"column":null}},"2":{"start":{"line":2,"column":33},"end":{"line":2,"column":null}},"3":{"start":{"line":3,"column":28},"end":{"line":3,"column":null}},"4":{"start":{"line":4,"column":23},"end":{"line":4,"column":null}},"5":{"start":{"line":7,"column":2},"end":{"line":60,"column":null}},"6":{"start":{"line":8,"column":20},"end":{"line":8,"column":null}},"7":{"start":{"line":9,"column":4},"end":{"line":11,"column":null}},"8":{"start":{"line":10,"column":6},"end":{"line":10,"column":null}},"9":{"start":{"line":13,"column":29},"end":{"line":13,"column":null}},"10":{"start":{"line":14,"column":17},"end":{"line":14,"column":null}},"11":{"start":{"line":15,"column":18},"end":{"line":15,"column":null}},"12":{"start":{"line":16,"column":19},"end":{"line":16,"column":null}},"13":{"start":{"line":18,"column":17},"end":{"line":18,"column":null}},"14":{"start":{"line":19,"column":18},"end":{"line":22,"column":null}},"15":{"start":{"line":24,"column":34},"end":{"line":43,"column":null}},"16":{"start":{"line":45,"column":4},"end":{"line":53,"column":null}},"17":{"start":{"line":55,"column":4},"end":{"line":55,"column":null}},"18":{"start":{"line":56,"column":4},"end":{"line":58,"column":null}}},"fnMap":{"0":{"name":"GET","decl":{"start":{"line":6,"column":22},"end":{"line":6,"column":26}},"loc":{"start":{"line":6,"column":42},"end":{"line":61,"column":null}}}},"branchMap":{"0":{"loc":{"start":{"line":9,"column":4},"end":{"line":11,"column":null}},"type":"if","locations":[{"start":{"line":9,"column":4},"end":{"line":11,"column":null}}]},"1":{"loc":{"start":{"line":14,"column":26},"end":{"line":14,"column":null}},"type":"binary-expr","locations":[{"start":{"line":14,"column":26},"end":{"line":14,"column":54}},{"start":{"line":14,"column":54},"end":{"line":14,"column":null}}]},"2":{"loc":{"start":{"line":15,"column":27},"end":{"line":15,"column":null}},"type":"binary-expr","locations":[{"start":{"line":15,"column":27},"end":{"line":15,"column":56}},{"start":{"line":15,"column":56},"end":{"line":15,"column":null}}]},"3":{"loc":{"start":{"line":21,"column":10},"end":{"line":21,"column":34}},"type":"cond-expr","locations":[{"start":{"line":21,"column":19},"end":{"line":21,"column":32}},{"start":{"line":21,"column":32},"end":{"line":21,"column":34}}]}},"s":{"0":0,"1":0,"2":0,"3":0,"4":0,"5":0,"6":0,"7":0,"8":0,"9":0,"10":0,"11":0,"12":0,"13":0,"14":0,"15":0,"16":0,"17":0,"18":0},"f":{"0":0},"b":{"0":[0],"1":[0,0],"2":[0,0],"3":[0,0]}}
,"C:\\Users\\user\\Desktop\\aaaaa\\src\\app\\api\\auth\\[...nextauth]\\route.ts": {"path":"C:\\Users\\user\\Desktop\\aaaaa\\src\\app\\api\\auth\\[...nextauth]\\route.ts","statementMap":{"0":{"start":{"line":59,"column":9},"end":{"line":59,"column":20}},"1":{"start":{"line":59,"column":25},"end":{"line":59,"column":36}},"2":{"start":{"line":1,"column":21},"end":{"line":1,"column":null}},"3":{"start":{"line":2,"column":30},"end":{"line":2,"column":null}},"4":{"start":{"line":3,"column":23},"end":{"line":3,"column":null}},"5":{"start":{"line":4,"column":32},"end":{"line":4,"column":null}},"6":{"start":{"line":5,"column":19},"end":{"line":5,"column":null}},"7":{"start":{"line":7,"column":16},"end":{"line":57,"column":null}},"8":{"start":{"line":17,"column":16},"end":{"line":19,"column":null}},"9":{"start":{"line":18,"column":20},"end":{"line":18,"column":null}},"10":{"start":{"line":21,"column":29},"end":{"line":23,"column":null}},"11":{"start":{"line":25,"column":16},"end":{"line":27,"column":null}},"12":{"start":{"line":26,"column":20},"end":{"line":26,"column":null}},"13":{"start":{"line":29,"column":32},"end":{"line":29,"column":null}},"14":{"start":{"line":31,"column":16},"end":{"line":33,"column":null}},"15":{"start":{"line":32,"column":20},"end":{"line":32,"column":null}},"16":{"start":{"line":35,"column":16},"end":{"line":39,"column":null}},"17":{"start":{"line":51,"column":12},"end":{"line":53,"column":null}},"18":{"start":{"line":52,"column":16},"end":{"line":52,"column":null}},"19":{"start":{"line":54,"column":12},"end":{"line":54,"column":null}}},"fnMap":{"0":{"name":"(anonymous_4)","decl":{"start":{"line":16,"column":12},"end":{"line":16,"column":18}},"loc":{"start":{"line":16,"column":39},"end":{"line":40,"column":null}}},"1":{"name":"(anonymous_5)","decl":{"start":{"line":50,"column":8},"end":{"line":50,"column":14}},"loc":{"start":{"line":50,"column":40},"end":{"line":55,"column":null}}}},"branchMap":{"0":{"loc":{"start":{"line":17,"column":16},"end":{"line":19,"column":null}},"type":"if","locations":[{"start":{"line":17,"column":16},"end":{"line":19,"column":null}}]},"1":{"loc":{"start":{"line":17,"column":20},"end":{"line":17,"column":67}},"type":"binary-expr","locations":[{"start":{"line":17,"column":20},"end":{"line":17,"column":43}},{"start":{"line":17,"column":43},"end":{"line":17,"column":67}}]},"2":{"loc":{"start":{"line":25,"column":16},"end":{"line":27,"column":null}},"type":"if","locations":[{"start":{"line":25,"column":16},"end":{"line":27,"column":null}}]},"3":{"loc":{"start":{"line":31,"column":16},"end":{"line":33,"column":null}},"type":"if","locations":[{"start":{"line":31,"column":16},"end":{"line":33,"column":null}}]},"4":{"loc":{"start":{"line":51,"column":12},"end":{"line":53,"column":null}},"type":"if","locations":[{"start":{"line":51,"column":12},"end":{"line":53,"column":null}}]}},"s":{"0":0,"1":0,"2":0,"3":0,"4":0,"5":0,"6":0,"7":0,"8":0,"9":0,"10":0,"11":0,"12":0,"13":0,"14":0,"15":0,"16":0,"17":0,"18":0,"19":0},"f":{"0":0,"1":0},"b":{"0":[0],"1":[0,0],"2":[0],"3":[0],"4":[0]}}
[...]
,"C:\\Users\\user\\Desktop\\aaaaa\\src\\lib\\api\\upload.ts": {"path":"C:\\Users\\user\\Desktop\\aaaaa\\src\\lib\\api\\upload.ts","statementMap":{"0":{"start":{"line":31,"column":22},"end":{"line":31,"column":33}},"1":{"start":{"line":8,"column":22},"end":{"line":8,"column":33}},"2":{"start":{"line":1,"column":18},"end":{"line":1,"column":null}},"3":{"start":{"line":9,"column":2},"end":{"line":28,"column":null}},"4":{"start":{"line":11,"column":35},"end":{"line":11,"column":null}},"5":{"start":{"line":14,"column":4},"end":{"line":18,"column":null}},"6":{"start":{"line":21,"column":4},"end":{"line":24,"column":null}},"7":{"start":{"line":26,"column":4},"end":{"line":26,"column":null}},"8":{"start":{"line":27,"column":4},"end":{"line":27,"column":null}},"9":{"start":{"line":32,"column":2},"end":{"line":37,"column":null}},"10":{"start":{"line":33,"column":4},"end":{"line":33,"column":null}},"11":{"start":{"line":35,"column":4},"end":{"line":35,"column":null}},"12":{"start":{"line":36,"column":4},"end":{"line":36,"column":null}}},"fnMap":{"0":{"name":"uploadImage","decl":{"start":{"line":8,"column":22},"end":{"line":8,"column":33}},"loc":{"start":{"line":8,"column":44},"end":{"line":29,"column":null}}},"1":{"name":"deleteImage","decl":{"start":{"line":31,"column":22},"end":{"line":31,"column":33}},"loc":{"start":{"line":31,"column":45},"end":{"line":38,"column":null}}}},"branchMap":{},"s":{"0":0,"1":0,"2":0,"3":0,"4":0,"5":0,"6":0,"7":0,"8":0,"9":0,"10":0,"11":0,"12":0},"f":{"0":0,"1":0},"b":{}}
,"C:\\Users\\user\\Desktop\\aaaaa\\src\\lib\\api\\users.ts": {"path":"C:\\Users\\user\\Desktop\\aaaaa\\src\\lib\\api\\users.ts","statementMap":{"0":{"start":{"line":35,"column":22},"end":{"line":35,"column":41}},"1":{"start":{"line":13,"column":22},"end":{"line":13,"column":44}},"2":{"start":{"line":57,"column":22},"end":{"line":57,"column":32}},"3":{"start":{"line":79,"column":22},"end":{"line":79,"column":35}},"4":{"start":{"line":4,"column":16},"end":{"line":4,"column":null}},"5":{"start":{"line":14,"column":18},"end":{"line":14,"column":null}},"6":{"start":{"line":15,"column":4},"end":{"line":17,"column":null}},"7":{"start":{"line":16,"column":8},"end":{"line":16,"column":null}},"8":{"start":{"line":19,"column":21},"end":{"line":25,"column":null}},"9":{"start":{"line":28,"column":4},"end":{"line":30,"column":null}},"10":{"start":{"line":29,"column":8},"end":{"line":29,"column":null}},"11":{"start":{"line":32,"column":4},"end":{"line":32,"column":null}},"12":{"start":{"line":36,"column":18},"end":{"line":36,"column":null}},"13":{"start":{"line":37,"column":4},"end":{"line":39,"column":null}},"14":{"start":{"line":38,"column":8},"end":{"line":38,"column":null}},"15":{"start":{"line":41,"column":21},"end":{"line":47,"column":null}},"16":{"start":{"line":50,"column":4},"end":{"line":52,"column":null}},"17":{"start":{"line":51,"column":8},"end":{"line":51,"column":null}},"18":{"start":{"line":54,"column":4},"end":{"line":54,"column":null}},"19":{"start":{"line":58,"column":18},"end":{"line":58,"column":null}},"20":{"start":{"line":59,"column":4},"end":{"line":61,"column":null}},"21":{"start":{"line":60,"column":8},"end":{"line":60,"column":null}},"22":{"start":{"line":63,"column":21},"end":{"line":69,"column":null}},"23":{"start":{"line":72,"column":4},"end":{"line":74,"column":null}},"24":{"start":{"line":73,"column":8},"end":{"line":73,"column":null}},"25":{"start":{"line":76,"column":4},"end":{"line":76,"column":null}},"26":{"start":{"line":80,"column":18},"end":{"line":80,"column":null}},"27":{"start":{"line":81,"column":4},"end":{"line":83,"column":null}},"28":{"start":{"line":82,"column":8},"end":{"line":82,"column":null}},"29":{"start":{"line":85,"column":21},"end":{"line":94,"column":null}},"30":{"start":{"line":97,"column":4},"end":{"line":99,"column":null}},"31":{"start":{"line":98,"column":8},"end":{"line":98,"column":null}},"32":{"start":{"line":101,"column":4},"end":{"line":101,"column":null}}},"fnMap":{"0":{"name":"getBookmarkedCampaigns","decl":{"start":{"line":13,"column":22},"end":{"line":13,"column":44}},"loc":{"start":{"line":13,"column":65},"end":{"line":33,"column":null}}},"1":{"name":"getAppliedCampaigns","decl":{"start":{"line":35,"column":22},"end":{"line":35,"column":41}},"loc":{"start":{"line":35,"column":62},"end":{"line":55,"column":null}}},"2":{"name":"getProfile","decl":{"start":{"line":57,"column":22},"end":{"line":57,"column":32}},"loc":{"start":{"line":57,"column":22},"end":{"line":77,"column":null}}},"3":{"name":"updateProfile","decl":{"start":{"line":79,"column":22},"end":{"line":79,"column":35}},"loc":{"start":{"line":79,"column":55},"end":{"line":102,"column":null}}}},"branchMap":{"0":{"loc":{"start":{"line":4,"column":16},"end":{"line":4,"column":null}},"type":"binary-expr","locations":[{"start":{"line":4,"column":16},"end":{"line":4,"column":47}},{"start":{"line":4,"column":51},"end":{"line":4,"column":null}}]},"1":{"loc":{"start":{"line":13,"column":45},"end":{"line":13,"column":53}},"type":"default-arg","locations":[{"start":{"line":13,"column":52},"end":{"line":13,"column":53}}]},"2":{"loc":{"start":{"line":13,"column":55},"end":{"line":13,"column":65}},"type":"default-arg","locations":[{"start":{"line":13,"column":63},"end":{"line":13,"column":65}}]},"3":{"loc":{"start":{"line":15,"column":4},"end":{"line":17,"column":null}},"type":"if","locations":[{"start":{"line":15,"column":4},"end":{"line":17,"column":null}}]},"4":{"loc":{"start":{"line":28,"column":4},"end":{"line":30,"column":null}},"type":"if","locations":[{"start":{"line":28,"column":4},"end":{"line":30,"column":null}}]},"5":{"loc":{"start":{"line":35,"column":42},"end":{"line":35,"column":50}},"type":"default-arg","locations":[{"start":{"line":35,"column":49},"end":{"line":35,"column":50}}]},"6":{"loc":{"start":{"line":35,"column":52},"end":{"line":35,"column":62}},"type":"default-arg","locations":[{"start":{"line":35,"column":60},"end":{"line":35,"column":62}}]},"7":{"loc":{"start":{"line":37,"column":4},"end":{"line":39,"column":null}},"type":"if","locations":[{"start":{"line":37,"column":4},"end":{"line":39,"column":null}}]},"8":{"loc":{"start":{"line":50,"column":4},"end":{"line":52,"column":null}},"type":"if","locations":[{"start":{"line":50,"column":4},"end":{"line":52,"column":null}}]},"9":{"loc":{"start":{"line":59,"column":4},"end":{"line":61,"column":null}},"type":"if","locations":[{"start":{"line":59,"column":4},"end":{"line":61,"column":null}}]},"10":{"loc":{"start":{"line":72,"column":4},"end":{"line":74,"column":null}},"type":"if","locations":[{"start":{"line":72,"column":4},"end":{"line":74,"column":null}}]},"11":{"loc":{"start":{"line":81,"column":4},"end":{"line":83,"column":null}},"type":"if","locations":[{"start":{"line":81,"column":4},"end":{"line":83,"column":null}}]},"12":{"loc":{"start":{"line":97,"column":4},"end":{"line":99,"column":null}},"type":"if","locations":[{"start":{"line":97,"column":4},"end":{"line":99,"column":null}}]}},"s":{"0":0,"1":0,"2":0,"3":0,"4":0,"5":0,"6":0,"7":0,"8":0,"9":0,"10":0,"11":0,"12":0,"13":0,"14":0,"15":0,"16":0,"17":0,"18":0,"19":0,"20":0,"21":0,"22":0,"23":0,"24":0,"25":0,"26":0,"27":0,"28":0,"29":0,"30":0,"31":0,"32":0},"f":{"0":0,"1":0,"2":0,"3":0},"b":{"0":[0,0],"1":[0],"2":[0],"3":[0],"4":[0],"5":[0],"6":[0],"7":[0],"8":[0],"9":[0],"10":[0],"11":[0],"12":[0]}}
,"C:\\Users\\user\\Desktop\\aaaaa\\src\\middleware\\adminAuth.ts": {"path":"C:\\Users\\user\\Desktop\\aaaaa\\src\\middleware\\adminAuth.ts","statementMap":{"0":{"start":{"line":52,"column":13},"end":{"line":52,"column":19}},"1":{"start":{"line":7,"column":22},"end":{"line":7,"column":32}},"2":{"start":{"line":1,"column":29},"end":{"line":1,"column":null}},"3":{"start":{"line":3,"column":26},"end":{"line":3,"column":null}},"4":{"start":{"line":5,"column":19},"end":{"line":5,"column":null}},"5":{"start":{"line":9,"column":22},"end":{"line":9,"column":null}},"6":{"start":{"line":10,"column":25},"end":{"line":10,"column":null}},"7":{"start":{"line":12,"column":4},"end":{"line":17,"column":null}},"8":{"start":{"line":13,"column":8},"end":{"line":15,"column":null}},"9":{"start":{"line":20,"column":18},"end":{"line":20,"column":69}},"10":{"start":{"line":21,"column":4},"end":{"line":26,"column":null}},"11":{"start":{"line":22,"column":8},"end":{"line":24,"column":null}},"12":{"start":{"line":28,"column":4},"end":{"line":49,"column":null}},"13":{"start":{"line":29,"column":28},"end":{"line":31,"column":null}},"14":{"start":{"line":35,"column":8},"end":{"line":40,"column":null}},"15":{"start":{"line":36,"column":12},"end":{"line":38,"column":null}},"16":{"start":{"line":43,"column":8},"end":{"line":43,"column":null}},"17":{"start":{"line":45,"column":8},"end":{"line":47,"column":null}},"18":{"start":{"line":52,"column":22},"end":{"line":54,"column":null}}},"fnMap":{"0":{"name":"middleware","decl":{"start":{"line":7,"column":22},"end":{"line":7,"column":32}},"loc":{"start":{"line":7,"column":53},"end":{"line":50,"column":null}}}},"branchMap":{"0":{"loc":{"start":{"line":5,"column":19},"end":{"line":5,"column":null}},"type":"binary-expr","locations":[{"start":{"line":5,"column":19},"end":{"line":5,"column":45}},{"start":{"line":5,"column":49},"end":{"line":5,"column":null}}]},"1":{"loc":{"start":{"line":12,"column":4},"end":{"line":17,"column":null}},"type":"if","locations":[{"start":{"line":12,"column":4},"end":{"line":17,"column":null}}]},"2":{"loc":{"start":{"line":12,"column":8},"end":{"line":12,"column":67}},"type":"binary-expr","locations":[{"start":{"line":12,"column":8},"end":{"line":12,"column":22}},{"start":{"line":12,"column":22},"end":{"line":12,"column":39}},{"start":{"line":12,"column":39},"end":{"line":12,"column":67}}]},"3":{"loc":{"start":{"line":21,"column":4},"end":{"line":26,"column":null}},"type":"if","locations":[{"start":{"line":21,"column":4},"end":{"line":26,"column":null}}]},"4":{"loc":{"start":{"line":35,"column":8},"end":{"line":40,"column":null}},"type":"if","locations":[{"start":{"line":35,"column":8},"end":{"line":40,"column":null}}]}},"s":{"0":0,"1":0,"2":0,"3":0,"4":0,"5":0,"6":0,"7":0,"8":0,"9":0,"10":0,"11":0,"12":0,"13":0,"14":0,"15":0,"16":0,"17":0,"18":0},"f":{"0":0},"b":{"0":[0,0],"1":[0],"2":[0,0,0],"3":[0],"4":[0]}}
,"C:\\Users\\user\\Desktop\\aaaaa\\src\\pages\\_document.tsx": {"path":"C:\\Users\\user\\Desktop\\aaaaa\\src\\pages\\_document.tsx","statementMap":{"0":{"start":{"line":4,"column":24},"end":{"line":4,"column":null}},"1":{"start":{"line":1,"column":45},"end":{"line":1,"column":null}},"2":{"start":{"line":2,"column":18},"end":{"line":2,"column":null}}},"fnMap":{"0":{"name":"Document","decl":{"start":{"line":4,"column":24},"end":{"line":4,"column":null}},"loc":{"start":{"line":4,"column":24},"end":{"line":14,"column":null}}}},"branchMap":{},"s":{"0":0,"1":0,"2":0},"f":{"0":0},"b":{}}
,"C:\\Users\\user\\Desktop\\aaaaa\\src\\pages\\page.tsx": {"path":"C:\\Users\\user\\Desktop\\aaaaa\\src\\pages\\page.tsx","statementMap":{"0":{"start":{"line":3,"column":24},"end":{"line":3,"column":null}},"1":{"start":{"line":1,"column":18},"end":{"line":1,"column":null}}},"fnMap":{"0":{"name":"Home","decl":{"start":{"line":3,"column":24},"end":{"line":3,"column":null}},"loc":{"start":{"line":3,"column":24},"end":{"line":101,"column":null}}}},"branchMap":{},"s":{"0":0,"1":0},"f":{"0":0},"b":{}}
,"C:\\Users\\user\\Desktop\\aaaaa\\src\\test\\utils.tsx": {"path":"C:\\Users\\user\\Desktop\\aaaaa\\src\\test\\utils.tsx","statementMap":{"0":{"start":{"line":10,"column":0},"end":{"line":23,"column":null}},"1":{"start":{"line":10,"column":36},"end":{"line":23,"column":null}},"2":{"start":{"line":11,"column":21},"end":{"line":21,"column":null}},"3":{"start":{"line":22,"column":68},"end":{"line":22,"column":null}},"4":{"start":{"line":45,"column":16},"end":{"line":45,"column":34}},"5":{"start":{"line":82,"column":16},"end":{"line":82,"column":31}},"6":{"start":{"line":92,"column":9},"end":{"line":92,"column":15}},"7":{"start":{"line":91,"column":9},"end":{"line":91,"column":null}},"8":{"start":{"line":1,"column":18},"end":{"line":1,"column":null}},"9":{"start":{"line":2,"column":36},"end":{"line":2,"column":null}},"10":{"start":{"line":3,"column":22},"end":{"line":3,"column":null}},"11":{"start":{"line":4,"column":30},"end":{"line":4,"column":null}},"12":{"start":{"line":38,"column":2},"end":{"line":41,"column":null}},"13":{"start":{"line":46,"column":2},"end":{"line":78,"column":null}},"14":{"start":{"line":83,"column":2},"end":{"line":87,"column":null}},"15":{"start":{"line":86,"column":16},"end":{"line":86,"column":null}}},"fnMap":{"0":{"name":"(anonymous_0)","decl":{"start":{"line":10,"column":29},"end":{"line":10,"column":36}},"loc":{"start":{"line":10,"column":36},"end":{"line":23,"column":null}}},"1":{"name":"(anonymous_1)","decl":{"start":{"line":11,"column":14},"end":{"line":11,"column":21}},"loc":{"start":{"line":11,"column":21},"end":{"line":21,"column":null}}},"2":{"name":"(anonymous_2)","decl":{"start":{"line":22,"column":19},"end":{"line":22,"column":20}},"loc":{"start":{"line":22,"column":68},"end":{"line":22,"column":null}}},"3":{"name":"Wrapper","decl":{"start":{"line":29,"column":9},"end":{"line":29,"column":17}},"loc":{"start":{"line":29,"column":43},"end":{"line":35,"column":null}}},"4":{"name":"render","decl":{"start":{"line":37,"column":9},"end":{"line":37,"column":16}},"loc":{"start":{"line":37,"column":52},"end":{"line":42,"column":null}}},"5":{"name":"createMockCampaign","decl":{"start":{"line":45,"column":16},"end":{"line":45,"column":34}},"loc":{"start":{"line":45,"column":49},"end":{"line":79,"column":null}}},"6":{"name":"mockApiResponse","decl":{"start":{"line":82,"column":16},"end":{"line":82,"column":31}},"loc":{"start":{"line":82,"column":55},"end":{"line":88,"column":null}}},"7":{"name":"(anonymous_16)","decl":{"start":{"line":86,"column":10},"end":{"line":86,"column":16}},"loc":{"start":{"line":86,"column":16},"end":{"line":86,"column":null}}}},"branchMap":{"0":{"loc":{"start":{"line":37,"column":40},"end":{"line":37,"column":52}},"type":"default-arg","locations":[{"start":{"line":37,"column":50},"end":{"line":37,"column":52}}]},"1":{"loc":{"start":{"line":45,"column":35},"end":{"line":45,"column":49}},"type":"default-arg","locations":[{"start":{"line":45,"column":47},"end":{"line":45,"column":49}}]},"2":{"loc":{"start":{"line":82,"column":43},"end":{"line":82,"column":55}},"type":"default-arg","locations":[{"start":{"line":82,"column":52},"end":{"line":82,"column":55}}]},"3":{"loc":{"start":{"line":84,"column":8},"end":{"line":84,"column":null}},"type":"binary-expr","locations":[{"start":{"line":84,"column":8},"end":{"line":84,"column":25}},{"start":{"line":84,"column":25},"end":{"line":84,"column":null}}]}},"s":{"0":1,"1":1,"2":22,"3":0,"4":0,"5":0,"6":15,"7":0,"8":1,"9":1,"10":1,"11":1,"12":15,"13":0,"14":0,"15":0},"f":{"0":1,"1":22,"2":0,"3":15,"4":15,"5":0,"6":0,"7":0},"b":{"0":[15],"1":[0],"2":[0],"3":[0,0]}}
,"C:\\Users\\user\\Desktop\\aaaaa\\src\\test\\mocks\\AuthContext.tsx": {"path":"C:\\Users\\user\\Desktop\\aaaaa\\src\\test\\mocks\\AuthContext.tsx","statementMap":{"0":{"start":{"line":31,"column":16},"end":{"line":31,"column":32}},"1":{"start":{"line":86,"column":16},"end":{"line":86,"column":23}},"2":{"start":{"line":1,"column":59},"end":{"line":1,"column":null}},"3":{"start":{"line":14,"column":20},"end":{"line":14,"column":null}},"4":{"start":{"line":16,"column":23},"end":{"line":29,"column":null}},"5":{"start":{"line":32,"column":26},"end":{"line":32,"column":59}},"6":{"start":{"line":33,"column":48},"end":{"line":33,"column":73}},"7":{"start":{"line":34,"column":36},"end":{"line":34,"column":null}},"8":{"start":{"line":35,"column":28},"end":{"line":35,"column":null}},"9":{"start":{"line":37,"column":16},"end":{"line":48,"column":null}},"10":{"start":{"line":38,"column":4},"end":{"line":38,"column":null}},"11":{"start":{"line":39,"column":4},"end":{"line":47,"column":null}},"12":{"start":{"line":40,"column":6},"end":{"line":40,"column":null}},"13":{"start":{"line":41,"column":6},"end":{"line":41,"column":null}},"14":{"start":{"line":42,"column":6},"end":{"line":42,"column":null}},"15":{"start":{"line":44,"column":6},"end":{"line":44,"column":null}},"16":{"start":{"line":46,"column":6},"end":{"line":46,"column":null}},"17":{"start":{"line":50,"column":17},"end":{"line":54,"column":null}},"18":{"start":{"line":51,"column":4},"end":{"line":51,"column":null}},"19":{"start":{"line":52,"column":4},"end":{"line":52,"column":null}},"20":{"start":{"line":53,"column":4},"end":{"line":53,"column":null}},"21":{"start":{"line":56,"column":19},"end":{"line":67,"column":null}},"22":{"start":{"line":57,"column":4},"end":{"line":57,"column":null}},"23":{"start":{"line":58,"column":4},"end":{"line":66,"column":null}},"24":{"start":{"line":59,"column":6},"end":{"line":59,"column":null}},"25":{"start":{"line":60,"column":6},"end":{"line":60,"column":null}},"26":{"start":{"line":61,"column":6},"end":{"line":61,"column":null}},"27":{"start":{"line":63,"column":6},"end":{"line":63,"column":null}},"28":{"start":{"line":65,"column":6},"end":{"line":65,"column":null}},"29":{"start":{"line":87,"column":18},"end":{"line":87,"column":null}},"30":{"start":{"line":88,"column":2},"end":{"line":90,"column":null}},"31":{"start":{"line":89,"column":4},"end":{"line":89,"column":null}},"32":{"start":{"line":91,"column":2},"end":{"line":91,"column":null}}},"fnMap":{"0":{"name":"TestAuthProvider","decl":{"start":{"line":31,"column":16},"end":{"line":31,"column":32}},"loc":{"start":{"line":31,"column":76},"end":{"line":84,"column":null}}},"1":{"name":"(anonymous_7)","decl":{"start":{"line":37,"column":16},"end":{"line":37,"column":null}},"loc":{"start":{"line":37,"column":16},"end":{"line":48,"column":null}}},"2":{"name":"(anonymous_8)","decl":{"start":{"line":50,"column":17},"end":{"line":50,"column":null}},"loc":{"start":{"line":50,"column":17},"end":{"line":54,"column":null}}},"3":{"name":"(anonymous_9)","decl":{"start":{"line":56,"column":19},"end":{"line":56,"column":null}},"loc":{"start":{"line":56,"column":19},"end":{"line":67,"column":null}}},"4":{"name":"useAuth","decl":{"start":{"line":86,"column":16},"end":{"line":86,"column":23}},"loc":{"start":{"line":86,"column":16},"end":{"line":92,"column":null}}}},"branchMap":{"0":{"loc":{"start":{"line":88,"column":2},"end":{"line":90,"column":null}},"type":"if","locations":[{"start":{"line":88,"column":2},"end":{"line":90,"column":null}}]}},"s":{"0":0,"1":0,"2":0,"3":0,"4":0,"5":0,"6":0,"7":0,"8":0,"9":0,"10":0,"11":0,"12":0,"13":0,"14":0,"15":0,"16":0,"17":0,"18":0,"19":0,"20":0,"21":0,"22":0,"23":0,"24":0,"25":0,"26":0,"27":0,"28":0,"29":0,"30":0,"31":0,"32":0},"f":{"0":0,"1":0,"2":0,"3":0,"4":0},"b":{"0":[0]}}
}
