TN:
SF:src\app\layout.tsx
FN:18,RootLayout
FNF:1
FNH:0
FNDA:0,RootLayout
DA:1,0
DA:2,0
DA:3,0
DA:4,0
DA:5,0
DA:6,0
DA:7,0
DA:8,0
DA:9,0
DA:11,0
DA:13,0
DA:18,0
LF:12
LH:0
BRF:0
BRH:0
end_of_record
TN:
SF:src\app\loading.tsx
FN:1,Loading
FNF:1
FNH:0
FNDA:0,Loading
DA:1,0
LF:1
LH:0
BRF:0
BRH:0
end_of_record
TN:
SF:src\app\page.tsx
FN:11,(anonymous_2)
FN:30,getLatestCampaigns
FN:46,CategoryGrid
FN:49,(anonymous_5)
FN:70,CampaignGrid
FN:73,(anonymous_7)
FN:80,CampaignGridSkeleton
FN:83,(anonymous_9)
FN:90,Home
FNF:9
FNH:0
FNDA:0,(anonymous_2)
FNDA:0,getLatestCampaigns
FNDA:0,CategoryGrid
FNDA:0,(anonymous_5)
FNDA:0,CampaignGrid
FNDA:0,(anonymous_7)
FNDA:0,CampaignGridSkeleton
FNDA:0,(anonymous_9)
FNDA:0,Home
DA:2,0
DA:3,0
DA:4,0
DA:7,0
DA:8,0
DA:9,0
DA:11,0
DA:31,0
DA:32,0
DA:35,0
DA:50,0
DA:74,0
DA:84,0
DA:90,0
DA:91,0
LF:15
LH:0
BRDA:13,0,0,0
BRDA:13,0,1,0
BRDA:16,1,0,0
BRDA:16,1,1,0
BRDA:20,2,0,0
BRDA:20,2,1,0
BRDA:23,3,0,0
BRDA:23,3,1,0
BRF:8
BRH:0
end_of_record
TN:
SF:src\app\robots.ts
FN:3,robots
FNF:1
FNH:0
FNDA:0,robots
DA:3,0
DA:4,0
DA:6,0
LF:3
LH:0
BRDA:4,0,0,0
BRDA:4,0,1,0
BRF:2
BRH:0
end_of_record
TN:
SF:src\app\sitemap.ts
FN:4,sitemap
FN:15,(anonymous_2)
FN:25,(anonymous_3)
FNF:3
FNH:0
FNDA:0,sitemap
FNDA:0,(anonymous_2)
FNDA:0,(anonymous_3)
DA:2,0
DA:4,0
DA:5,0
DA:8,0
DA:15,0
DA:23,0
DA:24,0
DA:25,0
DA:32,0
DA:34,0
DA:35,0
LF:11
LH:0
BRDA:5,0,0,0
BRDA:5,0,1,0
BRDA:19,1,0,0
BRDA:19,1,1,0
BRF:4
BRH:0
end_of_record
TN:
SF:src\app\(auth)\login\page.tsx
FN:8,LoginPage
FN:17,(anonymous_3)
FN:24,(anonymous_4)
FNF:3
FNH:0
FNDA:0,LoginPage
FNDA:0,(anonymous_3)
FNDA:0,(anonymous_4)
DA:3,0
DA:4,0
DA:5,0
DA:6,0
DA:8,0
DA:9,0
DA:10,0
DA:14,0
DA:15,0
DA:17,0
DA:18,0
DA:24,0
DA:25,0
DA:26,0
DA:27,0
DA:29,0
DA:30,0
DA:36,0
DA:37,0
DA:40,0
DA:41,0
DA:43,0
DA:45,0
LF:23
LH:0
BRDA:36,0,0,0
BRDA:43,1,0,0
BRDA:43,1,1,0
BRDA:58,2,0,0
BRDA:100,3,0,0
BRDA:100,3,1,0
BRF:6
BRH:0
end_of_record
TN:
SF:src\app\(auth)\register\page.tsx
FN:7,RegisterPage
FN:16,(anonymous_3)
FN:23,(anonymous_4)
FNF:3
FNH:0
FNDA:0,RegisterPage
FNDA:0,(anonymous_3)
FNDA:0,(anonymous_4)
DA:3,0
DA:4,0
DA:5,0
DA:7,0
DA:8,0
DA:9,0
DA:14,0
DA:16,0
DA:17,0
DA:23,0
DA:24,0
DA:25,0
DA:27,0
DA:28,0
DA:36,0
DA:38,0
DA:39,0
DA:43,0
DA:44,0
DA:47,0
DA:49,0
LF:21
LH:0
BRDA:38,0,0,0
BRDA:39,1,0,0
BRDA:39,1,1,0
BRDA:49,2,0,0
BRDA:49,2,1,0
BRDA:62,3,0,0
BRF:6
BRH:0
end_of_record
TN:
SF:src\app\admin\layout.tsx
FN:9,AdminLayout
FN:18,(anonymous_6)
FNF:2
FNH:0
FNDA:0,AdminLayout
FNDA:0,(anonymous_6)
DA:3,0
DA:4,0
DA:5,0
DA:7,0
DA:9,0
DA:14,0
DA:15,0
DA:16,0
DA:18,0
DA:20,0
DA:21,0
DA:22,0
DA:23,0
DA:24,0
DA:30,0
LF:15
LH:0
BRDA:20,0,0,0
BRDA:21,1,0,0
BRDA:21,1,1,0
BRDA:23,2,0,0
BRDA:30,3,0,0
BRF:5
BRH:0
end_of_record
TN:
SF:src\app\admin\campaigns\page.tsx
FN:15,AdminCampaigns
FN:27,(anonymous_6)
FN:40,(anonymous_7)
FN:44,(anonymous_8)
FN:58,(anonymous_9)
FN:130,(anonymous_10)
FN:165,(anonymous_11)
FN:181,(anonymous_12)
FN:181,(anonymous_13)
FN:184,(anonymous_14)
FNF:10
FNH:0
FNDA:0,AdminCampaigns
FNDA:0,(anonymous_6)
FNDA:0,(anonymous_7)
FNDA:0,(anonymous_8)
FNDA:0,(anonymous_9)
FNDA:0,(anonymous_10)
FNDA:0,(anonymous_11)
FNDA:0,(anonymous_12)
FNDA:0,(anonymous_13)
FNDA:0,(anonymous_14)
DA:3,0
DA:4,0
DA:6,0
DA:15,0
DA:16,0
DA:22,0
DA:23,0
DA:24,0
DA:25,0
DA:27,0
DA:28,0
DA:29,0
DA:30,0
DA:31,0
DA:33,0
DA:34,0
DA:36,0
DA:40,0
DA:41,0
DA:44,0
DA:45,0
DA:46,0
DA:49,0
DA:50,0
DA:51,0
DA:53,0
DA:54,0
DA:58,0
DA:59,0
DA:60,0
DA:63,0
DA:71,0
DA:131,0
DA:165,0
DA:181,0
DA:182,0
DA:184,0
LF:37
LH:0
BRDA:33,0,0,0
BRDA:33,0,1,0
BRDA:45,1,0,0
BRDA:53,2,0,0
BRDA:53,2,1,0
BRDA:63,3,0,0
BRDA:71,4,0,0
BRDA:140,5,0,0
BRDA:140,5,1,0
BRDA:141,6,0,0
BRDA:141,6,1,0
BRDA:142,7,0,0
BRDA:142,7,1,0
BRDA:143,8,0,0
BRDA:143,8,1,0
BRDA:145,9,0,0
BRDA:145,9,1,0
BRDA:146,10,0,0
BRDA:146,10,1,0
BRDA:147,11,0,0
BRDA:147,11,1,0
BRDA:148,12,0,0
BRDA:148,12,1,0
BRDA:178,13,0,0
BRDA:186,14,0,0
BRDA:186,14,1,0
BRF:26
BRH:0
end_of_record
TN:
SF:src\app\admin\campaigns\[id]\edit\page.tsx
FN:22,EditCampaign
FN:40,(anonymous_5)
FN:41,(anonymous_6)
FN:59,(anonymous_7)
FN:61,(anonymous_8)
FN:67,(anonymous_9)
FN:293,(anonymous_10)
FNF:7
FNH:0
FNDA:0,EditCampaign
FNDA:0,(anonymous_5)
FNDA:0,(anonymous_6)
FNDA:0,(anonymous_7)
FNDA:0,(anonymous_8)
FNDA:0,(anonymous_9)
FNDA:0,(anonymous_10)
DA:3,0
DA:4,0
DA:5,0
DA:22,0
DA:23,0
DA:24,0
DA:25,0
DA:26,0
DA:40,0
DA:41,0
DA:42,0
DA:43,0
DA:44,0
DA:49,0
DA:50,0
DA:52,0
DA:56,0
DA:59,0
DA:60,0
DA:61,0
DA:67,0
DA:68,0
DA:69,0
DA:70,0
DA:72,0
DA:73,0
DA:74,0
DA:76,0
DA:77,0
DA:79,0
DA:83,0
DA:91,0
DA:293,0
LF:33
LH:0
BRDA:49,0,0,0
BRDA:49,0,1,0
BRDA:63,1,0,0
BRDA:63,1,1,0
BRDA:63,2,0,0
BRDA:63,2,1,0
BRDA:76,3,0,0
BRDA:76,3,1,0
BRDA:83,4,0,0
BRDA:91,5,0,0
BRDA:113,6,0,0
BRDA:303,7,0,0
BRDA:303,7,1,0
BRF:13
BRH:0
end_of_record
TN:
SF:src\app\admin\campaigns\create\page.tsx
FN:20,CreateCampaign
FN:37,(anonymous_5)
FN:39,(anonymous_6)
FN:45,(anonymous_7)
FN:253,(anonymous_8)
FNF:5
FNH:0
FNDA:0,CreateCampaign
FNDA:0,(anonymous_5)
FNDA:0,(anonymous_6)
FNDA:0,(anonymous_7)
FNDA:0,(anonymous_8)
DA:3,0
DA:4,0
DA:5,0
DA:20,0
DA:21,0
DA:22,0
DA:23,0
DA:24,0
DA:37,0
DA:38,0
DA:39,0
DA:45,0
DA:46,0
DA:47,0
DA:48,0
DA:50,0
DA:51,0
DA:52,0
DA:54,0
DA:55,0
DA:57,0
DA:253,0
LF:22
LH:0
BRDA:41,0,0,0
BRDA:41,0,1,0
BRDA:41,1,0,0
BRDA:41,1,1,0
BRDA:54,2,0,0
BRDA:54,2,1,0
BRDA:75,3,0,0
BRDA:263,4,0,0
BRDA:263,4,1,0
BRF:9
BRH:0
end_of_record
TN:
SF:src\app\admin\dashboard\page.tsx
FN:14,AdminDashboard
FN:25,(anonymous_5)
FN:26,(anonymous_6)
FN:110,(anonymous_7)
FNF:4
FNH:0
FNDA:0,AdminDashboard
FNDA:0,(anonymous_5)
FNDA:0,(anonymous_6)
FNDA:0,(anonymous_7)
DA:3,0
DA:4,0
DA:14,0
DA:15,0
DA:16,0
DA:17,0
DA:18,0
DA:25,0
DA:26,0
DA:27,0
DA:28,0
DA:29,0
DA:33,0
DA:40,0
DA:41,0
DA:43,0
DA:47,0
DA:50,0
DA:58,0
DA:111,0
LF:20
LH:0
BRDA:40,0,0,0
BRDA:40,0,1,0
BRDA:50,1,0,0
BRDA:58,2,0,0
BRF:4
BRH:0
end_of_record
TN:
SF:src\app\admin\login\page.tsx
FN:8,AdminLoginPage
FN:18,(anonymous_5)
FN:35,(anonymous_6)
FN:37,(anonymous_7)
FNF:4
FNH:0
FNDA:0,AdminLoginPage
FNDA:0,(anonymous_5)
FNDA:0,(anonymous_6)
FNDA:0,(anonymous_7)
DA:3,0
DA:4,0
DA:5,0
DA:6,0
DA:8,0
DA:9,0
DA:10,0
DA:11,0
DA:15,0
DA:16,0
DA:18,0
DA:19,0
DA:20,0
DA:21,0
DA:23,0
DA:24,0
DA:25,0
DA:26,0
DA:28,0
DA:29,0
DA:31,0
DA:35,0
DA:36,0
DA:37,0
LF:24
LH:0
BRDA:28,0,0,0
BRDA:28,0,1,0
BRDA:80,1,0,0
BRDA:92,2,0,0
BRDA:92,2,1,0
BRF:5
BRH:0
end_of_record
TN:
SF:src\app\admin\settings\page.tsx
FN:28,AdminSettings
FN:55,(anonymous_5)
FN:56,(anonymous_6)
FN:71,(anonymous_7)
FN:73,(anonymous_8)
FN:81,(anonymous_9)
FN:88,(anonymous_10)
FN:97,(anonymous_11)
FN:143,(anonymous_12)
FN:154,(anonymous_13)
FN:167,(anonymous_14)
FN:183,(anonymous_15)
FN:195,(anonymous_16)
FN:207,(anonymous_17)
FN:226,(anonymous_18)
FN:240,(anonymous_19)
FN:255,(anonymous_20)
FN:267,(anonymous_21)
FN:283,(anonymous_22)
FN:295,(anonymous_23)
FN:310,(anonymous_24)
FNF:21
FNH:0
FNDA:0,AdminSettings
FNDA:0,(anonymous_5)
FNDA:0,(anonymous_6)
FNDA:0,(anonymous_7)
FNDA:0,(anonymous_8)
FNDA:0,(anonymous_9)
FNDA:0,(anonymous_10)
FNDA:0,(anonymous_11)
FNDA:0,(anonymous_12)
FNDA:0,(anonymous_13)
FNDA:0,(anonymous_14)
FNDA:0,(anonymous_15)
FNDA:0,(anonymous_16)
FNDA:0,(anonymous_17)
FNDA:0,(anonymous_18)
FNDA:0,(anonymous_19)
FNDA:0,(anonymous_20)
FNDA:0,(anonymous_21)
FNDA:0,(anonymous_22)
FNDA:0,(anonymous_23)
FNDA:0,(anonymous_24)
DA:3,0
DA:4,0
DA:28,0
DA:29,0
DA:50,0
DA:51,0
DA:52,0
DA:53,0
DA:55,0
DA:56,0
DA:57,0
DA:58,0
DA:59,0
DA:61,0
DA:62,0
DA:64,0
DA:68,0
DA:71,0
DA:72,0
DA:73,0
DA:81,0
DA:88,0
DA:89,0
DA:90,0
DA:91,0
DA:92,0
DA:94,0
DA:95,0
DA:96,0
DA:97,0
DA:99,0
DA:100,0
DA:102,0
DA:106,0
DA:143,0
DA:154,0
DA:167,0
DA:183,0
DA:195,0
DA:207,0
DA:226,0
DA:240,0
DA:255,0
DA:267,0
DA:283,0
DA:295,0
DA:310,0
LF:47
LH:0
BRDA:61,0,0,0
BRDA:61,0,1,0
BRDA:72,1,0,0
BRDA:72,1,1,0
BRDA:72,2,0,0
BRDA:72,2,1,0
BRDA:72,2,2,0
BRDA:99,3,0,0
BRDA:99,3,1,0
BRDA:106,4,0,0
BRDA:119,5,0,0
BRDA:125,6,0,0
BRDA:323,7,0,0
BRDA:323,7,1,0
BRF:14
BRH:0
end_of_record
TN:
SF:src\app\admin\users\page.tsx
FN:21,AdminUsers
FN:41,(anonymous_5)
FN:58,(anonymous_6)
FN:62,(anonymous_7)
FN:68,(anonymous_8)
FN:82,(anonymous_9)
FN:96,(anonymous_10)
FN:157,(anonymous_11)
FN:163,(anonymous_12)
FN:172,(anonymous_13)
FN:216,(anonymous_14)
FN:227,(anonymous_15)
FN:237,(anonymous_16)
FN:250,(anonymous_17)
FN:266,(anonymous_18)
FN:266,(anonymous_19)
FN:269,(anonymous_20)
FNF:17
FNH:0
FNDA:0,AdminUsers
FNDA:0,(anonymous_5)
FNDA:0,(anonymous_6)
FNDA:0,(anonymous_7)
FNDA:0,(anonymous_8)
FNDA:0,(anonymous_9)
FNDA:0,(anonymous_10)
FNDA:0,(anonymous_11)
FNDA:0,(anonymous_12)
FNDA:0,(anonymous_13)
FNDA:0,(anonymous_14)
FNDA:0,(anonymous_15)
FNDA:0,(anonymous_16)
FNDA:0,(anonymous_17)
FNDA:0,(anonymous_18)
FNDA:0,(anonymous_19)
FNDA:0,(anonymous_20)
DA:3,0
DA:4,0
DA:21,0
DA:22,0
DA:28,0
DA:34,0
DA:35,0
DA:36,0
DA:37,0
DA:38,0
DA:39,0
DA:41,0
DA:42,0
DA:43,0
DA:44,0
DA:48,0
DA:49,0
DA:51,0
DA:52,0
DA:54,0
DA:58,0
DA:59,0
DA:62,0
DA:63,0
DA:64,0
DA:65,0
DA:68,0
DA:69,0
DA:70,0
DA:73,0
DA:74,0
DA:75,0
DA:77,0
DA:78,0
DA:82,0
DA:83,0
DA:84,0
DA:87,0
DA:88,0
DA:89,0
DA:91,0
DA:92,0
DA:96,0
DA:97,0
DA:98,0
DA:101,0
DA:102,0
DA:103,0
DA:105,0
DA:106,0
DA:110,0
DA:118,0
DA:157,0
DA:163,0
DA:172,0
DA:217,0
DA:227,0
DA:237,0
DA:250,0
DA:266,0
DA:267,0
DA:269,0
LF:62
LH:0
BRDA:51,0,0,0
BRDA:51,0,1,0
BRDA:69,1,0,0
BRDA:77,2,0,0
BRDA:77,2,1,0
BRDA:83,3,0,0
BRDA:91,4,0,0
BRDA:91,4,1,0
BRDA:97,5,0,0
BRDA:105,6,0,0
BRDA:105,6,1,0
BRDA:110,7,0,0
BRDA:118,8,0,0
BRDA:263,9,0,0
BRDA:271,10,0,0
BRDA:271,10,1,0
BRF:16
BRH:0
end_of_record
TN:
SF:src\app\api\admin\client-verifications\route.ts
FN:14,GET
FN:52,PUT
FN:76,(anonymous_5)
FNF:3
FNH:0
FNDA:0,GET
FNDA:0,PUT
FNDA:0,(anonymous_5)
DA:1,0
DA:3,0
DA:4,0
DA:5,0
DA:6,0
DA:8,0
DA:14,0
DA:15,0
DA:16,0
DA:17,0
DA:18,0
DA:24,0
DA:40,0
DA:43,0
DA:44,0
DA:52,0
DA:53,0
DA:54,0
DA:55,0
DA:56,0
DA:62,0
DA:63,0
DA:65,0
DA:66,0
DA:72,0
DA:73,0
DA:76,0
DA:78,0
DA:89,0
DA:98,0
DA:101,0
DA:107,0
DA:108,0
DA:117,0
DA:118,0
LF:35
LH:0
BRDA:17,0,0,0
BRDA:55,1,0,0
BRDA:65,2,0,0
BRDA:92,3,0,0
BRDA:92,3,1,0
BRDA:94,4,0,0
BRDA:94,4,1,0
BRDA:102,5,0,0
BRDA:102,5,1,0
BRDA:107,6,0,0
BRF:10
BRH:0
end_of_record
TN:
SF:src\app\api\admin\plans\route.ts
FN:16,GET
FN:33,POST
FN:66,PUT
FNF:3
FNH:0
FNDA:0,GET
FNDA:0,POST
FNDA:0,PUT
DA:1,0
DA:3,0
DA:4,0
DA:6,0
DA:16,0
DA:17,0
DA:18,0
DA:22,0
DA:24,0
DA:25,0
DA:33,0
DA:34,0
DA:35,0
DA:36,0
DA:38,0
DA:45,0
DA:47,0
DA:48,0
DA:57,0
DA:58,0
DA:66,0
DA:67,0
DA:68,0
DA:69,0
DA:70,0
DA:72,0
DA:80,0
DA:82,0
DA:83,0
DA:92,0
DA:93,0
LF:31
LH:0
BRDA:47,0,0,0
BRDA:82,1,0,0
BRF:2
BRH:0
end_of_record
TN:
SF:src\app\api\admin\settings\route.ts
FN:29,GET
FN:50,PUT
FNF:2
FNH:0
FNDA:0,GET
FNDA:0,PUT
DA:1,0
DA:3,0
DA:4,0
DA:7,0
DA:29,0
DA:30,0
DA:31,0
DA:33,0
DA:34,0
DA:40,0
DA:42,0
DA:43,0
DA:50,0
DA:51,0
DA:52,0
DA:55,0
DA:58,0
DA:65,0
DA:73,0
DA:75,0
DA:76,0
DA:85,0
DA:86,0
LF:23
LH:0
BRDA:33,0,0,0
BRDA:75,1,0,0
BRF:2
BRH:0
end_of_record
TN:
SF:src\app\api\applications\route.ts
FN:6,GET
FNF:1
FNH:0
FNDA:0,GET
DA:1,0
DA:2,0
DA:3,0
DA:4,0
DA:6,0
DA:7,0
DA:8,0
DA:9,0
DA:10,0
DA:13,0
DA:14,0
DA:15,0
DA:16,0
DA:18,0
DA:19,0
DA:24,0
DA:45,0
DA:55,0
DA:56,0
LF:19
LH:0
BRDA:9,0,0,0
BRDA:14,1,0,0
BRDA:14,1,1,0
BRDA:15,2,0,0
BRDA:15,2,1,0
BRDA:21,3,0,0
BRDA:21,3,1,0
BRF:7
BRH:0
end_of_record
TN:
SF:src\app\api\auth\[...nextauth]\route.ts
FN:16,(anonymous_4)
FN:50,(anonymous_5)
FNF:2
FNH:0
FNDA:0,(anonymous_4)
FNDA:0,(anonymous_5)
DA:1,0
DA:2,0
DA:3,0
DA:4,0
DA:5,0
DA:7,0
DA:17,0
DA:18,0
DA:21,0
DA:25,0
DA:26,0
DA:29,0
DA:31,0
DA:32,0
DA:35,0
DA:51,0
DA:52,0
DA:54,0
DA:59,0
LF:19
LH:0
BRDA:17,0,0,0
BRDA:17,1,0,0
BRDA:17,1,1,0
BRDA:25,2,0,0
BRDA:31,3,0,0
BRDA:51,4,0,0
BRF:6
BRH:0
end_of_record
TN:
SF:src\app\api\auth\login\route.ts
FN:17,POST
FNF:1
FNH:0
FNDA:0,POST
DA:1,0
DA:3,0
DA:4,0
DA:5,0
DA:6,0
DA:7,0
DA:8,0
DA:10,0
DA:15,0
DA:17,0
DA:18,0
DA:19,0
DA:20,0
DA:23,0
DA:27,0
DA:28,0
DA:35,0
DA:36,0
DA:43,0
DA:44,0
DA:45,0
DA:52,0
DA:55,0
DA:66,0
DA:73,0
DA:86,0
DA:87,0
DA:96,0
DA:97,0
LF:29
LH:0
BRDA:15,0,0,0
BRDA:15,0,1,0
BRDA:27,1,0,0
BRDA:35,2,0,0
BRDA:44,3,0,0
BRDA:86,4,0,0
BRF:6
BRH:0
end_of_record
TN:
SF:src\app\api\auth\me\route.ts
FN:5,GET
FNF:1
FNH:0
FNDA:0,GET
DA:1,0
DA:2,0
DA:3,0
DA:5,0
DA:6,0
DA:8,0
DA:9,0
DA:15,0
LF:8
LH:0
BRDA:8,0,0,0
BRF:1
BRH:0
end_of_record
TN:
SF:src\app\api\auth\register\route.ts
FN:13,POST
FNF:1
FNH:0
FNDA:0,POST
DA:1,0
DA:3,0
DA:4,0
DA:5,0
DA:7,0
DA:13,0
DA:14,0
DA:15,0
DA:16,0
DA:19,0
DA:23,0
DA:24,0
DA:31,0
DA:34,0
DA:43,0
DA:49,0
DA:50,0
DA:59,0
DA:60,0
LF:19
LH:0
BRDA:23,0,0,0
BRDA:49,1,0,0
BRF:2
BRH:0
end_of_record
TN:
SF:src\app\api\bookmarks\route.ts
FN:6,GET
FN:36,POST
FN:81,DELETE
FNF:3
FNH:3
FNDA:2,GET
FNDA:5,POST
FNDA:3,DELETE
DA:1,1
DA:2,1
DA:3,1
DA:4,1
DA:6,2
DA:7,2
DA:8,2
DA:10,2
DA:11,1
DA:17,1
DA:26,1
DA:28,0
DA:29,0
DA:36,5
DA:37,5
DA:38,5
DA:40,5
DA:41,1
DA:47,4
DA:48,3
DA:50,3
DA:51,1
DA:57,2
DA:64,1
DA:66,2
DA:67,0
DA:73,2
DA:74,2
DA:81,3
DA:82,3
DA:83,3
DA:85,3
DA:86,1
DA:92,2
DA:93,2
DA:95,2
DA:96,1
DA:102,1
DA:111,1
DA:113,0
DA:114,0
LF:41
LH:36
BRDA:10,0,0,1
BRDA:40,1,0,1
BRDA:50,2,0,1
BRDA:66,3,0,0
BRDA:85,4,0,1
BRDA:95,5,0,1
BRF:6
BRH:5
end_of_record
TN:
SF:src\app\api\campaigns\route.ts
FN:43,(anonymous_4)
FN:139,POST
FN:194,GET
FN:269,PATCH
FNF:4
FNH:0
FNDA:0,(anonymous_4)
FNDA:0,POST
FNDA:0,GET
FNDA:0,PATCH
DA:1,0
DA:3,0
DA:4,0
DA:5,0
DA:6,0
DA:7,0
DA:9,0
DA:43,0
DA:56,0
DA:59,0
DA:60,0
DA:61,0
DA:62,0
DA:63,0
DA:64,0
DA:65,0
DA:70,0
DA:71,0
DA:72,0
DA:73,0
DA:74,0
DA:79,0
DA:80,0
DA:84,0
DA:85,0
DA:89,0
DA:90,0
DA:91,0
DA:92,0
DA:96,0
DA:97,0
DA:101,0
DA:102,0
DA:109,0
DA:110,0
DA:113,0
DA:139,0
DA:140,0
DA:141,0
DA:142,0
DA:143,0
DA:149,0
DA:150,0
DA:153,0
DA:154,0
DA:159,0
DA:160,0
DA:166,0
DA:173,0
DA:175,0
DA:176,0
DA:185,0
DA:186,0
DA:194,0
DA:195,0
DA:196,0
DA:197,0
DA:198,0
DA:199,0
DA:200,0
DA:201,0
DA:202,0
DA:203,0
DA:204,0
DA:205,0
DA:206,0
DA:207,0
DA:210,0
DA:238,0
DA:260,0
DA:261,0
DA:269,0
DA:270,0
DA:271,0
DA:272,0
DA:273,0
DA:279,0
DA:280,0
DA:282,0
DA:287,0
DA:289,0
DA:290,0
LF:82
LH:0
BRDA:59,0,0,0
BRDA:60,1,0,0
BRDA:60,1,1,0
BRDA:63,2,0,0
BRDA:70,3,0,0
BRDA:71,4,0,0
BRDA:71,4,1,0
BRDA:73,5,0,0
BRDA:79,6,0,0
BRDA:84,7,0,0
BRDA:89,8,0,0
BRDA:89,9,0,0
BRDA:89,9,1,0
BRDA:91,10,0,0
BRDA:92,11,0,0
BRDA:96,12,0,0
BRDA:101,13,0,0
BRDA:109,14,0,0
BRDA:115,15,0,0
BRDA:115,15,1,0
BRDA:115,16,0,0
BRDA:115,16,1,0
BRDA:116,17,0,0
BRDA:116,17,1,0
BRDA:117,18,0,0
BRDA:117,18,1,0
BRDA:119,19,0,0
BRDA:119,19,1,0
BRDA:121,20,0,0
BRDA:121,20,1,0
BRDA:142,21,0,0
BRDA:142,22,0,0
BRDA:142,22,1,0
BRDA:153,23,0,0
BRDA:153,24,0,0
BRDA:153,24,1,0
BRDA:159,25,0,0
BRDA:159,26,0,0
BRDA:159,26,1,0
BRDA:175,27,0,0
BRDA:204,28,0,0
BRDA:204,28,1,0
BRDA:206,29,0,0
BRDA:206,29,1,0
BRDA:207,30,0,0
BRDA:207,30,1,0
BRDA:226,31,0,0
BRDA:226,31,1,0
BRDA:229,32,0,0
BRDA:229,32,1,0
BRDA:233,33,0,0
BRDA:233,33,1,0
BRDA:272,34,0,0
BRDA:272,35,0,0
BRDA:272,35,1,0
BRF:55
BRH:0
end_of_record
TN:
SF:src\app\api\campaigns\[id]\apply\route.ts
FN:7,POST
FNF:1
FNH:0
FNDA:0,POST
DA:1,0
DA:3,0
DA:4,0
DA:5,0
DA:7,0
DA:11,0
DA:12,0
DA:13,0
DA:14,0
DA:20,0
DA:23,0
DA:30,0
DA:31,0
DA:38,0
DA:39,0
DA:46,0
DA:55,0
DA:56,0
DA:63,0
DA:72,0
DA:73,0
DA:80,0
DA:81,0
DA:86,0
DA:93,0
DA:126,0
DA:131,0
DA:132,0
LF:28
LH:0
BRDA:13,0,0,0
BRDA:30,1,0,0
BRDA:38,2,0,0
BRDA:55,3,0,0
BRDA:72,4,0,0
BRDA:81,5,0,0
BRDA:82,6,0,0
BRDA:82,6,1,0
BRDA:82,6,2,0
BRDA:82,6,3,0
BRDA:82,6,4,0
BRDA:82,6,5,0
BRF:12
BRH:0
end_of_record
TN:
SF:src\app\api\campaigns\[id]\reviews\route.ts
FN:5,GET
FNF:1
FNH:0
FNDA:0,GET
DA:1,0
DA:3,0
DA:5,0
DA:9,0
DA:10,0
DA:11,0
DA:12,0
DA:13,0
DA:14,0
DA:16,0
DA:19,0
DA:30,0
DA:48,0
DA:51,0
DA:58,0
DA:72,0
DA:73,0
LF:17
LH:0
BRDA:11,0,0,0
BRDA:11,0,1,0
BRDA:12,1,0,0
BRDA:12,1,1,0
BRDA:13,2,0,0
BRDA:13,2,1,0
BRDA:14,3,0,0
BRDA:14,3,1,0
BRDA:22,4,0,0
BRDA:22,4,1,0
BRDA:40,5,0,0
BRDA:40,5,1,0
BRDA:67,6,0,0
BRDA:67,6,1,0
BRF:14
BRH:0
end_of_record
TN:
SF:src\app\api\client\verification\route.ts
FN:16,POST
FN:88,GET
FNF:2
FNH:0
FNDA:0,POST
FNDA:0,GET
DA:1,0
DA:3,0
DA:4,0
DA:5,0
DA:6,0
DA:8,0
DA:16,0
DA:17,0
DA:18,0
DA:19,0
DA:20,0
DA:26,0
DA:27,0
DA:30,0
DA:34,0
DA:35,0
DA:42,0
DA:53,0
DA:63,0
DA:69,0
DA:70,0
DA:79,0
DA:80,0
DA:88,0
DA:89,0
DA:90,0
DA:91,0
DA:92,0
DA:98,0
DA:102,0
DA:103,0
DA:109,0
DA:112,0
DA:113,0
LF:34
LH:0
BRDA:19,0,0,0
BRDA:34,1,0,0
BRDA:34,2,0,0
BRDA:34,2,1,0
BRDA:58,3,0,0
BRDA:58,3,1,0
BRDA:69,4,0,0
BRDA:91,5,0,0
BRDA:102,6,0,0
BRF:9
BRH:0
end_of_record
TN:
SF:src\app\api\notifications\route.ts
FN:7,GET
FN:58,POST
FNF:2
FNH:0
FNDA:0,GET
FNDA:0,POST
DA:1,0
DA:2,0
DA:3,0
DA:4,0
DA:7,0
DA:8,0
DA:9,0
DA:10,0
DA:11,0
DA:14,0
DA:15,0
DA:16,0
DA:17,0
DA:19,0
DA:20,0
DA:23,0
DA:24,0
DA:27,0
DA:28,0
DA:40,0
DA:50,0
DA:51,0
DA:58,0
DA:59,0
DA:60,0
DA:61,0
DA:62,0
DA:65,0
DA:66,0
DA:68,0
DA:69,0
DA:75,0
DA:76,0
DA:79,0
DA:88,0
DA:90,0
DA:91,0
LF:37
LH:0
BRDA:10,0,0,0
BRDA:16,1,0,0
BRDA:16,1,1,0
BRDA:17,2,0,0
BRDA:17,2,1,0
BRDA:19,3,0,0
BRDA:23,4,0,0
BRDA:61,5,0,0
BRDA:68,6,0,0
BRDA:68,7,0,0
BRDA:68,7,1,0
BRDA:68,7,2,0
BRDA:68,7,3,0
BRDA:75,8,0,0
BRF:14
BRH:0
end_of_record
TN:
SF:src\app\api\notifications\[id]\route.ts
FN:7,PUT
FN:61,DELETE
FNF:2
FNH:0
FNDA:0,PUT
FNDA:0,DELETE
DA:1,0
DA:2,0
DA:3,0
DA:4,0
DA:7,0
DA:11,0
DA:13,0
DA:14,0
DA:15,0
DA:19,0
DA:20,0
DA:21,0
DA:28,0
DA:32,0
DA:33,0
DA:40,0
DA:41,0
DA:45,0
DA:50,0
DA:52,0
DA:53,0
DA:61,0
DA:65,0
DA:67,0
DA:68,0
DA:69,0
DA:73,0
DA:74,0
DA:75,0
DA:82,0
DA:86,0
DA:87,0
DA:94,0
DA:95,0
DA:99,0
DA:103,0
DA:105,0
DA:106,0
LF:38
LH:0
BRDA:14,0,0,0
BRDA:20,1,0,0
BRDA:32,2,0,0
BRDA:40,3,0,0
BRDA:68,4,0,0
BRDA:74,5,0,0
BRDA:86,6,0,0
BRDA:94,7,0,0
BRF:8
BRH:0
end_of_record
TN:
SF:src\app\api\notifications\[id]\read\route.ts
FN:6,PUT
FNF:1
FNH:0
FNDA:0,PUT
DA:1,0
DA:2,0
DA:3,0
DA:4,0
DA:6,0
DA:10,0
DA:11,0
DA:12,0
DA:13,0
DA:16,0
DA:17,0
DA:21,0
DA:22,0
DA:25,0
DA:26,0
DA:29,0
DA:34,0
DA:36,0
DA:37,0
LF:19
LH:0
BRDA:12,0,0,0
BRDA:21,1,0,0
BRDA:25,2,0,0
BRF:3
BRH:0
end_of_record
TN:
SF:src\app\api\notifications\preferences\route.ts
FN:8,GET
FN:23,(anonymous_4)
FN:51,PUT
FN:110,(anonymous_6)
FNF:4
FNH:0
FNDA:0,GET
FNDA:0,(anonymous_4)
FNDA:0,PUT
FNDA:0,(anonymous_6)
DA:1,0
DA:2,0
DA:3,0
DA:4,0
DA:5,0
DA:8,0
DA:9,0
DA:11,0
DA:12,0
DA:13,0
DA:17,0
DA:22,0
DA:23,0
DA:33,0
DA:37,0
DA:40,0
DA:42,0
DA:43,0
DA:51,0
DA:52,0
DA:54,0
DA:55,0
DA:56,0
DA:60,0
DA:61,0
DA:64,0
DA:65,0
DA:72,0
DA:73,0
DA:78,0
DA:85,0
DA:86,0
DA:93,0
DA:94,0
DA:95,0
DA:104,0
DA:109,0
DA:110,0
DA:118,0
DA:120,0
DA:121,0
LF:41
LH:0
BRDA:12,0,0,0
BRDA:22,1,0,0
BRDA:55,2,0,0
BRDA:64,3,0,0
BRDA:73,4,0,0
BRDA:74,5,0,0
BRDA:74,5,1,0
BRDA:74,5,2,0
BRDA:85,6,0,0
BRDA:94,7,0,0
BRF:10
BRH:0
end_of_record
TN:
SF:src\app\api\seo\route.ts
FN:21,GET
FN:54,PUT
FNF:2
FNH:0
FNDA:0,GET
FNDA:0,PUT
DA:1,0
DA:3,0
DA:4,0
DA:6,0
DA:21,0
DA:22,0
DA:23,0
DA:24,0
DA:25,0
DA:27,0
DA:28,0
DA:34,0
DA:43,0
DA:45,0
DA:46,0
DA:54,0
DA:55,0
DA:56,0
DA:57,0
DA:59,0
DA:71,0
DA:72,0
DA:85,0
DA:87,0
DA:88,0
DA:97,0
DA:98,0
LF:27
LH:0
BRDA:27,0,0,0
BRDA:38,1,0,0
BRDA:38,1,1,0
BRDA:63,2,0,0
BRDA:63,2,1,0
BRDA:71,3,0,0
BRDA:71,4,0,0
BRDA:71,4,1,0
BRDA:87,5,0,0
BRF:9
BRH:0
end_of_record
TN:
SF:src\app\api\subscriptions\route.ts
FN:12,POST
FN:88,DELETE
FNF:2
FNH:0
FNDA:0,POST
FNDA:0,DELETE
DA:1,0
DA:3,0
DA:4,0
DA:5,0
DA:7,0
DA:12,0
DA:13,0
DA:14,0
DA:15,0
DA:18,0
DA:19,0
DA:20,0
DA:27,0
DA:31,0
DA:32,0
DA:39,0
DA:42,0
DA:52,0
DA:63,0
DA:69,0
DA:70,0
DA:79,0
DA:80,0
DA:88,0
DA:89,0
DA:90,0
DA:91,0
DA:93,0
DA:94,0
DA:101,0
DA:109,0
DA:114,0
DA:115,0
LF:33
LH:0
BRDA:19,0,0,0
BRDA:31,1,0,0
BRDA:31,2,0,0
BRDA:31,2,1,0
BRDA:69,3,0,0
BRDA:93,4,0,0
BRF:6
BRH:0
end_of_record
TN:
SF:src\app\api\upload\[key]\route.ts
FN:14,DELETE
FNF:1
FNH:0
FNDA:0,DELETE
DA:1,0
DA:2,0
DA:3,0
DA:4,0
DA:6,0
DA:14,0
DA:18,0
DA:19,0
DA:20,0
DA:21,0
DA:25,0
DA:26,0
DA:29,0
DA:34,0
DA:36,0
DA:38,0
DA:39,0
LF:17
LH:0
BRDA:20,0,0,0
BRDA:25,1,0,0
BRF:2
BRH:0
end_of_record
TN:
SF:src\app\api\upload\presigned\route.ts
FN:16,GET
FNF:1
FNH:0
FNDA:0,GET
DA:1,0
DA:2,0
DA:3,0
DA:4,0
DA:5,0
DA:6,0
DA:8,0
DA:16,0
DA:17,0
DA:18,0
DA:19,0
DA:20,0
DA:23,0
DA:24,0
DA:29,0
DA:30,0
DA:32,0
DA:38,0
DA:39,0
LF:19
LH:0
BRDA:19,0,0,0
BRF:1
BRH:0
end_of_record
TN:
SF:src\app\api\users\[userId]\applications\route.ts
FN:6,GET
FNF:1
FNH:0
FNDA:0,GET
DA:1,0
DA:2,0
DA:3,0
DA:4,0
DA:6,0
DA:10,0
DA:11,0
DA:13,0
DA:14,0
DA:20,0
DA:21,0
DA:27,0
DA:50,0
DA:52,0
DA:53,0
LF:15
LH:0
BRDA:13,0,0,0
BRDA:20,1,0,0
BRF:2
BRH:0
end_of_record
TN:
SF:src\app\api\users\[userId]\notification-settings\route.ts
FN:6,GET
FN:48,PUT
FNF:2
FNH:0
FNDA:0,GET
FNDA:0,PUT
DA:1,0
DA:2,0
DA:3,0
DA:4,0
DA:6,0
DA:10,0
DA:11,0
DA:12,0
DA:13,0
DA:16,0
DA:17,0
DA:20,0
DA:24,0
DA:25,0
DA:35,0
DA:38,0
DA:40,0
DA:41,0
DA:48,0
DA:52,0
DA:53,0
DA:54,0
DA:55,0
DA:58,0
DA:59,0
DA:62,0
DA:63,0
DA:65,0
DA:84,0
DA:86,0
DA:87,0
LF:31
LH:0
BRDA:12,0,0,0
BRDA:16,1,0,0
BRDA:24,2,0,0
BRDA:54,3,0,0
BRDA:58,4,0,0
BRF:5
BRH:0
end_of_record
TN:
SF:src\app\api\users\[userId]\notifications\route.ts
FN:6,GET
FNF:1
FNH:0
FNDA:0,GET
DA:1,0
DA:2,0
DA:3,0
DA:4,0
DA:6,0
DA:10,0
DA:11,0
DA:12,0
DA:13,0
DA:16,0
DA:17,0
DA:18,0
DA:21,0
DA:27,0
DA:29,0
DA:30,0
LF:16
LH:0
BRDA:12,0,0,0
BRDA:17,1,0,0
BRF:2
BRH:0
end_of_record
TN:
SF:src\app\api\users\[userId]\reviews\route.ts
FN:6,GET
FNF:1
FNH:0
FNDA:0,GET
DA:1,0
DA:2,0
DA:3,0
DA:4,0
DA:6,0
DA:10,0
DA:11,0
DA:13,0
DA:14,0
DA:20,0
DA:21,0
DA:27,0
DA:44,0
DA:46,0
DA:47,0
LF:15
LH:0
BRDA:13,0,0,0
BRDA:20,1,0,0
BRF:2
BRH:0
end_of_record
TN:
SF:src\app\campaigns\page.tsx
FN:10,CampaignsPage
FN:18,(anonymous_6)
FN:40,(anonymous_7)
FN:67,(anonymous_8)
FNF:4
FNH:0
FNDA:0,CampaignsPage
FNDA:0,(anonymous_6)
FNDA:0,(anonymous_7)
FNDA:0,(anonymous_8)
DA:3,0
DA:4,0
DA:5,0
DA:6,0
DA:7,0
DA:10,0
DA:11,0
DA:12,0
DA:13,0
DA:14,0
DA:15,0
DA:16,0
DA:18,0
DA:19,0
DA:20,0
DA:21,0
DA:30,0
DA:31,0
DA:33,0
DA:34,0
DA:36,0
DA:40,0
DA:41,0
DA:44,0
DA:52,0
DA:68,0
LF:26
LH:0
BRDA:22,0,0,0
BRDA:22,0,1,0
BRDA:23,1,0,0
BRDA:23,1,1,0
BRDA:24,2,0,0
BRDA:24,2,1,0
BRDA:25,3,0,0
BRDA:25,3,1,0
BRDA:44,4,0,0
BRDA:52,5,0,0
BRF:10
BRH:0
end_of_record
TN:
SF:src\app\campaigns\[id]\page.tsx
FN:20,getCampaignData
FN:91,generateMetadata
FN:107,generateStructuredData
FN:132,CampaignPage
FNF:4
FNH:0
FNDA:0,getCampaignData
FNDA:0,generateMetadata
FNDA:0,generateStructuredData
FNDA:0,CampaignPage
DA:3,0
DA:4,0
DA:9,0
DA:13,0
DA:14,0
DA:15,0
DA:16,0
DA:17,0
DA:18,0
DA:21,0
DA:41,0
DA:42,0
DA:46,0
DA:64,0
DA:75,0
DA:91,0
DA:92,0
DA:93,0
DA:94,0
DA:100,0
DA:108,0
DA:132,0
DA:133,0
LF:23
LH:0
BRDA:41,0,0,0
BRDA:80,1,0,0
BRDA:80,1,1,0
BRDA:97,2,0,0
BRDA:97,2,1,0
BRDA:113,3,0,0
BRDA:113,3,1,0
BRDA:118,4,0,0
BRDA:118,4,1,0
BRDA:124,5,0,0
BRDA:124,5,1,0
BRDA:128,6,0,0
BRDA:128,6,1,0
BRF:13
BRH:0
end_of_record
TN:
SF:src\app\campaigns\delivery\page.tsx
FN:8,getDeliveryPageData
FN:21,DeliveryCampaigns
FN:71,(anonymous_4)
FN:78,DeliveryPage
FN:106,CampaignsSkeleton
FN:109,(anonymous_7)
FNF:6
FNH:0
FNDA:0,getDeliveryPageData
FNDA:0,DeliveryCampaigns
FNDA:0,(anonymous_4)
FNDA:0,DeliveryPage
FNDA:0,CampaignsSkeleton
FNDA:0,(anonymous_7)
DA:1,0
DA:2,0
DA:3,0
DA:4,0
DA:5,0
DA:6,0
DA:10,0
DA:14,0
DA:26,0
DA:29,0
DA:56,0
DA:72,0
DA:78,0
DA:83,0
DA:110,0
LF:15
LH:0
BRDA:33,0,0,0
BRDA:33,0,1,0
BRDA:38,1,0,0
BRDA:38,1,1,0
BRDA:56,2,0,0
BRF:5
BRH:0
end_of_record
TN:
SF:src\app\campaigns\visit\page.tsx
FN:8,getVisitPageData
FN:27,(anonymous_3)
FN:30,(anonymous_4)
FN:43,VisitCampaigns
FN:100,(anonymous_6)
FN:107,VisitPage
FN:135,CampaignsSkeleton
FN:138,(anonymous_9)
FNF:8
FNH:0
FNDA:0,getVisitPageData
FNDA:0,(anonymous_3)
FNDA:0,(anonymous_4)
FNDA:0,VisitCampaigns
FNDA:0,(anonymous_6)
FNDA:0,VisitPage
FNDA:0,CampaignsSkeleton
FNDA:0,(anonymous_9)
DA:1,0
DA:2,0
DA:3,0
DA:4,0
DA:5,0
DA:6,0
DA:10,0
DA:15,0
DA:27,0
DA:30,0
DA:31,0
DA:32,0
DA:33,0
DA:36,0
DA:48,0
DA:51,0
DA:85,0
DA:101,0
DA:107,0
DA:112,0
DA:139,0
LF:21
LH:0
BRDA:31,0,0,0
BRDA:55,1,0,0
BRDA:55,1,1,0
BRDA:60,2,0,0
BRDA:60,2,1,0
BRDA:63,3,0,0
BRDA:63,3,1,0
BRDA:66,4,0,0
BRDA:66,4,1,0
BRDA:85,5,0,0
BRDA:121,6,0,0
BRDA:121,6,1,0
BRF:12
BRH:0
end_of_record
TN:
SF:src\app\delivery\page.tsx
FN:31,DeliveryPage
FN:52,(anonymous_3)
FN:55,(anonymous_4)
FN:57,(anonymous_5)
FN:63,(anonymous_6)
FN:65,(anonymous_7)
FN:73,(anonymous_8)
FN:99,(anonymous_9)
FN:113,(anonymous_10)
FN:117,(anonymous_11)
FN:123,(anonymous_12)
FN:155,(anonymous_13)
FN:167,(anonymous_14)
FNF:13
FNH:0
FNDA:0,DeliveryPage
FNDA:0,(anonymous_3)
FNDA:0,(anonymous_4)
FNDA:0,(anonymous_5)
FNDA:0,(anonymous_6)
FNDA:0,(anonymous_7)
FNDA:0,(anonymous_8)
FNDA:0,(anonymous_9)
FNDA:0,(anonymous_10)
FNDA:0,(anonymous_11)
FNDA:0,(anonymous_12)
FNDA:0,(anonymous_13)
FNDA:0,(anonymous_14)
DA:3,0
DA:4,0
DA:5,0
DA:6,0
DA:7,0
DA:9,0
DA:11,0
DA:17,0
DA:24,0
DA:31,0
DA:32,0
DA:33,0
DA:34,0
DA:35,0
DA:36,0
DA:37,0
DA:38,0
DA:39,0
DA:42,0
DA:50,0
DA:52,0
DA:53,0
DA:54,0
DA:55,0
DA:56,0
DA:57,0
DA:60,0
DA:63,0
DA:64,0
DA:65,0
DA:66,0
DA:67,0
DA:70,0
DA:73,0
DA:74,0
DA:75,0
DA:76,0
DA:78,0
DA:79,0
DA:80,0
DA:81,0
DA:82,0
DA:85,0
DA:86,0
DA:87,0
DA:88,0
DA:91,0
DA:98,0
DA:99,0
DA:100,0
DA:102,0
DA:103,0
DA:106,0
DA:107,0
DA:109,0
DA:113,0
DA:114,0
DA:117,0
DA:118,0
DA:119,0
DA:123,0
DA:124,0
DA:132,0
DA:133,0
DA:134,0
DA:155,0
DA:168,0
LF:67
LH:0
BRDA:43,0,0,0
BRDA:43,0,1,0
BRDA:44,1,0,0
BRDA:44,1,1,0
BRDA:45,2,0,0
BRDA:45,2,1,0
BRDA:46,3,0,0
BRDA:46,3,1,0
BRDA:47,4,0,0
BRDA:47,4,1,0
BRDA:53,5,0,0
BRDA:54,6,0,0
BRDA:56,7,0,0
BRDA:56,8,0,0
BRDA:56,8,1,0
BRDA:60,9,0,0
BRDA:66,10,0,0
BRDA:66,11,0,0
BRDA:66,11,1,0
BRDA:66,11,2,0
BRDA:73,12,0,0
BRDA:73,13,0,0
BRDA:79,14,0,0
BRDA:80,15,0,0
BRDA:81,16,0,0
BRDA:82,17,0,0
BRDA:85,18,0,0
BRDA:85,19,0,0
BRDA:85,19,1,0
BRDA:87,20,0,0
BRDA:88,21,0,0
BRDA:99,22,0,0
BRDA:99,22,1,0
BRDA:102,23,0,0
BRDA:118,24,0,0
BRDA:126,25,0,0
BRDA:126,25,1,0
BRDA:127,26,0,0
BRDA:127,26,1,0
BRDA:128,27,0,0
BRDA:128,27,1,0
BRDA:129,28,0,0
BRDA:129,28,1,0
BRDA:130,29,0,0
BRDA:130,29,1,0
BRDA:152,30,0,0
BRDA:162,31,0,0
BRDA:161,32,0,0
BRDA:161,32,1,0
BRDA:170,33,0,0
BRDA:170,33,1,0
BRDA:178,34,0,0
BRF:52
BRH:0
end_of_record
TN:
SF:src\app\inquiry\page.tsx
FN:5,InquiryPage
FN:13,(anonymous_2)
FN:19,(anonymous_3)
FNF:3
FNH:0
FNDA:0,InquiryPage
FNDA:0,(anonymous_2)
FNDA:0,(anonymous_3)
DA:3,0
DA:5,0
DA:6,0
DA:13,0
DA:14,0
DA:16,0
DA:19,0
DA:22,0
LF:8
LH:0
BRF:0
BRH:0
end_of_record
TN:
SF:src\app\mypage\layout.tsx
FN:8,MyPageLayout
FNF:1
FNH:0
FNDA:0,MyPageLayout
DA:1,0
DA:3,0
DA:8,0
LF:3
LH:0
BRF:0
BRH:0
end_of_record
TN:
SF:src\app\mypage\page.tsx
FN:14,MyPage
FN:22,(anonymous_6)
FN:31,(anonymous_7)
FN:64,(anonymous_8)
FN:74,(anonymous_9)
FN:84,(anonymous_10)
FNF:6
FNH:0
FNDA:0,MyPage
FNDA:0,(anonymous_6)
FNDA:0,(anonymous_7)
FNDA:0,(anonymous_8)
FNDA:0,(anonymous_9)
FNDA:0,(anonymous_10)
DA:3,0
DA:4,0
DA:5,0
DA:6,0
DA:7,0
DA:8,0
DA:9,0
DA:14,0
DA:15,0
DA:16,0
DA:17,0
DA:18,0
DA:19,0
DA:20,0
DA:22,0
DA:23,0
DA:24,0
DA:25,0
DA:28,0
DA:31,0
DA:32,0
DA:33,0
DA:34,0
DA:35,0
DA:37,0
DA:38,0
DA:40,0
DA:44,0
DA:52,0
DA:64,0
DA:74,0
DA:84,0
LF:32
LH:0
BRDA:23,0,0,0
BRDA:44,1,0,0
BRDA:52,2,0,0
BRDA:52,3,0,0
BRDA:52,3,1,0
BRDA:55,4,0,0
BRDA:55,4,1,0
BRDA:66,5,0,0
BRDA:66,5,1,0
BRDA:76,6,0,0
BRDA:76,6,1,0
BRDA:86,7,0,0
BRDA:86,7,1,0
BRDA:96,8,0,0
BRDA:99,9,0,0
BRDA:99,9,1,0
BRDA:102,10,0,0
BRDA:102,10,1,0
BRF:18
BRH:0
end_of_record
TN:
SF:src\app\mypage\applications\page.tsx
FN:9,ApplicationsPage
FN:15,(anonymous_2)
FN:25,(anonymous_3)
FN:44,(anonymous_4)
FN:78,(anonymous_5)
FN:100,(anonymous_6)
FNF:6
FNH:0
FNDA:0,ApplicationsPage
FNDA:0,(anonymous_2)
FNDA:0,(anonymous_3)
FNDA:0,(anonymous_4)
FNDA:0,(anonymous_5)
FNDA:0,(anonymous_6)
DA:3,0
DA:4,0
DA:5,0
DA:6,0
DA:9,0
DA:10,0
DA:11,0
DA:12,0
DA:13,0
DA:15,0
DA:16,0
DA:17,0
DA:20,0
DA:21,0
DA:25,0
DA:26,0
DA:27,0
DA:28,0
DA:29,0
DA:31,0
DA:32,0
DA:34,0
DA:38,0
DA:45,0
DA:53,0
DA:79,0
LF:26
LH:0
BRDA:16,0,0,0
BRDA:20,1,0,0
BRDA:20,2,0,0
BRDA:20,2,1,0
BRDA:38,3,0,0
BRDA:53,4,0,0
BRDA:73,5,0,0
BRDA:89,6,0,0
BRDA:89,6,1,0
BRDA:90,7,0,0
BRDA:90,7,1,0
BRDA:93,8,0,0
BRDA:93,8,1,0
BRDA:94,9,0,0
BRDA:94,9,1,0
BRDA:95,10,0,0
BRDA:95,10,1,0
BRDA:98,11,0,0
BRDA:98,11,1,0
BRF:19
BRH:0
end_of_record
TN:
SF:src\app\mypage\reviews\page.tsx
FN:21,ReviewsPage
FN:27,(anonymous_3)
FN:37,(anonymous_4)
FN:57,(anonymous_5)
FN:91,(anonymous_6)
FN:125,(anonymous_7)
FNF:6
FNH:0
FNDA:0,ReviewsPage
FNDA:0,(anonymous_3)
FNDA:0,(anonymous_4)
FNDA:0,(anonymous_5)
FNDA:0,(anonymous_6)
FNDA:0,(anonymous_7)
DA:3,0
DA:4,0
DA:5,0
DA:6,0
DA:21,0
DA:22,0
DA:23,0
DA:24,0
DA:25,0
DA:27,0
DA:28,0
DA:29,0
DA:32,0
DA:33,0
DA:37,0
DA:38,0
DA:39,0
DA:40,0
DA:41,0
DA:42,0
DA:43,0
DA:45,0
DA:47,0
DA:51,0
DA:58,0
DA:66,0
DA:92,0
DA:126,0
LF:28
LH:0
BRDA:28,0,0,0
BRDA:32,1,0,0
BRDA:32,2,0,0
BRDA:32,2,1,0
BRDA:41,3,0,0
BRDA:45,4,0,0
BRDA:45,4,1,0
BRDA:51,5,0,0
BRDA:66,6,0,0
BRDA:86,7,0,0
BRDA:104,8,0,0
BRDA:104,8,1,0
BRDA:105,9,0,0
BRDA:105,9,1,0
BRDA:108,10,0,0
BRDA:108,10,1,0
BRDA:109,11,0,0
BRDA:109,11,1,0
BRDA:110,12,0,0
BRDA:110,12,1,0
BRDA:129,13,0,0
BRDA:129,13,1,0
BRF:22
BRH:0
end_of_record
TN:
SF:src\app\notifications\page.tsx
FN:9,NotificationsPage
FN:13,(anonymous_3)
FN:26,(anonymous_4)
FNF:3
FNH:0
FNDA:0,NotificationsPage
FNDA:0,(anonymous_3)
FNDA:0,(anonymous_4)
DA:3,0
DA:4,0
DA:5,0
DA:6,0
DA:7,0
DA:9,0
DA:10,0
DA:11,0
DA:13,0
DA:14,0
DA:15,0
DA:17,0
DA:20,0
DA:27,0
LF:14
LH:0
BRDA:14,0,0,0
BRDA:20,1,0,0
BRF:2
BRH:0
end_of_record
TN:
SF:src\app\visit\page.tsx
FN:31,VisitPage
FN:52,(anonymous_3)
FN:55,(anonymous_4)
FN:57,(anonymous_5)
FN:63,(anonymous_6)
FN:65,(anonymous_7)
FN:73,(anonymous_8)
FN:93,(anonymous_9)
FN:107,(anonymous_10)
FN:111,(anonymous_11)
FN:117,(anonymous_12)
FN:149,(anonymous_13)
FN:161,(anonymous_14)
FNF:13
FNH:0
FNDA:0,VisitPage
FNDA:0,(anonymous_3)
FNDA:0,(anonymous_4)
FNDA:0,(anonymous_5)
FNDA:0,(anonymous_6)
FNDA:0,(anonymous_7)
FNDA:0,(anonymous_8)
FNDA:0,(anonymous_9)
FNDA:0,(anonymous_10)
FNDA:0,(anonymous_11)
FNDA:0,(anonymous_12)
FNDA:0,(anonymous_13)
FNDA:0,(anonymous_14)
DA:3,0
DA:4,0
DA:5,0
DA:6,0
DA:7,0
DA:9,0
DA:11,0
DA:18,0
DA:24,0
DA:31,0
DA:32,0
DA:33,0
DA:34,0
DA:35,0
DA:36,0
DA:37,0
DA:38,0
DA:39,0
DA:42,0
DA:50,0
DA:52,0
DA:53,0
DA:54,0
DA:55,0
DA:56,0
DA:57,0
DA:60,0
DA:63,0
DA:64,0
DA:65,0
DA:66,0
DA:67,0
DA:70,0
DA:73,0
DA:74,0
DA:75,0
DA:76,0
DA:78,0
DA:79,0
DA:80,0
DA:81,0
DA:82,0
DA:83,0
DA:85,0
DA:92,0
DA:93,0
DA:94,0
DA:96,0
DA:97,0
DA:100,0
DA:101,0
DA:103,0
DA:107,0
DA:108,0
DA:111,0
DA:112,0
DA:113,0
DA:117,0
DA:118,0
DA:126,0
DA:127,0
DA:128,0
DA:149,0
DA:162,0
LF:64
LH:0
BRDA:43,0,0,0
BRDA:43,0,1,0
BRDA:44,1,0,0
BRDA:44,1,1,0
BRDA:45,2,0,0
BRDA:45,2,1,0
BRDA:46,3,0,0
BRDA:46,3,1,0
BRDA:47,4,0,0
BRDA:47,4,1,0
BRDA:53,5,0,0
BRDA:54,6,0,0
BRDA:56,7,0,0
BRDA:56,8,0,0
BRDA:56,8,1,0
BRDA:60,9,0,0
BRDA:66,10,0,0
BRDA:66,11,0,0
BRDA:66,11,1,0
BRDA:66,11,2,0
BRDA:73,12,0,0
BRDA:73,13,0,0
BRDA:79,14,0,0
BRDA:80,15,0,0
BRDA:81,16,0,0
BRDA:82,17,0,0
BRDA:83,18,0,0
BRDA:93,19,0,0
BRDA:93,19,1,0
BRDA:96,20,0,0
BRDA:112,21,0,0
BRDA:120,22,0,0
BRDA:120,22,1,0
BRDA:121,23,0,0
BRDA:121,23,1,0
BRDA:122,24,0,0
BRDA:122,24,1,0
BRDA:123,25,0,0
BRDA:123,25,1,0
BRDA:124,26,0,0
BRDA:124,26,1,0
BRDA:146,27,0,0
BRDA:156,28,0,0
BRDA:155,29,0,0
BRDA:155,29,1,0
BRDA:164,30,0,0
BRDA:164,30,1,0
BRDA:172,31,0,0
BRF:48
BRH:0
end_of_record
TN:
SF:src\components\CampaignCard.tsx
FN:25,CampaignCard
FN:38,(anonymous_3)
FNF:2
FNH:0
FNDA:0,CampaignCard
FNDA:0,(anonymous_3)
DA:3,0
DA:4,0
DA:5,0
DA:6,0
DA:25,0
DA:38,0
DA:39,0
DA:45,0
LF:8
LH:0
BRDA:34,0,0,0
BRDA:45,1,0,0
BRDA:45,1,1,0
BRDA:57,2,0,0
BRDA:57,2,1,0
BRDA:75,3,0,0
BRDA:76,4,0,0
BRF:7
BRH:0
end_of_record
TN:
SF:src\components\ErrorBoundary.tsx
FN:15,(anonymous_2)
FN:20,(anonymous_3)
FN:24,(anonymous_4)
FN:28,(anonymous_5)
FN:45,(anonymous_6)
FNF:5
FNH:0
FNDA:0,(anonymous_2)
FNDA:0,(anonymous_3)
FNDA:0,(anonymous_4)
FNDA:0,(anonymous_5)
FNDA:0,(anonymous_6)
DA:1,0
DA:2,0
DA:14,0
DA:16,0
DA:17,0
DA:21,0
DA:25,0
DA:29,0
DA:30,0
DA:31,0
DA:45,0
DA:58,0
LF:12
LH:0
BRDA:29,0,0,0
BRDA:30,1,0,0
BRDA:42,2,0,0
BRDA:42,2,1,0
BRF:4
BRH:0
end_of_record
TN:
SF:src\components\Footer.tsx
FN:3,(anonymous_2)
FNF:1
FNH:0
FNDA:0,(anonymous_2)
DA:1,0
DA:3,0
DA:65,0
LF:3
LH:0
BRF:0
BRH:0
end_of_record
TN:
SF:src\components\MainSlider.tsx
FN:27,MainSlider
FN:30,(anonymous_3)
FN:31,(anonymous_4)
FN:32,(anonymous_5)
FN:35,(anonymous_6)
FN:40,(anonymous_7)
FN:64,(anonymous_8)
FN:70,(anonymous_9)
FNF:8
FNH:0
FNDA:0,MainSlider
FNDA:0,(anonymous_3)
FNDA:0,(anonymous_4)
FNDA:0,(anonymous_5)
FNDA:0,(anonymous_6)
FNDA:0,(anonymous_7)
FNDA:0,(anonymous_8)
FNDA:0,(anonymous_9)
DA:3,0
DA:4,0
DA:6,0
DA:27,0
DA:28,0
DA:30,0
DA:31,0
DA:32,0
DA:35,0
DA:41,0
DA:65,0
DA:70,0
LF:12
LH:0
BRDA:44,0,0,0
BRDA:44,0,1,0
BRDA:68,1,0,0
BRDA:68,1,1,0
BRF:4
BRH:0
end_of_record
TN:
SF:src\components\Metadata.tsx
FN:12,generateMetadata
FNF:1
FNH:0
FNDA:0,generateMetadata
DA:12,0
DA:20,0
DA:21,0
DA:23,0
LF:4
LH:0
BRDA:12,0,0,0
BRDA:13,1,0,0
BRDA:14,2,0,0
BRDA:15,3,0,0
BRDA:16,4,0,0
BRDA:17,5,0,0
BRDA:21,6,0,0
BRDA:21,6,1,0
BRF:8
BRH:0
end_of_record
TN:
SF:src\components\Navigation.tsx
FN:11,(anonymous_2)
FN:14,(anonymous_3)
FNF:2
FNH:0
FNDA:0,(anonymous_2)
FNDA:0,(anonymous_3)
DA:3,0
DA:4,0
DA:5,0
DA:6,0
DA:7,0
DA:8,0
DA:9,0
DA:11,0
DA:12,0
DA:14,0
DA:15,0
DA:155,0
LF:12
LH:0
BRDA:56,0,0,0
BRDA:77,1,0,0
BRDA:77,1,1,0
BRDA:85,2,0,0
BRDA:85,2,1,0
BRDA:97,3,0,0
BRDA:97,3,1,0
BRDA:109,4,0,0
BRDA:109,4,1,0
BRDA:121,5,0,0
BRDA:121,5,1,0
BRF:11
BRH:0
end_of_record
TN:
SF:src\components\Providers.tsx
FN:11,(anonymous_1)
FNF:1
FNH:0
FNDA:0,(anonymous_1)
DA:4,0
DA:5,0
DA:11,0
DA:21,0
LF:4
LH:0
BRF:0
BRH:0
end_of_record
TN:
SF:src\components\admin\AdminNav.tsx
FN:15,AdminNav
FN:30,(anonymous_3)
FNF:2
FNH:0
FNDA:0,AdminNav
FNDA:0,(anonymous_3)
DA:3,0
DA:4,0
DA:5,0
DA:6,0
DA:8,0
DA:15,0
DA:16,0
DA:17,0
DA:31,0
LF:9
LH:0
BRDA:35,0,0,0
BRDA:35,0,1,0
BRF:2
BRH:0
end_of_record
TN:
SF:src\components\admin\CampaignDisplaySettings.tsx
FN:14,CampaignDisplaySettings
FN:21,(anonymous_2)
FN:69,(anonymous_3)
FN:83,(anonymous_4)
FN:97,(anonymous_5)
FNF:5
FNH:0
FNDA:0,CampaignDisplaySettings
FNDA:0,(anonymous_2)
FNDA:0,(anonymous_3)
FNDA:0,(anonymous_4)
FNDA:0,(anonymous_5)
DA:1,0
DA:2,0
DA:3,0
DA:14,0
DA:18,0
DA:19,0
DA:21,0
DA:22,0
DA:23,0
DA:24,0
DA:26,0
DA:34,0
DA:35,0
DA:38,0
DA:39,0
DA:45,0
DA:51,0
DA:69,0
DA:83,0
DA:97,0
LF:20
LH:0
BRDA:34,0,0,0
BRF:1
BRH:0
end_of_record
TN:
SF:src\components\campaigns\CampaignApplyButton.tsx
FN:13,CampaignApplyButton
FN:22,(anonymous_2)
FNF:2
FNH:0
FNDA:0,CampaignApplyButton
FNDA:0,(anonymous_2)
DA:1,0
DA:2,0
DA:3,0
DA:4,0
DA:13,0
DA:19,0
DA:20,0
DA:22,0
DA:23,0
DA:24,0
DA:25,0
DA:28,0
DA:29,0
DA:30,0
DA:37,0
DA:38,0
DA:39,0
DA:42,0
DA:48,0
DA:50,0
DA:56,0
DA:60,0
DA:71,0
LF:23
LH:0
BRDA:23,0,0,0
BRDA:37,1,0,0
BRDA:39,2,0,0
BRDA:39,2,1,0
BRDA:52,3,0,0
BRDA:52,3,1,0
BRDA:60,4,0,0
BRDA:71,5,0,0
BRDA:88,6,0,0
BRDA:88,6,1,0
BRF:10
BRH:0
end_of_record
TN:
SF:src\components\campaigns\CampaignCard.tsx
FN:18,(anonymous_5)
FN:25,(anonymous_6)
FN:48,(anonymous_7)
FN:53,(anonymous_8)
FNF:4
FNH:4
FNDA:46,(anonymous_5)
FNDA:3,(anonymous_6)
FNDA:1,(anonymous_7)
FNDA:22,(anonymous_8)
DA:3,2
DA:4,2
DA:5,2
DA:6,2
DA:7,2
DA:8,2
DA:9,2
DA:11,2
DA:18,2
DA:19,46
DA:20,22
DA:21,22
DA:22,22
DA:23,22
DA:25,22
DA:26,3
DA:27,3
DA:29,3
DA:30,0
DA:31,0
DA:34,3
DA:35,3
DA:36,3
DA:37,2
DA:38,2
DA:39,2
DA:41,1
DA:42,1
DA:44,3
DA:48,22
DA:49,1
DA:50,1
DA:53,22
DA:54,22
DA:55,22
DA:56,22
DA:57,22
DA:59,22
DA:60,0
DA:61,0
DA:131,2
DA:133,27
LF:42
LH:38
BRDA:21,0,0,22
BRDA:21,0,1,22
BRDA:29,1,0,0
BRDA:39,2,0,0
BRDA:39,2,1,2
BRDA:59,3,0,22
BRDA:60,4,0,0
BRDA:72,5,0,1
BRDA:72,5,1,21
BRDA:72,6,0,21
BRDA:72,6,1,0
BRDA:82,7,0,2
BRDA:82,7,1,20
BRDA:90,8,0,2
BRDA:90,8,1,20
BRDA:102,9,0,22
BRDA:102,9,1,0
BRF:17
BRH:12
end_of_record
TN:
SF:src\components\campaigns\CampaignDetail.tsx
FN:14,CampaignDetail
FN:43,(anonymous_3)
FN:93,(anonymous_4)
FN:108,(anonymous_5)
FNF:4
FNH:0
FNDA:0,CampaignDetail
FNDA:0,(anonymous_3)
FNDA:0,(anonymous_4)
FNDA:0,(anonymous_5)
DA:3,0
DA:4,0
DA:5,0
DA:6,0
DA:7,0
DA:14,0
DA:44,0
DA:94,0
DA:109,0
LF:9
LH:0
BRDA:20,0,0,0
BRDA:20,0,1,0
BRDA:103,1,0,0
BRF:3
BRH:0
end_of_record
TN:
SF:src\components\campaigns\CampaignFilters.tsx
FN:32,CampaignFilters
FN:52,(anonymous_3)
FN:62,(anonymous_4)
FN:75,(anonymous_5)
FN:88,(anonymous_6)
FN:97,(anonymous_7)
FN:113,(anonymous_8)
FN:123,(anonymous_9)
FN:129,(anonymous_10)
FN:133,(anonymous_11)
FN:145,(anonymous_12)
FN:151,(anonymous_13)
FN:155,(anonymous_14)
FN:167,(anonymous_15)
FN:173,(anonymous_16)
FN:177,(anonymous_17)
FN:189,(anonymous_18)
FN:195,(anonymous_19)
FN:199,(anonymous_20)
FN:210,(anonymous_21)
FNF:20
FNH:16
FNDA:13,CampaignFilters
FNDA:3,(anonymous_3)
FNDA:3,(anonymous_4)
FNDA:2,(anonymous_5)
FNDA:14,(anonymous_6)
FNDA:1,(anonymous_7)
FNDA:3,(anonymous_8)
FNDA:1,(anonymous_9)
FNDA:10,(anonymous_10)
FNDA:39,(anonymous_11)
FNDA:0,(anonymous_12)
FNDA:8,(anonymous_13)
FNDA:39,(anonymous_14)
FNDA:1,(anonymous_15)
FNDA:6,(anonymous_16)
FNDA:39,(anonymous_17)
FNDA:0,(anonymous_18)
FNDA:0,(anonymous_19)
FNDA:3,(anonymous_20)
FNDA:0,(anonymous_21)
DA:1,1
DA:2,1
DA:3,1
DA:4,1
DA:5,1
DA:6,1
DA:32,7
DA:42,13
DA:43,13
DA:45,13
DA:46,13
DA:47,13
DA:48,13
DA:49,13
DA:50,13
DA:52,13
DA:53,3
DA:54,3
DA:55,3
DA:57,0
DA:59,3
DA:62,13
DA:63,3
DA:65,3
DA:66,3
DA:67,3
DA:68,3
DA:69,3
DA:70,3
DA:72,3
DA:75,13
DA:76,2
DA:88,2
DA:89,14
DA:90,4
DA:94,2
DA:97,13
DA:98,1
DA:99,1
DA:100,1
DA:101,1
DA:102,1
DA:103,1
DA:104,1
DA:114,3
DA:115,3
DA:124,1
DA:125,1
DA:129,10
DA:134,39
DA:146,0
DA:147,0
DA:151,8
DA:156,39
DA:168,1
DA:169,1
DA:173,6
DA:178,39
DA:190,0
DA:191,0
DA:195,0
DA:200,3
DA:211,0
DA:212,0
LF:64
LH:56
BRDA:40,0,0,13
BRDA:45,1,0,13
BRDA:45,1,1,10
BRDA:46,2,0,13
BRDA:46,2,1,8
BRDA:47,3,0,13
BRDA:47,3,1,8
BRDA:48,4,0,13
BRDA:48,4,1,8
BRDA:49,5,0,13
BRDA:49,5,1,13
BRDA:50,6,0,13
BRDA:50,6,1,8
BRDA:54,7,0,3
BRDA:54,7,1,0
BRDA:65,8,0,2
BRDA:66,9,0,0
BRDA:67,10,0,0
BRDA:68,11,0,0
BRDA:69,12,0,0
BRDA:70,13,0,0
BRDA:89,14,0,4
BRDA:120,15,0,13
BRDA:129,16,0,8
BRDA:129,16,1,5
BRDA:142,17,0,13
BRDA:151,18,0,9
BRDA:151,18,1,4
BRDA:164,19,0,13
BRDA:173,20,0,10
BRDA:173,20,1,3
BRDA:186,21,0,13
BRDA:186,21,1,1
BRDA:195,22,0,1
BRDA:195,22,1,0
BRDA:216,23,0,11
BRDA:216,23,1,2
BRDA:217,24,0,0
BRDA:217,24,1,2
BRDA:218,25,0,2
BRDA:218,25,1,0
BRDA:219,26,0,0
BRDA:219,26,1,0
BRF:43
BRH:32
end_of_record
TN:
SF:src\components\campaigns\CampaignGrid.tsx
FN:20,getColumnCount
FN:27,CampaignGrid
FN:41,(anonymous_4)
FN:42,(anonymous_5)
FN:78,(anonymous_6)
FN:99,(anonymous_7)
FN:103,(anonymous_8)
FNF:7
FNH:4
FNDA:15,getColumnCount
FNDA:15,CampaignGrid
FNDA:0,(anonymous_4)
FNDA:0,(anonymous_5)
FNDA:12,(anonymous_6)
FNDA:12,(anonymous_7)
FNDA:0,(anonymous_8)
DA:1,1
DA:2,1
DA:3,1
DA:4,1
DA:16,1
DA:17,1
DA:18,1
DA:21,15
DA:22,0
DA:23,0
DA:24,0
DA:35,15
DA:36,15
DA:37,15
DA:39,15
DA:41,0
DA:42,0
DA:46,15
DA:54,14
DA:62,13
DA:79,12
DA:80,12
DA:81,12
DA:83,12
DA:100,12
DA:103,0
DA:118,9
LF:27
LH:21
BRDA:21,0,0,15
BRDA:22,1,0,0
BRDA:23,2,0,0
BRDA:46,3,0,1
BRDA:54,4,0,1
BRDA:54,5,0,14
BRDA:54,5,1,3
BRDA:62,6,0,1
BRDA:109,7,0,12
BRDA:109,7,1,2
BRF:10
BRH:8
end_of_record
TN:
SF:src\components\campaigns\CampaignLayout.tsx
FN:8,CampaignLayout
FNF:1
FNH:0
FNDA:0,CampaignLayout
DA:8,0
LF:1
LH:0
BRF:0
BRH:0
end_of_record
TN:
SF:src\components\campaigns\CampaignReviews.tsx
FN:30,CampaignReviews
FN:40,(anonymous_3)
FN:45,(anonymous_4)
FN:62,(anonymous_5)
FN:84,(anonymous_6)
FN:94,(anonymous_7)
FN:107,(anonymous_8)
FN:117,(anonymous_9)
FN:124,(anonymous_10)
FN:134,(anonymous_11)
FN:153,(anonymous_12)
FNF:11
FNH:0
FNDA:0,CampaignReviews
FNDA:0,(anonymous_3)
FNDA:0,(anonymous_4)
FNDA:0,(anonymous_5)
FNDA:0,(anonymous_6)
FNDA:0,(anonymous_7)
FNDA:0,(anonymous_8)
FNDA:0,(anonymous_9)
FNDA:0,(anonymous_10)
FNDA:0,(anonymous_11)
FNDA:0,(anonymous_12)
DA:1,0
DA:2,0
DA:3,0
DA:4,0
DA:30,0
DA:36,0
DA:37,0
DA:40,0
DA:41,0
DA:45,0
DA:46,0
DA:47,0
DA:49,0
DA:63,0
DA:84,0
DA:94,0
DA:107,0
DA:118,0
DA:124,0
DA:135,0
DA:154,0
LF:21
LH:0
BRDA:41,0,0,0
BRDA:41,0,1,0
BRDA:41,0,2,0
BRDA:46,1,0,0
BRDA:46,1,1,0
BRDA:66,2,0,0
BRDA:66,2,1,0
BRDA:86,3,0,0
BRDA:86,3,1,0
BRDA:96,4,0,0
BRDA:96,4,1,0
BRDA:138,5,0,0
BRDA:138,5,1,0
BRDA:151,6,0,0
BRDA:170,7,0,0
BRF:15
BRH:0
end_of_record
TN:
SF:src\components\campaigns\CampaignShare.tsx
FN:24,CampaignShare
FN:33,(anonymous_3)
FN:53,(anonymous_4)
FN:62,(anonymous_5)
FNF:4
FNH:0
FNDA:0,CampaignShare
FNDA:0,(anonymous_3)
FNDA:0,(anonymous_4)
FNDA:0,(anonymous_5)
DA:1,0
DA:6,0
DA:12,0
DA:13,0
DA:14,0
DA:15,0
DA:24,0
DA:30,0
DA:31,0
DA:33,0
DA:34,0
DA:35,0
DA:36,0
DA:42,0
DA:53,0
DA:62,0
LF:16
LH:0
BRF:0
BRH:0
end_of_record
TN:
SF:src\components\campaigns\CampaignSidebar.tsx
FN:20,CampaignSidebar
FN:38,(anonymous_5)
FN:49,(anonymous_6)
FN:64,(anonymous_7)
FN:71,(anonymous_8)
FN:88,(anonymous_9)
FN:92,(anonymous_10)
FN:105,(anonymous_11)
FN:109,(anonymous_12)
FN:124,(anonymous_13)
FN:128,(anonymous_14)
FN:132,(anonymous_15)
FNF:12
FNH:0
FNDA:0,CampaignSidebar
FNDA:0,(anonymous_5)
FNDA:0,(anonymous_6)
FNDA:0,(anonymous_7)
FNDA:0,(anonymous_8)
FNDA:0,(anonymous_9)
FNDA:0,(anonymous_10)
FNDA:0,(anonymous_11)
FNDA:0,(anonymous_12)
FNDA:0,(anonymous_13)
FNDA:0,(anonymous_14)
FNDA:0,(anonymous_15)
DA:3,0
DA:4,0
DA:5,0
DA:6,0
DA:20,0
DA:21,0
DA:22,0
DA:25,0
DA:26,0
DA:27,0
DA:28,0
DA:31,0
DA:38,0
DA:39,0
DA:40,0
DA:41,0
DA:42,0
DA:43,0
DA:45,0
DA:49,0
DA:50,0
DA:51,0
DA:52,0
DA:53,0
DA:54,0
DA:65,0
DA:71,0
DA:88,0
DA:93,0
DA:105,0
DA:110,0
DA:125,0
DA:129,0
DA:130,0
DA:132,0
LF:35
LH:0
BRDA:40,0,0,0
BRDA:41,1,0,0
BRDA:42,2,0,0
BRDA:43,3,0,0
BRDA:81,4,0,0
BRDA:101,5,0,0
BRDA:129,6,0,0
BRDA:129,6,1,0
BRF:8
BRH:0
end_of_record
TN:
SF:src\components\common\ImageUpload.tsx
FN:12,ImageUpload
FN:16,(anonymous_6)
FNF:2
FNH:0
FNDA:0,ImageUpload
FNDA:0,(anonymous_6)
DA:1,0
DA:2,0
DA:3,0
DA:4,0
DA:12,0
DA:13,0
DA:14,0
DA:16,0
DA:17,0
DA:19,0
DA:20,0
DA:23,0
DA:24,0
DA:27,0
DA:28,0
DA:30,0
DA:31,0
DA:33,0
DA:34,0
DA:36,0
DA:40,0
LF:21
LH:0
BRDA:17,0,0,0
BRDA:23,1,0,0
BRDA:34,2,0,0
BRDA:34,2,1,0
BRDA:54,3,0,0
BRDA:54,3,1,0
BRDA:55,4,0,0
BRDA:55,4,1,0
BRDA:60,5,0,0
BRDA:71,6,0,0
BRDA:84,7,0,0
BRF:11
BRH:0
end_of_record
TN:
SF:src\components\filters\FilterSidebar.tsx
FN:12,FilterSidebar
FN:55,(anonymous_2)
FN:56,(anonymous_3)
FN:60,(anonymous_4)
FN:68,(anonymous_5)
FN:83,(anonymous_6)
FN:88,(anonymous_7)
FN:104,(anonymous_8)
FN:109,(anonymous_9)
FN:125,(anonymous_10)
FN:130,(anonymous_11)
FNF:11
FNH:0
FNDA:0,FilterSidebar
FNDA:0,(anonymous_2)
FNDA:0,(anonymous_3)
FNDA:0,(anonymous_4)
FNDA:0,(anonymous_5)
FNDA:0,(anonymous_6)
FNDA:0,(anonymous_7)
FNDA:0,(anonymous_8)
FNDA:0,(anonymous_9)
FNDA:0,(anonymous_10)
FNDA:0,(anonymous_11)
DA:3,0
DA:4,0
DA:5,0
DA:6,0
DA:12,0
DA:13,0
DA:19,0
DA:39,0
DA:47,0
DA:55,0
DA:56,0
DA:57,0
DA:60,0
DA:63,0
DA:64,0
DA:68,0
DA:69,0
DA:74,0
DA:84,0
DA:88,0
DA:105,0
DA:109,0
DA:126,0
DA:130,0
LF:24
LH:0
BRDA:59,0,0,0
BRDA:59,0,1,0
BRF:2
BRH:0
end_of_record
TN:
SF:src\components\mypage\AppliedCampaigns.tsx
FN:10,AppliedCampaigns
FN:17,(anonymous_6)
FN:31,(anonymous_7)
FN:35,(anonymous_8)
FN:46,(anonymous_9)
FN:84,(anonymous_10)
FN:102,(anonymous_11)
FN:102,(anonymous_12)
FN:112,(anonymous_13)
FN:112,(anonymous_14)
FNF:10
FNH:0
FNDA:0,AppliedCampaigns
FNDA:0,(anonymous_6)
FNDA:0,(anonymous_7)
FNDA:0,(anonymous_8)
FNDA:0,(anonymous_9)
FNDA:0,(anonymous_10)
FNDA:0,(anonymous_11)
FNDA:0,(anonymous_12)
FNDA:0,(anonymous_13)
FNDA:0,(anonymous_14)
DA:1,0
DA:2,0
DA:3,0
DA:10,0
DA:11,0
DA:12,0
DA:13,0
DA:14,0
DA:15,0
DA:17,0
DA:18,0
DA:19,0
DA:20,0
DA:21,0
DA:22,0
DA:24,0
DA:25,0
DA:27,0
DA:31,0
DA:32,0
DA:35,0
DA:36,0
DA:38,0
DA:40,0
DA:42,0
DA:46,0
DA:47,0
DA:49,0
DA:51,0
DA:53,0
DA:57,0
DA:65,0
DA:73,0
DA:85,0
DA:102,0
DA:112,0
LF:36
LH:0
BRDA:36,0,0,0
BRDA:36,0,1,0
BRDA:36,0,2,0
BRDA:47,1,0,0
BRDA:47,1,1,0
BRDA:47,1,2,0
BRDA:57,2,0,0
BRDA:65,3,0,0
BRDA:73,4,0,0
BRDA:99,5,0,0
BRF:10
BRH:0
end_of_record
TN:
SF:src\components\mypage\BookmarkedCampaigns.tsx
FN:6,BookmarkedCampaigns
FN:13,(anonymous_6)
FN:27,(anonymous_7)
FN:58,(anonymous_8)
FN:70,(anonymous_9)
FN:70,(anonymous_10)
FN:80,(anonymous_11)
FN:80,(anonymous_12)
FNF:8
FNH:0
FNDA:0,BookmarkedCampaigns
FNDA:0,(anonymous_6)
FNDA:0,(anonymous_7)
FNDA:0,(anonymous_8)
FNDA:0,(anonymous_9)
FNDA:0,(anonymous_10)
FNDA:0,(anonymous_11)
FNDA:0,(anonymous_12)
DA:1,0
DA:2,0
DA:3,0
DA:6,0
DA:7,0
DA:8,0
DA:9,0
DA:10,0
DA:11,0
DA:13,0
DA:14,0
DA:15,0
DA:16,0
DA:17,0
DA:18,0
DA:20,0
DA:21,0
DA:23,0
DA:27,0
DA:28,0
DA:31,0
DA:39,0
DA:47,0
DA:59,0
DA:70,0
DA:80,0
LF:26
LH:0
BRDA:31,0,0,0
BRDA:39,1,0,0
BRDA:47,2,0,0
BRDA:67,3,0,0
BRF:4
BRH:0
end_of_record
TN:
SF:src\components\mypage\Profile.tsx
FN:10,Profile
FN:16,(anonymous_5)
FN:33,(anonymous_6)
FN:35,(anonymous_7)
FN:44,(anonymous_8)
FN:191,(anonymous_9)
FNF:6
FNH:0
FNDA:0,Profile
FNDA:0,(anonymous_5)
FNDA:0,(anonymous_6)
FNDA:0,(anonymous_7)
FNDA:0,(anonymous_8)
FNDA:0,(anonymous_9)
DA:1,0
DA:2,0
DA:10,0
DA:11,0
DA:12,0
DA:13,0
DA:14,0
DA:16,0
DA:17,0
DA:18,0
DA:19,0
DA:21,0
DA:22,0
DA:23,0
DA:24,0
DA:26,0
DA:27,0
DA:29,0
DA:33,0
DA:34,0
DA:35,0
DA:38,0
DA:44,0
DA:191,0
LF:24
LH:0
BRDA:38,0,0,0
BRDA:62,1,0,0
BRDA:62,1,1,0
BRDA:66,2,0,0
BRDA:66,2,1,0
BRDA:70,3,0,0
BRDA:70,3,1,0
BRDA:117,4,0,0
BRDA:117,4,1,0
BRDA:130,5,0,0
BRDA:130,5,1,0
BRDA:154,6,0,0
BRDA:154,6,1,0
BRDA:166,7,0,0
BRDA:175,8,0,0
BRDA:175,8,1,0
BRDA:182,9,0,0
BRDA:203,10,0,0
BRDA:203,10,1,0
BRF:19
BRH:0
end_of_record
TN:
SF:src\components\notifications\NotificationList.tsx
FN:28,NotificationList
FN:38,(anonymous_5)
FN:48,(anonymous_6)
FN:61,(anonymous_7)
FN:65,(anonymous_8)
FN:69,(anonymous_9)
FN:70,(anonymous_10)
FN:81,(anonymous_11)
FN:88,(anonymous_12)
FN:89,(anonymous_13)
FN:96,(anonymous_14)
FN:123,(anonymous_15)
FN:134,(anonymous_16)
FN:137,(anonymous_17)
FN:161,(anonymous_18)
FN:175,(anonymous_19)
FN:190,(anonymous_20)
FNF:17
FNH:0
FNDA:0,NotificationList
FNDA:0,(anonymous_5)
FNDA:0,(anonymous_6)
FNDA:0,(anonymous_7)
FNDA:0,(anonymous_8)
FNDA:0,(anonymous_9)
FNDA:0,(anonymous_10)
FNDA:0,(anonymous_11)
FNDA:0,(anonymous_12)
FNDA:0,(anonymous_13)
FNDA:0,(anonymous_14)
FNDA:0,(anonymous_15)
FNDA:0,(anonymous_16)
FNDA:0,(anonymous_17)
FNDA:0,(anonymous_18)
FNDA:0,(anonymous_19)
FNDA:0,(anonymous_20)
DA:3,0
DA:4,0
DA:5,0
DA:15,0
DA:20,0
DA:28,0
DA:32,0
DA:33,0
DA:34,0
DA:35,0
DA:36,0
DA:38,0
DA:39,0
DA:40,0
DA:41,0
DA:42,0
DA:48,0
DA:49,0
DA:51,0
DA:52,0
DA:54,0
DA:55,0
DA:57,0
DA:61,0
DA:62,0
DA:65,0
DA:66,0
DA:67,0
DA:68,0
DA:69,0
DA:70,0
DA:71,0
DA:75,0
DA:77,0
DA:81,0
DA:85,0
DA:86,0
DA:87,0
DA:88,0
DA:89,0
DA:92,0
DA:96,0
DA:97,0
DA:98,0
DA:118,0
DA:123,0
DA:135,0
DA:137,0
DA:161,0
DA:175,0
DA:190,0
LF:51
LH:0
BRDA:49,0,0,0
BRDA:49,0,1,0
BRDA:67,1,0,0
BRDA:71,2,0,0
BRDA:71,2,1,0
BRDA:118,3,0,0
BRDA:139,4,0,0
BRDA:139,4,1,0
BRDA:157,5,0,0
BRDA:171,6,0,0
BRDA:183,7,0,0
BRDA:188,8,0,0
BRDA:188,8,1,0
BRDA:196,9,0,0
BRDA:196,9,1,0
BRF:15
BRH:0
end_of_record
TN:
SF:src\components\notifications\NotificationSettings.tsx
FN:52,NotificationSettings
FN:64,(anonymous_5)
FN:70,(anonymous_6)
FN:84,(anonymous_7)
FN:97,(anonymous_8)
FN:111,(anonymous_9)
FN:140,(anonymous_10)
FN:154,(anonymous_11)
FN:168,(anonymous_12)
FN:182,(anonymous_13)
FN:196,(anonymous_14)
FNF:11
FNH:0
FNDA:0,NotificationSettings
FNDA:0,(anonymous_5)
FNDA:0,(anonymous_6)
FNDA:0,(anonymous_7)
FNDA:0,(anonymous_8)
FNDA:0,(anonymous_9)
FNDA:0,(anonymous_10)
FNDA:0,(anonymous_11)
FNDA:0,(anonymous_12)
FNDA:0,(anonymous_13)
FNDA:0,(anonymous_14)
DA:3,0
DA:9,0
DA:18,0
DA:33,0
DA:52,0
DA:53,0
DA:60,0
DA:61,0
DA:62,0
DA:64,0
DA:65,0
DA:66,0
DA:70,0
DA:71,0
DA:72,0
DA:73,0
DA:74,0
DA:75,0
DA:76,0
DA:78,0
DA:80,0
DA:84,0
DA:85,0
DA:86,0
DA:87,0
DA:95,0
DA:97,0
DA:102,0
DA:104,0
DA:108,0
DA:112,0
DA:118,0
DA:140,0
DA:154,0
DA:168,0
DA:182,0
DA:196,0
LF:37
LH:0
BRDA:65,0,0,0
BRDA:74,1,0,0
BRDA:78,2,0,0
BRDA:78,2,1,0
BRDA:95,3,0,0
BRDA:108,4,0,0
BRDA:118,5,0,0
BRF:7
BRH:0
end_of_record
TN:
SF:src\components\ui\Skeleton.tsx
FN:7,Skeleton
FN:19,CampaignCardSkeleton
FNF:2
FNH:0
FNDA:0,Skeleton
FNDA:0,CampaignCardSkeleton
DA:1,0
DA:7,0
DA:19,0
LF:3
LH:0
BRF:0
BRH:0
end_of_record
TN:
SF:src\components\ui\Switch.tsx
FN:7,Switch
FN:14,(anonymous_2)
FNF:2
FNH:0
FNDA:0,Switch
FNDA:0,(anonymous_2)
DA:7,0
DA:14,0
LF:2
LH:0
BRDA:7,0,0,0
BRDA:12,1,0,0
BRDA:12,1,1,0
BRDA:19,2,0,0
BRDA:19,2,1,0
BRDA:20,3,0,0
BRDA:20,3,1,0
BRDA:24,4,0,0
BRDA:24,4,1,0
BRDA:31,5,0,0
BRDA:31,5,1,0
BRF:11
BRH:0
end_of_record
TN:
SF:src\components\ui\button.tsx
FN:43,(anonymous_6)
FNF:1
FNH:1
FNDA:13,(anonymous_6)
DA:1,1
DA:2,1
DA:3,1
DA:5,1
DA:7,1
DA:42,1
DA:44,13
DA:54,1
DA:56,13
LF:9
LH:9
BRDA:43,0,0,13
BRDA:44,1,0,0
BRDA:44,1,1,13
BRF:3
BRH:2
end_of_record
TN:
SF:src\components\ui\checkbox.tsx
FNF:0
FNH:0
DA:3,0
DA:4,0
DA:5,0
DA:7,0
DA:28,0
DA:30,0
LF:6
LH:0
BRF:0
BRH:0
end_of_record
TN:
SF:src\components\ui\dialog.tsx
FN:12,Dialog
FNF:1
FNH:0
FNDA:0,Dialog
DA:1,0
DA:2,0
DA:3,0
DA:12,0
LF:4
LH:0
BRF:0
BRH:0
end_of_record
TN:
SF:src\components\ui\input.tsx
FN:8,(anonymous_4)
FNF:1
FNH:1
FNDA:13,(anonymous_4)
DA:1,1
DA:2,1
DA:7,1
DA:22,1
DA:24,13
LF:5
LH:5
BRF:0
BRH:0
end_of_record
TN:
SF:src\components\ui\label.tsx
FNF:0
FNH:0
DA:3,0
DA:4,0
DA:5,0
DA:7,0
DA:9,0
DA:24,0
DA:26,0
LF:7
LH:0
BRF:0
BRH:0
end_of_record
TN:
SF:src\components\ui\select.tsx
FNF:0
FNH:0
DA:1,0
DA:2,0
DA:3,0
DA:4,0
DA:6,0
DA:26,0
DA:56,0
DA:68,0
DA:91,0
DA:103,0
DA:106,0
DA:107,0
DA:108,0
DA:109,0
DA:110,0
DA:111,0
LF:16
LH:0
BRDA:31,0,0,0
BRDA:37,1,0,0
BRDA:37,1,1,0
BRDA:47,2,0,0
BRDA:47,2,1,0
BRF:5
BRH:0
end_of_record
TN:
SF:src\components\ui\toast.tsx
FN:37,Toast
FN:41,(anonymous_2)
FN:43,(anonymous_3)
FN:46,(anonymous_4)
FN:48,(anonymous_5)
FN:52,(anonymous_6)
FN:70,(anonymous_7)
FNF:7
FNH:5
FNDA:8,Toast
FNDA:4,(anonymous_2)
FNDA:4,(anonymous_3)
FNDA:4,(anonymous_4)
FNDA:0,(anonymous_5)
FNDA:4,(anonymous_6)
FNDA:0,(anonymous_7)
DA:1,2
DA:2,2
DA:3,2
DA:4,2
DA:5,2
DA:16,2
DA:23,2
DA:30,2
DA:37,4
DA:38,8
DA:39,8
DA:41,8
DA:42,4
DA:43,4
DA:46,8
DA:47,4
DA:48,4
DA:49,0
DA:50,0
DA:52,4
DA:56,8
DA:71,0
DA:72,0
DA:82,8
DA:85,4
DA:86,4
DA:89,0
LF:27
LH:22
BRDA:37,0,0,0
BRDA:37,1,0,8
BRDA:47,2,0,4
BRDA:63,3,0,8
BRDA:63,3,1,0
BRDA:82,4,0,4
BRDA:85,5,0,4
BRDA:85,6,0,4
BRDA:85,6,1,4
BRF:9
BRH:7
end_of_record
TN:
SF:src\contexts\AuthContext.tsx
FN:23,(anonymous_7)
FN:24,(anonymous_8)
FN:25,(anonymous_9)
FN:28,AuthProvider
FN:36,(anonymous_11)
FN:52,checkAuth
FN:76,(anonymous_13)
FN:80,(anonymous_14)
FN:84,(anonymous_15)
FN:105,useAuth
FN:114,TestAuthProvider
FN:124,(anonymous_18)
FN:127,(anonymous_19)
FN:130,(anonymous_20)
FNF:14
FNH:0
FNDA:0,(anonymous_7)
FNDA:0,(anonymous_8)
FNDA:0,(anonymous_9)
FNDA:0,AuthProvider
FNDA:0,(anonymous_11)
FNDA:0,checkAuth
FNDA:0,(anonymous_13)
FNDA:0,(anonymous_14)
FNDA:0,(anonymous_15)
FNDA:0,useAuth
FNDA:0,TestAuthProvider
FNDA:0,(anonymous_18)
FNDA:0,(anonymous_19)
FNDA:0,(anonymous_20)
DA:3,1
DA:4,1
DA:5,1
DA:18,1
DA:28,1
DA:29,0
DA:30,0
DA:31,0
DA:32,0
DA:33,0
DA:34,0
DA:36,0
DA:37,0
DA:38,0
DA:39,0
DA:42,0
DA:43,0
DA:44,0
DA:46,0
DA:47,0
DA:49,0
DA:53,0
DA:54,0
DA:55,0
DA:56,0
DA:57,0
DA:58,0
DA:59,0
DA:61,0
DA:63,0
DA:64,0
DA:65,0
DA:67,0
DA:68,0
DA:69,0
DA:70,0
DA:72,0
DA:76,0
DA:80,0
DA:84,0
DA:88,0
DA:105,1
DA:106,0
DA:107,0
DA:108,0
DA:110,0
DA:114,1
DA:119,0
DA:120,0
DA:121,0
DA:122,0
DA:124,0
DA:125,0
DA:127,0
DA:128,0
DA:130,0
DA:131,0
LF:57
LH:7
BRDA:37,0,0,0
BRDA:42,1,0,0
BRDA:42,1,1,0
BRDA:42,2,0,0
BRDA:42,2,1,0
BRDA:55,3,0,0
BRDA:56,4,0,0
BRDA:68,5,0,0
BRDA:68,5,1,0
BRDA:107,6,0,0
BRDA:114,7,0,0
BRDA:114,8,0,0
BRF:12
BRH:0
end_of_record
TN:
SF:src\contexts\NotificationContext.tsx
FN:15,NotificationProvider
FN:20,(anonymous_7)
FN:23,(anonymous_8)
FN:24,(anonymous_9)
FN:27,(anonymous_10)
FN:32,(anonymous_11)
FN:34,(anonymous_12)
FN:35,(anonymous_13)
FN:36,(anonymous_14)
FN:42,(anonymous_15)
FN:60,useNotifications
FNF:11
FNH:0
FNDA:0,NotificationProvider
FNDA:0,(anonymous_7)
FNDA:0,(anonymous_8)
FNDA:0,(anonymous_9)
FNDA:0,(anonymous_10)
FNDA:0,(anonymous_11)
FNDA:0,(anonymous_12)
FNDA:0,(anonymous_13)
FNDA:0,(anonymous_14)
FNDA:0,(anonymous_15)
FNDA:0,useNotifications
DA:1,0
DA:2,0
DA:3,0
DA:13,0
DA:15,0
DA:16,0
DA:17,0
DA:18,0
DA:20,0
DA:21,0
DA:23,0
DA:24,0
DA:27,0
DA:28,0
DA:32,0
DA:34,0
DA:35,0
DA:36,0
DA:37,0
DA:42,0
DA:43,0
DA:60,0
DA:61,0
DA:62,0
DA:63,0
DA:65,0
LF:26
LH:0
BRDA:21,0,0,0
BRDA:21,1,0,0
BRDA:21,1,1,0
BRDA:37,2,0,0
BRDA:37,2,1,0
BRDA:62,3,0,0
BRF:6
BRH:0
end_of_record
TN:
SF:src\contexts\ToastContext.tsx
FN:16,ToastProvider
FN:19,(anonymous_7)
FN:20,(anonymous_8)
FN:23,(anonymous_9)
FN:24,(anonymous_10)
FN:24,(anonymous_11)
FN:30,(anonymous_12)
FN:35,(anonymous_13)
FN:42,useToast
FNF:9
FNH:5
FNDA:22,ToastProvider
FNDA:4,(anonymous_7)
FNDA:4,(anonymous_8)
FNDA:0,(anonymous_9)
FNDA:0,(anonymous_10)
FNDA:0,(anonymous_11)
FNDA:4,(anonymous_12)
FNDA:0,(anonymous_13)
FNDA:22,useToast
DA:1,2
DA:2,2
DA:8,2
DA:16,18
DA:17,22
DA:19,22
DA:20,4
DA:23,22
DA:24,0
DA:31,4
DA:35,0
DA:42,22
DA:43,22
DA:44,22
DA:45,0
DA:47,22
LF:16
LH:13
BRDA:19,0,0,0
BRDA:44,1,0,0
BRF:2
BRH:0
end_of_record
TN:
SF:src\hooks\useAuth.ts
FN:8,useAuth
FN:14,(anonymous_2)
FN:27,(anonymous_3)
FNF:3
FNH:3
FNDA:53,useAuth
FNDA:2,(anonymous_2)
FNDA:2,(anonymous_3)
DA:1,4
DA:8,54
DA:9,53
DA:11,29
DA:12,29
DA:14,29
DA:15,2
DA:20,2
DA:21,1
DA:24,1
DA:27,29
DA:28,2
DA:29,2
DA:31,1
DA:35,29
LF:15
LH:15
BRDA:20,0,0,1
BRDA:36,1,0,29
BRDA:36,1,1,4
BRF:3
BRH:3
end_of_record
TN:
SF:src\hooks\useBookmark.ts
FN:5,useBookmark
FN:11,(anonymous_2)
FN:23,(anonymous_3)
FNF:3
FNH:3
FNDA:7,useBookmark
FNDA:3,(anonymous_2)
FNDA:1,(anonymous_3)
DA:1,1
DA:2,1
DA:3,1
DA:5,7
DA:6,7
DA:7,7
DA:8,7
DA:9,7
DA:11,7
DA:12,3
DA:13,3
DA:14,1
DA:15,1
DA:18,2
DA:19,2
DA:21,2
DA:22,2
DA:23,1
DA:25,1
DA:27,2
DA:31,7
LF:21
LH:21
BRDA:12,0,0,0
BRDA:13,1,0,1
BRDA:25,2,0,1
BRDA:25,2,1,0
BRF:4
BRH:2
end_of_record
TN:
SF:src\hooks\useSlider.ts
FN:8,useSlider
FN:11,(anonymous_2)
FN:12,(anonymous_3)
FN:15,(anonymous_4)
FN:16,(anonymous_5)
FN:19,(anonymous_6)
FN:23,(anonymous_7)
FN:26,(anonymous_8)
FNF:8
FNH:0
FNDA:0,useSlider
FNDA:0,(anonymous_2)
FNDA:0,(anonymous_3)
FNDA:0,(anonymous_4)
FNDA:0,(anonymous_5)
FNDA:0,(anonymous_6)
FNDA:0,(anonymous_7)
FNDA:0,(anonymous_8)
DA:1,0
DA:8,0
DA:9,0
DA:11,0
DA:12,0
DA:15,0
DA:16,0
DA:19,0
DA:20,0
DA:23,0
DA:24,0
DA:25,0
DA:26,0
DA:30,0
LF:14
LH:0
BRDA:8,0,0,0
BRDA:24,1,0,0
BRF:2
BRH:0
end_of_record
TN:
SF:src\hooks\useSocket.ts
FN:5,useSocket
FN:9,(anonymous_2)
FN:19,(anonymous_3)
FN:23,(anonymous_4)
FN:27,(anonymous_5)
FN:31,(anonymous_6)
FNF:6
FNH:0
FNDA:0,useSocket
FNDA:0,(anonymous_2)
FNDA:0,(anonymous_3)
FNDA:0,(anonymous_4)
FNDA:0,(anonymous_5)
FNDA:0,(anonymous_6)
DA:1,0
DA:2,0
DA:3,0
DA:5,0
DA:6,0
DA:7,0
DA:9,0
DA:10,0
DA:13,0
DA:17,0
DA:19,0
DA:20,0
DA:23,0
DA:24,0
DA:27,0
DA:28,0
DA:31,0
DA:32,0
DA:33,0
DA:38,0
LF:20
LH:0
BRDA:10,0,0,0
BRDA:32,1,0,0
BRF:2
BRH:0
end_of_record
TN:
SF:src\hooks\useWindowSize.ts
FN:9,useWindowSize
FN:15,(anonymous_2)
FN:18,(anonymous_3)
FN:30,(anonymous_4)
FNF:4
FNH:0
FNDA:0,useWindowSize
FNDA:0,(anonymous_2)
FNDA:0,(anonymous_3)
FNDA:0,(anonymous_4)
DA:1,0
DA:2,0
DA:9,0
DA:10,0
DA:15,0
DA:16,0
DA:18,0
DA:19,0
DA:25,0
DA:28,0
DA:30,0
DA:31,0
DA:35,0
LF:13
LH:0
BRDA:11,0,0,0
BRDA:11,0,1,0
BRDA:12,1,0,0
BRDA:12,1,1,0
BRDA:16,2,0,0
BRF:5
BRH:0
end_of_record
TN:
SF:src\lib\api.ts
FN:1,toggleBookmark
FN:18,fetchCampaigns
FN:30,(anonymous_8)
FN:44,fetchBookmarks
FN:55,signup
FN:76,updateProfile
FNF:6
FNH:6
FNDA:2,toggleBookmark
FNDA:2,fetchCampaigns
FNDA:5,(anonymous_8)
FNDA:2,fetchBookmarks
FNDA:2,signup
FNDA:3,updateProfile
DA:1,2
DA:2,2
DA:10,2
DA:11,1
DA:12,1
DA:15,1
DA:18,2
DA:29,2
DA:30,2
DA:31,5
DA:34,2
DA:36,2
DA:37,1
DA:38,1
DA:41,1
DA:44,2
DA:45,2
DA:47,2
DA:48,1
DA:49,1
DA:52,1
DA:55,2
DA:60,2
DA:68,2
DA:69,1
DA:70,1
DA:73,1
DA:76,3
DA:82,3
DA:90,3
DA:91,1
DA:92,1
DA:95,2
LF:33
LH:33
BRDA:10,0,0,1
BRDA:12,1,0,1
BRDA:12,1,1,0
BRDA:31,2,0,5
BRDA:36,3,0,1
BRDA:38,4,0,1
BRDA:38,4,1,0
BRDA:47,5,0,1
BRDA:49,6,0,1
BRDA:49,6,1,0
BRDA:68,7,0,1
BRDA:70,8,0,1
BRDA:70,8,1,0
BRDA:90,9,0,1
BRDA:92,10,0,1
BRDA:92,10,1,0
BRF:16
BRH:11
end_of_record
TN:
SF:src\lib\auth.ts
FN:16,(anonymous_2)
FN:47,(anonymous_3)
FNF:2
FNH:0
FNDA:0,(anonymous_2)
FNDA:0,(anonymous_3)
DA:2,1
DA:3,1
DA:4,1
DA:5,1
DA:7,10
DA:17,0
DA:18,0
DA:21,0
DA:25,0
DA:26,0
DA:29,0
DA:31,0
DA:32,0
DA:35,0
DA:48,0
DA:49,0
DA:51,0
LF:17
LH:5
BRDA:17,0,0,0
BRDA:17,1,0,0
BRDA:17,1,1,0
BRDA:25,2,0,0
BRDA:29,3,0,0
BRDA:29,3,1,0
BRDA:31,4,0,0
BRDA:37,5,0,0
BRDA:37,5,1,0
BRDA:38,6,0,0
BRDA:38,6,1,0
BRDA:48,7,0,0
BRDA:49,8,0,0
BRDA:49,8,1,0
BRF:14
BRH:0
end_of_record
TN:
SF:src\lib\cache.ts
FN:10,(anonymous_4)
FN:15,(anonymous_5)
FN:22,(anonymous_6)
FN:35,(anonymous_7)
FN:39,(anonymous_8)
FN:43,(anonymous_9)
FNF:6
FNH:1
FNDA:6,(anonymous_4)
FNDA:0,(anonymous_5)
FNDA:0,(anonymous_6)
FNDA:0,(anonymous_7)
FNDA:0,(anonymous_8)
FNDA:0,(anonymous_9)
DA:11,6
DA:12,6
DA:16,0
DA:23,0
DA:24,0
DA:26,0
DA:27,0
DA:28,0
DA:29,0
DA:32,0
DA:36,0
DA:40,0
DA:44,0
DA:48,2
DA:49,2
DA:50,2
LF:16
LH:5
BRDA:10,0,0,2
BRDA:24,1,0,0
BRDA:27,2,0,0
BRF:3
BRH:1
end_of_record
TN:
SF:src\lib\campaignTransforms.ts
FN:3,(anonymous_1)
FN:4,(anonymous_2)
FNF:2
FNH:0
FNDA:0,(anonymous_1)
FNDA:0,(anonymous_2)
DA:3,0
DA:4,0
LF:2
LH:0
BRDA:8,0,0,0
BRDA:8,0,1,0
BRDA:14,1,0,0
BRDA:14,1,1,0
BRDA:16,2,0,0
BRDA:16,2,1,0
BRF:6
BRH:0
end_of_record
TN:
SF:src\lib\config.ts
FNF:0
FNH:0
DA:1,2
LF:1
LH:1
BRDA:2,0,0,2
BRDA:2,0,1,0
BRF:2
BRH:1
end_of_record
TN:
SF:src\lib\email.ts
FN:13,sendVerificationEmail
FN:29,sendPasswordResetEmail
FNF:2
FNH:0
FNDA:0,sendVerificationEmail
FNDA:0,sendPasswordResetEmail
DA:1,0
DA:3,0
DA:13,0
DA:14,0
DA:16,0
DA:29,0
DA:30,0
DA:32,0
LF:8
LH:0
BRDA:5,0,0,0
BRDA:5,0,1,0
BRF:2
BRH:0
end_of_record
TN:
SF:src\lib\fetchWithAuth.ts
FN:1,fetchWithAuth
FNF:1
FNH:0
FNDA:0,fetchWithAuth
DA:1,0
DA:5,0
DA:6,0
DA:8,0
DA:10,0
DA:16,0
LF:6
LH:0
BRDA:5,0,0,0
BRDA:5,0,1,0
BRDA:6,1,0,0
BRDA:6,1,1,0
BRF:4
BRH:0
end_of_record
TN:
SF:src\lib\kakao.ts
FN:10,initializeKakao
FNF:1
FNH:0
FNDA:0,initializeKakao
DA:10,0
DA:11,0
DA:12,0
LF:3
LH:0
BRDA:11,0,0,0
BRDA:11,1,0,0
BRDA:11,1,1,0
BRDA:12,2,0,0
BRDA:12,2,1,0
BRF:5
BRH:0
end_of_record
TN:
SF:src\lib\payment.ts
FN:19,(anonymous_1)
FN:24,(anonymous_2)
FN:54,(anonymous_3)
FN:75,(anonymous_4)
FN:95,getPaymentProvider
FNF:5
FNH:0
FNDA:0,(anonymous_1)
FNDA:0,(anonymous_2)
FNDA:0,(anonymous_3)
FNDA:0,(anonymous_4)
FNDA:0,getPaymentProvider
DA:20,0
DA:21,0
DA:25,0
DA:43,0
DA:44,0
DA:47,0
DA:48,0
DA:55,0
DA:68,0
DA:69,0
DA:72,0
DA:76,0
DA:87,0
DA:88,0
DA:91,0
DA:95,0
DA:96,0
LF:17
LH:0
BRDA:20,0,0,0
BRDA:20,0,1,0
BRDA:21,1,0,0
BRDA:21,1,1,0
BRDA:43,2,0,0
BRDA:68,3,0,0
BRDA:87,4,0,0
BRF:7
BRH:0
end_of_record
TN:
SF:src\lib\prisma.ts
FN:3,(anonymous_1)
FNF:1
FNH:0
FNDA:0,(anonymous_1)
DA:1,0
DA:3,0
DA:4,0
DA:9,0
DA:13,0
DA:15,0
DA:16,0
LF:7
LH:0
BRDA:13,0,0,0
BRDA:13,0,1,0
BRDA:15,1,0,0
BRF:3
BRH:0
end_of_record
TN:
SF:src\lib\socket.ts
FN:24,initSocketServer
FN:31,(anonymous_5)
FN:42,(anonymous_6)
FN:55,getSocketServer
FNF:4
FNH:0
FNDA:0,initSocketServer
FNDA:0,(anonymous_5)
FNDA:0,(anonymous_6)
FNDA:0,getSocketServer
DA:2,0
DA:5,0
DA:6,0
DA:16,0
DA:24,0
DA:25,0
DA:26,0
DA:31,0
DA:32,0
DA:33,0
DA:34,0
DA:35,0
DA:36,0
DA:40,0
DA:42,0
DA:43,0
DA:46,0
DA:47,0
DA:52,0
DA:55,0
DA:56,0
LF:21
LH:0
BRDA:25,0,0,0
BRDA:34,1,0,0
BRF:2
BRH:0
end_of_record
TN:
SF:src\lib\transforms.ts
FN:3,transformCampaign
FN:26,transformCampaigns
FN:30,(anonymous_6)
FNF:3
FNH:3
FNDA:20,transformCampaign
FNDA:11,transformCampaigns
FNDA:11,(anonymous_6)
DA:3,0
DA:4,20
DA:26,11
DA:27,11
DA:30,11
DA:31,11
LF:6
LH:5
BRDA:8,0,0,20
BRDA:8,0,1,2
BRDA:14,1,0,20
BRDA:14,1,1,2
BRDA:16,2,0,18
BRDA:16,2,1,2
BRF:6
BRH:6
end_of_record
TN:
SF:src\lib\utils.ts
FN:4,formatNumber
FN:8,formatDate
FN:17,formatDateTime
FN:28,classNames
FN:32,getErrorMessage
FN:39,cn
FN:43,debounce
FN:48,(anonymous_19)
FN:50,(anonymous_20)
FN:54,formatCurrency
FN:61,getRelativeTimeString
FN:82,truncateText
FN:87,generateSlug
FNF:13
FNH:4
FNDA:0,formatNumber
FNDA:0,formatDate
FNDA:0,formatDateTime
FNDA:0,classNames
FNDA:0,getErrorMessage
FNDA:64,cn
FNDA:13,debounce
FNDA:3,(anonymous_19)
FNDA:3,(anonymous_20)
FNDA:0,formatCurrency
FNDA:0,getRelativeTimeString
FNDA:0,truncateText
FNDA:0,generateSlug
DA:1,3
DA:2,3
DA:4,0
DA:5,0
DA:8,0
DA:9,0
DA:10,0
DA:17,0
DA:18,0
DA:19,0
DA:28,0
DA:29,0
DA:32,0
DA:33,0
DA:34,0
DA:36,0
DA:39,64
DA:40,64
DA:43,13
DA:48,13
DA:49,3
DA:50,3
DA:54,0
DA:55,0
DA:61,0
DA:62,0
DA:63,0
DA:64,0
DA:65,0
DA:66,0
DA:67,0
DA:69,0
DA:70,0
DA:71,0
DA:72,0
DA:73,0
DA:74,0
DA:75,0
DA:76,0
DA:78,0
DA:82,0
DA:83,0
DA:84,0
DA:87,0
DA:88,0
LF:45
LH:8
BRDA:18,0,0,0
BRDA:18,0,1,0
BRDA:33,1,0,0
BRDA:69,2,0,0
BRDA:69,2,1,0
BRDA:71,3,0,0
BRDA:71,3,1,0
BRDA:73,4,0,0
BRDA:73,4,1,0
BRDA:75,5,0,0
BRDA:75,5,1,0
BRDA:83,6,0,0
BRF:12
BRH:0
end_of_record
TN:
SF:src\lib\api\admin.ts
FN:26,adminLogin
FN:43,getAdmins
FN:62,addAdmin
FN:85,removeAdmin
FN:104,changePassword
FNF:5
FNH:0
FNDA:0,adminLogin
FNDA:0,getAdmins
FNDA:0,addAdmin
FNDA:0,removeAdmin
FNDA:0,changePassword
DA:3,0
DA:26,0
DA:27,0
DA:35,0
DA:36,0
DA:37,0
DA:40,0
DA:43,0
DA:44,0
DA:45,0
DA:46,0
DA:49,0
DA:55,0
DA:56,0
DA:59,0
DA:62,0
DA:63,0
DA:64,0
DA:65,0
DA:68,0
DA:77,0
DA:78,0
DA:79,0
DA:82,0
DA:85,0
DA:86,0
DA:87,0
DA:88,0
DA:91,0
DA:98,0
DA:99,0
DA:100,0
DA:104,0
DA:105,0
DA:106,0
DA:107,0
DA:110,0
DA:119,0
DA:120,0
DA:121,0
LF:40
LH:0
BRDA:35,0,0,0
BRDA:37,1,0,0
BRDA:37,1,1,0
BRDA:45,2,0,0
BRDA:55,3,0,0
BRDA:64,4,0,0
BRDA:77,5,0,0
BRDA:79,6,0,0
BRDA:79,6,1,0
BRDA:87,7,0,0
BRDA:98,8,0,0
BRDA:100,9,0,0
BRDA:100,9,1,0
BRDA:106,10,0,0
BRDA:119,11,0,0
BRDA:121,12,0,0
BRDA:121,12,1,0
BRF:17
BRH:0
end_of_record
TN:
SF:src\lib\api\adminCampaigns.ts
FN:29,getAdminCampaigns
FN:58,getCampaignById
FN:78,createCampaign
FN:101,updateCampaign
FN:124,deleteCampaign
FNF:5
FNH:0
FNDA:0,getAdminCampaigns
FNDA:0,getCampaignById
FNDA:0,createCampaign
FNDA:0,updateCampaign
FNDA:0,deleteCampaign
DA:3,0
DA:29,0
DA:34,0
DA:35,0
DA:36,0
DA:39,0
DA:45,0
DA:51,0
DA:52,0
DA:55,0
DA:58,0
DA:59,0
DA:60,0
DA:61,0
DA:64,0
DA:70,0
DA:71,0
DA:72,0
DA:75,0
DA:78,0
DA:79,0
DA:80,0
DA:81,0
DA:84,0
DA:93,0
DA:94,0
DA:95,0
DA:98,0
DA:101,0
DA:102,0
DA:103,0
DA:104,0
DA:107,0
DA:116,0
DA:117,0
DA:118,0
DA:121,0
DA:124,0
DA:125,0
DA:126,0
DA:127,0
DA:130,0
DA:137,0
DA:138,0
DA:139,0
LF:45
LH:0
BRDA:3,0,0,0
BRDA:3,0,1,0
BRDA:30,1,0,0
BRDA:31,2,0,0
BRDA:35,3,0,0
BRDA:42,4,0,0
BRDA:42,4,1,0
BRDA:51,5,0,0
BRDA:60,6,0,0
BRDA:70,7,0,0
BRDA:72,8,0,0
BRDA:72,8,1,0
BRDA:80,9,0,0
BRDA:93,10,0,0
BRDA:95,11,0,0
BRDA:95,11,1,0
BRDA:103,12,0,0
BRDA:116,13,0,0
BRDA:118,14,0,0
BRDA:118,14,1,0
BRDA:126,15,0,0
BRDA:137,16,0,0
BRDA:139,17,0,0
BRDA:139,17,1,0
BRF:24
BRH:0
end_of_record
TN:
SF:src\lib\api\adminSettings.ts
FN:25,getAdminSettings
FN:44,updateAdminSettings
FNF:2
FNH:0
FNDA:0,getAdminSettings
FNDA:0,updateAdminSettings
DA:1,0
DA:25,0
DA:26,0
DA:27,0
DA:28,0
DA:31,0
DA:37,0
DA:38,0
DA:41,0
DA:44,0
DA:45,0
DA:46,0
DA:47,0
DA:50,0
DA:59,0
DA:60,0
DA:61,0
DA:64,0
LF:18
LH:0
BRDA:1,0,0,0
BRDA:1,0,1,0
BRDA:27,1,0,0
BRDA:37,2,0,0
BRDA:46,3,0,0
BRDA:59,4,0,0
BRDA:61,5,0,0
BRDA:61,5,1,0
BRF:8
BRH:0
end_of_record
TN:
SF:src\lib\api\adminUsers.ts
FN:20,getUsers
FN:53,getUserById
FN:73,updateUser
FN:96,deleteUser
FN:115,getUserStats
FNF:5
FNH:0
FNDA:0,getUsers
FNDA:0,getUserById
FNDA:0,updateUser
FNDA:0,deleteUser
FNDA:0,getUserStats
DA:3,0
DA:20,0
DA:27,0
DA:28,0
DA:29,0
DA:32,0
DA:40,0
DA:46,0
DA:47,0
DA:50,0
DA:53,0
DA:54,0
DA:55,0
DA:56,0
DA:59,0
DA:65,0
DA:66,0
DA:67,0
DA:70,0
DA:73,0
DA:74,0
DA:75,0
DA:76,0
DA:79,0
DA:88,0
DA:89,0
DA:90,0
DA:93,0
DA:96,0
DA:97,0
DA:98,0
DA:99,0
DA:102,0
DA:109,0
DA:110,0
DA:111,0
DA:115,0
DA:121,0
DA:122,0
DA:123,0
DA:126,0
DA:132,0
DA:133,0
DA:136,0
LF:44
LH:0
BRDA:3,0,0,0
BRDA:3,0,1,0
BRDA:21,1,0,0
BRDA:22,2,0,0
BRDA:28,3,0,0
BRDA:35,4,0,0
BRDA:35,4,1,0
BRDA:36,5,0,0
BRDA:36,5,1,0
BRDA:37,6,0,0
BRDA:37,6,1,0
BRDA:46,7,0,0
BRDA:55,8,0,0
BRDA:65,9,0,0
BRDA:67,10,0,0
BRDA:67,10,1,0
BRDA:75,11,0,0
BRDA:88,12,0,0
BRDA:90,13,0,0
BRDA:90,13,1,0
BRDA:98,14,0,0
BRDA:109,15,0,0
BRDA:111,16,0,0
BRDA:111,16,1,0
BRDA:122,17,0,0
BRDA:132,18,0,0
BRF:26
BRH:0
end_of_record
TN:
SF:src\lib\api\applications.ts
FN:9,getCampaignApplications
FN:22,createApplication
FN:32,cancelApplication
FNF:3
FNH:0
FNDA:0,getCampaignApplications
FNDA:0,createApplication
FNDA:0,cancelApplication
DA:1,0
DA:9,0
DA:10,0
DA:11,0
DA:12,0
DA:13,0
DA:15,0
DA:16,0
DA:17,0
DA:19,0
DA:22,0
DA:23,0
DA:26,0
DA:27,0
DA:29,0
DA:32,0
DA:33,0
DA:36,0
DA:37,0
DA:39,0
LF:20
LH:0
BRDA:9,0,0,0
BRDA:11,1,0,0
BRDA:12,2,0,0
BRDA:13,3,0,0
BRDA:16,4,0,0
BRDA:26,5,0,0
BRDA:36,6,0,0
BRF:7
BRH:0
end_of_record
TN:
SF:src\lib\api\campaigns.ts
FN:67,getCampaigns
FN:70,(anonymous_8)
FN:71,(anonymous_9)
FN:93,getCampaign
FN:113,applyCampaign
FN:127,(anonymous_12)
FN:138,toggleBookmark
FN:151,(anonymous_14)
FN:162,prefetchCampaign
FN:165,(anonymous_16)
FN:172,prefetchCampaigns
FN:175,(anonymous_18)
FN:176,(anonymous_19)
FN:181,(anonymous_20)
FNF:14
FNH:0
FNDA:0,getCampaigns
FNDA:0,(anonymous_8)
FNDA:0,(anonymous_9)
FNDA:0,getCampaign
FNDA:0,applyCampaign
FNDA:0,(anonymous_12)
FNDA:0,toggleBookmark
FNDA:0,(anonymous_14)
FNDA:0,prefetchCampaign
FNDA:0,(anonymous_16)
FNDA:0,prefetchCampaigns
FNDA:0,(anonymous_18)
FNDA:0,(anonymous_19)
FNDA:0,(anonymous_20)
DA:2,2
DA:3,2
DA:4,2
DA:6,2
DA:67,1
DA:68,0
DA:70,0
DA:71,0
DA:74,0
DA:75,0
DA:77,0
DA:78,0
DA:81,0
DA:82,0
DA:83,0
DA:85,0
DA:86,0
DA:88,0
DA:93,1
DA:94,0
DA:95,0
DA:97,0
DA:98,0
DA:101,0
DA:102,0
DA:103,0
DA:105,0
DA:106,0
DA:108,0
DA:113,1
DA:114,0
DA:115,0
DA:123,0
DA:126,0
DA:127,0
DA:128,0
DA:129,0
DA:133,0
DA:138,1
DA:139,0
DA:140,0
DA:147,0
DA:150,0
DA:151,0
DA:152,0
DA:153,0
DA:157,0
DA:162,1
DA:163,0
DA:164,0
DA:165,0
DA:172,1
DA:173,0
DA:175,0
DA:176,0
DA:179,0
DA:180,0
DA:181,0
LF:58
LH:10
BRDA:67,0,0,0
BRDA:77,1,0,0
BRDA:97,2,0,0
BRDA:128,3,0,0
BRDA:152,4,0,0
BRDA:164,5,0,0
BRDA:172,6,0,0
BRDA:180,7,0,0
BRF:8
BRH:0
end_of_record
TN:
SF:src\lib\api\error.ts
FN:2,(anonymous_7)
FN:17,handleAPIError
FN:42,handleResponse
FN:44,(anonymous_10)
FN:58,getErrorMessage
FNF:5
FNH:0
FNDA:0,(anonymous_7)
FNDA:0,handleAPIError
FNDA:0,handleResponse
FNDA:0,(anonymous_10)
FNDA:0,getErrorMessage
DA:1,0
DA:4,0
DA:5,0
DA:7,0
DA:8,0
DA:17,0
DA:18,0
DA:19,0
DA:22,0
DA:23,0
DA:29,0
DA:30,0
DA:36,0
DA:42,0
DA:43,0
DA:44,0
DA:48,0
DA:55,0
DA:58,0
DA:59,0
DA:60,0
DA:63,0
DA:64,0
DA:67,0
DA:70,2
DA:79,2
LF:26
LH:2
BRDA:18,0,0,0
BRDA:22,1,0,0
BRDA:29,2,0,0
BRDA:43,3,0,0
BRDA:59,4,0,0
BRDA:63,5,0,0
BRF:6
BRH:0
end_of_record
TN:
SF:src\lib\api\notifications.ts
FN:28,getNotifications
FN:48,markNotificationAsRead
FN:64,markAllNotificationsAsRead
FN:77,deleteNotification
FN:93,getNotificationPreferences
FN:109,updateNotificationPreferences
FN:129,createNotification
FN:172,subscribeToWebPush
FNF:8
FNH:0
FNDA:0,getNotifications
FNDA:0,markNotificationAsRead
FNDA:0,markAllNotificationsAsRead
FNDA:0,deleteNotification
FNDA:0,getNotificationPreferences
FNDA:0,updateNotificationPreferences
FNDA:0,createNotification
FNDA:0,subscribeToWebPush
DA:2,0
DA:28,0
DA:33,0
DA:40,0
DA:41,0
DA:44,0
DA:48,0
DA:49,0
DA:56,0
DA:57,0
DA:60,0
DA:64,0
DA:65,0
DA:66,0
DA:71,0
DA:72,0
DA:77,0
DA:78,0
DA:85,0
DA:86,0
DA:89,0
DA:93,0
DA:94,0
DA:101,0
DA:102,0
DA:105,0
DA:109,0
DA:113,0
DA:121,0
DA:122,0
DA:125,0
DA:129,0
DA:130,0
DA:132,0
DA:137,0
DA:138,0
DA:142,0
DA:156,0
DA:164,0
DA:166,0
DA:167,0
DA:172,0
DA:173,0
DA:175,0
DA:176,0
DA:180,0
DA:181,0
DA:182,0
DA:192,0
DA:194,0
DA:195,0
LF:51
LH:0
BRDA:30,0,0,0
BRDA:31,1,0,0
BRDA:40,2,0,0
BRDA:56,3,0,0
BRDA:85,4,0,0
BRDA:101,5,0,0
BRDA:121,6,0,0
BRDA:137,7,0,0
BRDA:137,8,0,0
BRDA:137,8,1,0
BRDA:175,9,0,0
BRDA:181,10,0,0
BRF:12
BRH:0
end_of_record
TN:
SF:src\lib\api\upload.ts
FN:8,uploadImage
FN:31,deleteImage
FNF:2
FNH:0
FNDA:0,uploadImage
FNDA:0,deleteImage
DA:1,0
DA:8,0
DA:9,0
DA:11,0
DA:14,0
DA:21,0
DA:26,0
DA:27,0
DA:31,0
DA:32,0
DA:33,0
DA:35,0
DA:36,0
LF:13
LH:0
BRF:0
BRH:0
end_of_record
TN:
SF:src\lib\api\users.ts
FN:13,getBookmarkedCampaigns
FN:35,getAppliedCampaigns
FN:57,getProfile
FN:79,updateProfile
FNF:4
FNH:0
FNDA:0,getBookmarkedCampaigns
FNDA:0,getAppliedCampaigns
FNDA:0,getProfile
FNDA:0,updateProfile
DA:4,0
DA:13,0
DA:14,0
DA:15,0
DA:16,0
DA:19,0
DA:28,0
DA:29,0
DA:32,0
DA:35,0
DA:36,0
DA:37,0
DA:38,0
DA:41,0
DA:50,0
DA:51,0
DA:54,0
DA:57,0
DA:58,0
DA:59,0
DA:60,0
DA:63,0
DA:72,0
DA:73,0
DA:76,0
DA:79,0
DA:80,0
DA:81,0
DA:82,0
DA:85,0
DA:97,0
DA:98,0
DA:101,0
LF:33
LH:0
BRDA:4,0,0,0
BRDA:4,0,1,0
BRDA:13,1,0,0
BRDA:13,2,0,0
BRDA:15,3,0,0
BRDA:28,4,0,0
BRDA:35,5,0,0
BRDA:35,6,0,0
BRDA:37,7,0,0
BRDA:50,8,0,0
BRDA:59,9,0,0
BRDA:72,10,0,0
BRDA:81,11,0,0
BRDA:97,12,0,0
BRF:14
BRH:0
end_of_record
TN:
SF:src\middleware\adminAuth.ts
FN:7,middleware
FNF:1
FNH:0
FNDA:0,middleware
DA:1,0
DA:3,0
DA:5,0
DA:7,0
DA:9,0
DA:10,0
DA:12,0
DA:13,0
DA:20,0
DA:21,0
DA:22,0
DA:28,0
DA:29,0
DA:35,0
DA:36,0
DA:43,0
DA:45,0
DA:52,0
LF:18
LH:0
BRDA:5,0,0,0
BRDA:5,0,1,0
BRDA:12,1,0,0
BRDA:12,2,0,0
BRDA:12,2,1,0
BRDA:12,2,2,0
BRDA:21,3,0,0
BRDA:35,4,0,0
BRF:8
BRH:0
end_of_record
TN:
SF:src\pages\_document.tsx
FN:4,Document
FNF:1
FNH:0
FNDA:0,Document
DA:1,0
DA:2,0
DA:4,0
LF:3
LH:0
BRF:0
BRH:0
end_of_record
TN:
SF:src\pages\page.tsx
FN:3,Home
FNF:1
FNH:0
FNDA:0,Home
DA:1,0
DA:3,0
LF:2
LH:0
BRF:0
BRH:0
end_of_record
TN:
SF:src\test\utils.tsx
FN:10,(anonymous_0)
FN:11,(anonymous_1)
FN:22,(anonymous_2)
FN:29,Wrapper
FN:37,render
FN:45,createMockCampaign
FN:82,mockApiResponse
FN:86,(anonymous_16)
FNF:8
FNH:4
FNDA:1,(anonymous_0)
FNDA:22,(anonymous_1)
FNDA:0,(anonymous_2)
FNDA:15,Wrapper
FNDA:15,render
FNDA:0,createMockCampaign
FNDA:0,mockApiResponse
FNDA:0,(anonymous_16)
DA:1,1
DA:2,1
DA:3,1
DA:4,1
DA:10,1
DA:11,22
DA:22,0
DA:38,15
DA:45,0
DA:46,0
DA:82,0
DA:83,0
DA:86,0
DA:91,0
DA:92,15
LF:15
LH:8
BRDA:37,0,0,15
BRDA:45,1,0,0
BRDA:82,2,0,0
BRDA:84,3,0,0
BRDA:84,3,1,0
BRF:5
BRH:1
end_of_record
TN:
SF:src\test\mocks\AuthContext.tsx
FN:31,TestAuthProvider
FN:37,(anonymous_7)
FN:50,(anonymous_8)
FN:56,(anonymous_9)
FN:86,useAuth
FNF:5
FNH:0
FNDA:0,TestAuthProvider
FNDA:0,(anonymous_7)
FNDA:0,(anonymous_8)
FNDA:0,(anonymous_9)
FNDA:0,useAuth
DA:1,0
DA:14,0
DA:16,0
DA:31,0
DA:32,0
DA:33,0
DA:34,0
DA:35,0
DA:37,0
DA:38,0
DA:39,0
DA:40,0
DA:41,0
DA:42,0
DA:44,0
DA:46,0
DA:50,0
DA:51,0
DA:52,0
DA:53,0
DA:56,0
DA:57,0
DA:58,0
DA:59,0
DA:60,0
DA:61,0
DA:63,0
DA:65,0
DA:86,0
DA:87,0
DA:88,0
DA:89,0
DA:91,0
LF:33
LH:0
BRDA:88,0,0,0
BRF:1
BRH:0
end_of_record
